Mon May 13 10:44:15 CEST 2024
MaxEnt version 3.4.4
Reading file Back_swd.csv
readGrid: max memory 477626368, total allocated 128974848, free 115330216, used 13644632, increment 13644632
Reading samples from Sp_swd.csv
Read samples: max memory 477626368, total allocated 128974848, free 98971984, used 30002864, increment 16358232
Making features
makeFeatures: max memory 477626368, total allocated 128974848, free 96920864, used 32053984, increment 2051120
Command line used:  environmentallayers=D:/DOTTORATO/PROGETTI/PAULLILATINO/PAPER_2/SDM_R_PROJECT/SDM_biomod2_50m/Phytophthora/models/20240513_1034_42/Phytophthora_PA3_RUN8_MAXENT_outputs/Back_swd.csv samplesfile=D:/DOTTORATO/PROGETTI/PAULLILATINO/PAPER_2/SDM_R_PROJECT/SDM_biomod2_50m/Phytophthora/models/20240513_1034_42/Phytophthora_PA3_RUN8_MAXENT_outputs/Sp_swd.csv projectionlayers=D:/DOTTORATO/PROGETTI/PAULLILATINO/PAPER_2/SDM_R_PROJECT/SDM_biomod2_50m/Phytophthora/models/20240513_1034_42/Phytophthora_PA3_RUN8_MAXENT_outputs/Predictions/Pred_swd.csv outputdirectory=D:/DOTTORATO/PROGETTI/PAULLILATINO/PAPER_2/SDM_R_PROJECT/SDM_biomod2_50m/Phytophthora/models/20240513_1034_42/Phytophthora_PA3_RUN8_MAXENT_outputs outputformat=logistic redoifexists visible=FALSE linear=TRUE quadratic=TRUE product=TRUE threshold=TRUE hinge=TRUE lq2lqptthreshold=80 l2lqthreshold=10 hingethreshold=15 beta_threshold=-1 beta_categorical=-1 beta_lqp=-1 beta_hinge=-1 betamultiplier=1 defaultprevalence=0.5 autorun nowarnings notooltips noaddsamplestobackground
Command line to repeat: java density.MaxEnt nowarnings noprefixes outputformat=logistic outputdirectory=D:/DOTTORATO/PROGETTI/PAULLILATINO/PAPER_2/SDM_R_PROJECT/SDM_biomod2_50m/Phytophthora/models/20240513_1034_42/Phytophthora_PA3_RUN8_MAXENT_outputs projectionlayers=D:/DOTTORATO/PROGETTI/PAULLILATINO/PAPER_2/SDM_R_PROJECT/SDM_biomod2_50m/Phytophthora/models/20240513_1034_42/Phytophthora_PA3_RUN8_MAXENT_outputs/Predictions/Pred_swd.csv samplesfile=D:/DOTTORATO/PROGETTI/PAULLILATINO/PAPER_2/SDM_R_PROJECT/SDM_biomod2_50m/Phytophthora/models/20240513_1034_42/Phytophthora_PA3_RUN8_MAXENT_outputs/Sp_swd.csv environmentallayers=D:/DOTTORATO/PROGETTI/PAULLILATINO/PAPER_2/SDM_R_PROJECT/SDM_biomod2_50m/Phytophthora/models/20240513_1034_42/Phytophthora_PA3_RUN8_MAXENT_outputs/Back_swd.csv nowarnings notooltips noaskoverwrite threshold noaddsamplestobackground autorun novisible
Species: Phytophthora_PA3_RUN8
Layers: BIO16 aspect fla nitrogen rivers roads sand
Layertypes: Continuous Continuous Continuous Continuous Continuous Continuous Continuous
outputformat: logistic
outputdirectory: D:/DOTTORATO/PROGETTI/PAULLILATINO/PAPER_2/SDM_R_PROJECT/SDM_biomod2_50m/Phytophthora/models/20240513_1034_42/Phytophthora_PA3_RUN8_MAXENT_outputs
projectionlayers: D:/DOTTORATO/PROGETTI/PAULLILATINO/PAPER_2/SDM_R_PROJECT/SDM_biomod2_50m/Phytophthora/models/20240513_1034_42/Phytophthora_PA3_RUN8_MAXENT_outputs/Predictions/Pred_swd.csv
samplesfile: D:/DOTTORATO/PROGETTI/PAULLILATINO/PAPER_2/SDM_R_PROJECT/SDM_biomod2_50m/Phytophthora/models/20240513_1034_42/Phytophthora_PA3_RUN8_MAXENT_outputs/Sp_swd.csv
environmentallayers: D:/DOTTORATO/PROGETTI/PAULLILATINO/PAPER_2/SDM_R_PROJECT/SDM_biomod2_50m/Phytophthora/models/20240513_1034_42/Phytophthora_PA3_RUN8_MAXENT_outputs/Back_swd.csv
warnings: false
tooltips: false
askoverwrite: false
threshold: true
addsamplestobackground: false
autorun: true
visible: false

getSamples: max memory 477626368, total allocated 128974848, free 96920864, used 32053984, increment 0
Phytophthora_PA3_RUN8: 
Regularization values: linear/quadratic/product: 0.164, categorical: 0.250, threshold: 1.400, hinge: 0.500
60 samples
Density: max memory 477626368, total allocated 128974848, free 125292744, used 3682104, increment -28371880
linearPredictor: max memory 477626368, total allocated 128974848, free 125292744, used 3682104, increment 0
FeaturedSpace: max memory 477626368, total allocated 128974848, free 125292744, used 3682104, increment 0
Sequential: max memory 477626368, total allocated 128974848, free 125292744, used 3682104, increment 0
Initial loss: 6.684611727667927
Time since start: 1.842
500: time = 1,660000 loss = 6,100692
Resulting gain: 0.5839195697246771
Projecting...
Writing file D:\DOTTORATO\PROGETTI\PAULLILATINO\PAPER_2\SDM_R_PROJECT\SDM_biomod2_50m\Phytophthora\models\20240513_1034_42\Phytophthora_PA3_RUN8_MAXENT_outputs\Phytophthora_PA3_RUN8.csv
Projecting...
Reading file Pred_swd.csv
readGrid: max memory 477626368, total allocated 216530944, free 103986824, used 112544120, increment 108862016
Time since start: 2.858
Writing file D:\DOTTORATO\PROGETTI\PAULLILATINO\PAPER_2\SDM_R_PROJECT\SDM_biomod2_50m\Phytophthora\models\20240513_1034_42\Phytophthora_PA3_RUN8_MAXENT_outputs\Phytophthora_PA3_RUN8_Pred_swd.csv
Writing file D:\DOTTORATO\PROGETTI\PAULLILATINO\PAPER_2\SDM_R_PROJECT\SDM_biomod2_50m\Phytophthora\models\20240513_1034_42\Phytophthora_PA3_RUN8_MAXENT_outputs\Phytophthora_PA3_RUN8_Pred_swd_clamping.csv
Ending
