Thu Jul 04 15:14:18 CEST 2024
MaxEnt version 3.4.4
Reading file Back_swd.csv
readGrid: max memory 477626368, total allocated 128974848, free 106044080, used 22930768, increment 22930768
Reading samples from Sp_swd.csv
Read samples: max memory 477626368, total allocated 128974848, free 108036968, used 20937880, increment -1992888
Making features
makeFeatures: max memory 477626368, total allocated 128974848, free 106625888, used 22348960, increment 1411080
Command line used:  environmentallayers=D:/DOTTORATO/PROGETTI/PAULLILATINO/PAPER_2/SDM_R_PROJECT/SDM_biomod2_50m/Phytophthora/models/20240704_1446_08/Phytophthora_PA13_allRun_MAXENT_outputs/Back_swd.csv samplesfile=D:/DOTTORATO/PROGETTI/PAULLILATINO/PAPER_2/SDM_R_PROJECT/SDM_biomod2_50m/Phytophthora/models/20240704_1446_08/Phytophthora_PA13_allRun_MAXENT_outputs/Sp_swd.csv projectionlayers=D:/DOTTORATO/PROGETTI/PAULLILATINO/PAPER_2/SDM_R_PROJECT/SDM_biomod2_50m/Phytophthora/models/20240704_1446_08/Phytophthora_PA13_allRun_MAXENT_outputs/Predictions/Pred_swd.csv outputdirectory=D:/DOTTORATO/PROGETTI/PAULLILATINO/PAPER_2/SDM_R_PROJECT/SDM_biomod2_50m/Phytophthora/models/20240704_1446_08/Phytophthora_PA13_allRun_MAXENT_outputs outputformat=logistic redoifexists visible=TRUE linear=TRUE quadratic=TRUE product=TRUE threshold=TRUE hinge=TRUE lq2lqptthreshold=80 l2lqthreshold=10 hingethreshold=15 beta_threshold=0 beta_categorical=-1 beta_lqp=-1 beta_hinge=-1 betamultiplier=1 defaultprevalence=0.5 autorun nowarnings notooltips noaddsamplestobackground
Command line to repeat: java density.MaxEnt nowarnings noprefixes outputformat=logistic outputdirectory=D:/DOTTORATO/PROGETTI/PAULLILATINO/PAPER_2/SDM_R_PROJECT/SDM_biomod2_50m/Phytophthora/models/20240704_1446_08/Phytophthora_PA13_allRun_MAXENT_outputs projectionlayers=D:/DOTTORATO/PROGETTI/PAULLILATINO/PAPER_2/SDM_R_PROJECT/SDM_biomod2_50m/Phytophthora/models/20240704_1446_08/Phytophthora_PA13_allRun_MAXENT_outputs/Predictions/Pred_swd.csv samplesfile=D:/DOTTORATO/PROGETTI/PAULLILATINO/PAPER_2/SDM_R_PROJECT/SDM_biomod2_50m/Phytophthora/models/20240704_1446_08/Phytophthora_PA13_allRun_MAXENT_outputs/Sp_swd.csv environmentallayers=D:/DOTTORATO/PROGETTI/PAULLILATINO/PAPER_2/SDM_R_PROJECT/SDM_biomod2_50m/Phytophthora/models/20240704_1446_08/Phytophthora_PA13_allRun_MAXENT_outputs/Back_swd.csv nowarnings notooltips noaskoverwrite threshold noaddsamplestobackground autorun beta_threshold=0.0
Species: Phytophthora_PA13_allRun
Layers: BIO03 BIO06 fla green rivers roads soc wo
Layertypes: Continuous Continuous Continuous Continuous Continuous Continuous Continuous Continuous
outputformat: logistic
outputdirectory: D:/DOTTORATO/PROGETTI/PAULLILATINO/PAPER_2/SDM_R_PROJECT/SDM_biomod2_50m/Phytophthora/models/20240704_1446_08/Phytophthora_PA13_allRun_MAXENT_outputs
projectionlayers: D:/DOTTORATO/PROGETTI/PAULLILATINO/PAPER_2/SDM_R_PROJECT/SDM_biomod2_50m/Phytophthora/models/20240704_1446_08/Phytophthora_PA13_allRun_MAXENT_outputs/Predictions/Pred_swd.csv
samplesfile: D:/DOTTORATO/PROGETTI/PAULLILATINO/PAPER_2/SDM_R_PROJECT/SDM_biomod2_50m/Phytophthora/models/20240704_1446_08/Phytophthora_PA13_allRun_MAXENT_outputs/Sp_swd.csv
environmentallayers: D:/DOTTORATO/PROGETTI/PAULLILATINO/PAPER_2/SDM_R_PROJECT/SDM_biomod2_50m/Phytophthora/models/20240704_1446_08/Phytophthora_PA13_allRun_MAXENT_outputs/Back_swd.csv
warnings: false
tooltips: false
askoverwrite: false
threshold: true
addsamplestobackground: false
autorun: true
beta_threshold: 0.0

getSamples: max memory 477626368, total allocated 128974848, free 106625888, used 22348960, increment 0
Phytophthora_PA13_allRun: 
Regularization values: linear/quadratic/product: 0.247, categorical: 0.250, threshold: 0.000, hinge: 0.500
31 samples
Density: max memory 477626368, total allocated 128974848, free 103313264, used 25661584, increment 3312624
linearPredictor: max memory 477626368, total allocated 128974848, free 103313264, used 25661584, increment 0
FeaturedSpace: max memory 477626368, total allocated 128974848, free 103313264, used 25661584, increment 0
Sequential: max memory 477626368, total allocated 128974848, free 103313264, used 25661584, increment 0
Initial loss: 6.907755278982137
Time since start: 1.577
300: time = 1,374000 loss = 6,210574
Resulting gain: 0.6971814239940413
Projecting...
Writing file D:\DOTTORATO\PROGETTI\PAULLILATINO\PAPER_2\SDM_R_PROJECT\SDM_biomod2_50m\Phytophthora\models\20240704_1446_08\Phytophthora_PA13_allRun_MAXENT_outputs\Phytophthora_PA13_allRun.csv
Projecting...
Reading file Pred_swd.csv
readGrid: max memory 477626368, total allocated 257425408, free 219500048, used 37925360, increment 12263776
Writing file D:\DOTTORATO\PROGETTI\PAULLILATINO\PAPER_2\SDM_R_PROJECT\SDM_biomod2_50m\Phytophthora\models\20240704_1446_08\Phytophthora_PA13_allRun_MAXENT_outputs\Phytophthora_PA13_allRun_Pred_swd.csv
Writing file D:\DOTTORATO\PROGETTI\PAULLILATINO\PAPER_2\SDM_R_PROJECT\SDM_biomod2_50m\Phytophthora\models\20240704_1446_08\Phytophthora_PA13_allRun_MAXENT_outputs\Phytophthora_PA13_allRun_Pred_swd_clamping.csv
Ending
