Wed Jun 12 15:54:05 CEST 2024
MaxEnt version 3.4.4
Reading file Back_swd.csv
readGrid: max memory 477626368, total allocated 128974848, free 115845832, used 13129016, increment 13129016
Reading samples from Sp_swd.csv
Read samples: max memory 477626368, total allocated 128974848, free 99487936, used 29486912, increment 16357896
Making features
makeFeatures: max memory 477626368, total allocated 128974848, free 98118384, used 30856464, increment 1369552
Command line used:  environmentallayers=D:/DOTTORATO/PROGETTI/PAULLILATINO/PAPER_2/SDM_R_PROJECT/SDM_biomod2_50m/Phytophthora/models/20240612_1546_11/Phytophthora_PA3_RUN5_MAXENT_outputs/Back_swd.csv samplesfile=D:/DOTTORATO/PROGETTI/PAULLILATINO/PAPER_2/SDM_R_PROJECT/SDM_biomod2_50m/Phytophthora/models/20240612_1546_11/Phytophthora_PA3_RUN5_MAXENT_outputs/Sp_swd.csv projectionlayers=D:/DOTTORATO/PROGETTI/PAULLILATINO/PAPER_2/SDM_R_PROJECT/SDM_biomod2_50m/Phytophthora/models/20240612_1546_11/Phytophthora_PA3_RUN5_MAXENT_outputs/Predictions/Pred_swd.csv outputdirectory=D:/DOTTORATO/PROGETTI/PAULLILATINO/PAPER_2/SDM_R_PROJECT/SDM_biomod2_50m/Phytophthora/models/20240612_1546_11/Phytophthora_PA3_RUN5_MAXENT_outputs outputformat=logistic redoifexists visible=FALSE linear=TRUE quadratic=TRUE product=TRUE threshold=TRUE hinge=TRUE lq2lqptthreshold=80 l2lqthreshold=10 hingethreshold=15 beta_threshold=-1 beta_categorical=-1 beta_lqp=-1 beta_hinge=-1 betamultiplier=1 defaultprevalence=0.5 autorun nowarnings notooltips noaddsamplestobackground
Command line to repeat: java density.MaxEnt nowarnings noprefixes outputformat=logistic outputdirectory=D:/DOTTORATO/PROGETTI/PAULLILATINO/PAPER_2/SDM_R_PROJECT/SDM_biomod2_50m/Phytophthora/models/20240612_1546_11/Phytophthora_PA3_RUN5_MAXENT_outputs projectionlayers=D:/DOTTORATO/PROGETTI/PAULLILATINO/PAPER_2/SDM_R_PROJECT/SDM_biomod2_50m/Phytophthora/models/20240612_1546_11/Phytophthora_PA3_RUN5_MAXENT_outputs/Predictions/Pred_swd.csv samplesfile=D:/DOTTORATO/PROGETTI/PAULLILATINO/PAPER_2/SDM_R_PROJECT/SDM_biomod2_50m/Phytophthora/models/20240612_1546_11/Phytophthora_PA3_RUN5_MAXENT_outputs/Sp_swd.csv environmentallayers=D:/DOTTORATO/PROGETTI/PAULLILATINO/PAPER_2/SDM_R_PROJECT/SDM_biomod2_50m/Phytophthora/models/20240612_1546_11/Phytophthora_PA3_RUN5_MAXENT_outputs/Back_swd.csv nowarnings notooltips noaskoverwrite threshold noaddsamplestobackground autorun novisible
Species: Phytophthora_PA3_RUN5
Layers: BIO03 BIO06 BIO15 green rivers roads soc wo
Layertypes: Continuous Continuous Continuous Continuous Continuous Continuous Continuous Continuous
outputformat: logistic
outputdirectory: D:/DOTTORATO/PROGETTI/PAULLILATINO/PAPER_2/SDM_R_PROJECT/SDM_biomod2_50m/Phytophthora/models/20240612_1546_11/Phytophthora_PA3_RUN5_MAXENT_outputs
projectionlayers: D:/DOTTORATO/PROGETTI/PAULLILATINO/PAPER_2/SDM_R_PROJECT/SDM_biomod2_50m/Phytophthora/models/20240612_1546_11/Phytophthora_PA3_RUN5_MAXENT_outputs/Predictions/Pred_swd.csv
samplesfile: D:/DOTTORATO/PROGETTI/PAULLILATINO/PAPER_2/SDM_R_PROJECT/SDM_biomod2_50m/Phytophthora/models/20240612_1546_11/Phytophthora_PA3_RUN5_MAXENT_outputs/Sp_swd.csv
environmentallayers: D:/DOTTORATO/PROGETTI/PAULLILATINO/PAPER_2/SDM_R_PROJECT/SDM_biomod2_50m/Phytophthora/models/20240612_1546_11/Phytophthora_PA3_RUN5_MAXENT_outputs/Back_swd.csv
warnings: false
tooltips: false
askoverwrite: false
threshold: true
addsamplestobackground: false
autorun: true
visible: false

getSamples: max memory 477626368, total allocated 128974848, free 98118384, used 30856464, increment 0
Phytophthora_PA3_RUN5: 
Regularization values: linear/quadratic/product: 0.346, categorical: 0.250, threshold: 1.750, hinge: 0.500
25 samples
Density: max memory 477626368, total allocated 128974848, free 95283648, used 33691200, increment 2834736
linearPredictor: max memory 477626368, total allocated 128974848, free 95283648, used 33691200, increment 0
FeaturedSpace: max memory 477626368, total allocated 128974848, free 95283648, used 33691200, increment 0
Sequential: max memory 477626368, total allocated 128974848, free 95283648, used 33691200, increment 0
Initial loss: 6.684611727667927
Time since start: 2.694
360: time = 2,223000 loss = 5,902711
Resulting gain: 0.7819009191623261
Time since start: 4.15
Projecting...
Writing file D:\DOTTORATO\PROGETTI\PAULLILATINO\PAPER_2\SDM_R_PROJECT\SDM_biomod2_50m\Phytophthora\models\20240612_1546_11\Phytophthora_PA3_RUN5_MAXENT_outputs\Phytophthora_PA3_RUN5.csv
Projecting...
Reading file Pred_swd.csv
readGrid: max memory 477626368, total allocated 261095424, free 217660384, used 43435040, increment 9743840
Writing file D:\DOTTORATO\PROGETTI\PAULLILATINO\PAPER_2\SDM_R_PROJECT\SDM_biomod2_50m\Phytophthora\models\20240612_1546_11\Phytophthora_PA3_RUN5_MAXENT_outputs\Phytophthora_PA3_RUN5_Pred_swd.csv
Writing file D:\DOTTORATO\PROGETTI\PAULLILATINO\PAPER_2\SDM_R_PROJECT\SDM_biomod2_50m\Phytophthora\models\20240612_1546_11\Phytophthora_PA3_RUN5_MAXENT_outputs\Phytophthora_PA3_RUN5_Pred_swd_clamping.csv
Ending
