Wed Jun 12 15:58:48 CEST 2024
MaxEnt version 3.4.4
Reading file Back_swd.csv
readGrid: max memory 477626368, total allocated 128974848, free 116524048, used 12450800, increment 12450800
Reading samples from Sp_swd.csv
Read samples: max memory 477626368, total allocated 128974848, free 99468224, used 29506624, increment 17055824
Making features
makeFeatures: max memory 477626368, total allocated 128974848, free 98098672, used 30876176, increment 1369552
Command line used:  environmentallayers=D:/DOTTORATO/PROGETTI/PAULLILATINO/PAPER_2/SDM_R_PROJECT/SDM_biomod2_50m/Phytophthora/models/20240612_1546_11/Phytophthora_PA3_RUN8_MAXENT_outputs/Back_swd.csv samplesfile=D:/DOTTORATO/PROGETTI/PAULLILATINO/PAPER_2/SDM_R_PROJECT/SDM_biomod2_50m/Phytophthora/models/20240612_1546_11/Phytophthora_PA3_RUN8_MAXENT_outputs/Sp_swd.csv projectionlayers=D:/DOTTORATO/PROGETTI/PAULLILATINO/PAPER_2/SDM_R_PROJECT/SDM_biomod2_50m/Phytophthora/models/20240612_1546_11/Phytophthora_PA3_RUN8_MAXENT_outputs/Predictions/Pred_swd.csv outputdirectory=D:/DOTTORATO/PROGETTI/PAULLILATINO/PAPER_2/SDM_R_PROJECT/SDM_biomod2_50m/Phytophthora/models/20240612_1546_11/Phytophthora_PA3_RUN8_MAXENT_outputs outputformat=logistic redoifexists visible=FALSE linear=TRUE quadratic=TRUE product=TRUE threshold=TRUE hinge=TRUE lq2lqptthreshold=80 l2lqthreshold=10 hingethreshold=15 beta_threshold=-1 beta_categorical=-1 beta_lqp=-1 beta_hinge=-1 betamultiplier=1 defaultprevalence=0.5 autorun nowarnings notooltips noaddsamplestobackground
Command line to repeat: java density.MaxEnt nowarnings noprefixes outputformat=logistic outputdirectory=D:/DOTTORATO/PROGETTI/PAULLILATINO/PAPER_2/SDM_R_PROJECT/SDM_biomod2_50m/Phytophthora/models/20240612_1546_11/Phytophthora_PA3_RUN8_MAXENT_outputs projectionlayers=D:/DOTTORATO/PROGETTI/PAULLILATINO/PAPER_2/SDM_R_PROJECT/SDM_biomod2_50m/Phytophthora/models/20240612_1546_11/Phytophthora_PA3_RUN8_MAXENT_outputs/Predictions/Pred_swd.csv samplesfile=D:/DOTTORATO/PROGETTI/PAULLILATINO/PAPER_2/SDM_R_PROJECT/SDM_biomod2_50m/Phytophthora/models/20240612_1546_11/Phytophthora_PA3_RUN8_MAXENT_outputs/Sp_swd.csv environmentallayers=D:/DOTTORATO/PROGETTI/PAULLILATINO/PAPER_2/SDM_R_PROJECT/SDM_biomod2_50m/Phytophthora/models/20240612_1546_11/Phytophthora_PA3_RUN8_MAXENT_outputs/Back_swd.csv nowarnings notooltips noaskoverwrite threshold noaddsamplestobackground autorun novisible
Species: Phytophthora_PA3_RUN8
Layers: BIO03 BIO06 BIO15 green rivers roads soc wo
Layertypes: Continuous Continuous Continuous Continuous Continuous Continuous Continuous Continuous
outputformat: logistic
outputdirectory: D:/DOTTORATO/PROGETTI/PAULLILATINO/PAPER_2/SDM_R_PROJECT/SDM_biomod2_50m/Phytophthora/models/20240612_1546_11/Phytophthora_PA3_RUN8_MAXENT_outputs
projectionlayers: D:/DOTTORATO/PROGETTI/PAULLILATINO/PAPER_2/SDM_R_PROJECT/SDM_biomod2_50m/Phytophthora/models/20240612_1546_11/Phytophthora_PA3_RUN8_MAXENT_outputs/Predictions/Pred_swd.csv
samplesfile: D:/DOTTORATO/PROGETTI/PAULLILATINO/PAPER_2/SDM_R_PROJECT/SDM_biomod2_50m/Phytophthora/models/20240612_1546_11/Phytophthora_PA3_RUN8_MAXENT_outputs/Sp_swd.csv
environmentallayers: D:/DOTTORATO/PROGETTI/PAULLILATINO/PAPER_2/SDM_R_PROJECT/SDM_biomod2_50m/Phytophthora/models/20240612_1546_11/Phytophthora_PA3_RUN8_MAXENT_outputs/Back_swd.csv
warnings: false
tooltips: false
askoverwrite: false
threshold: true
addsamplestobackground: false
autorun: true
visible: false

getSamples: max memory 477626368, total allocated 128974848, free 98098672, used 30876176, increment 0
Phytophthora_PA3_RUN8: 
Regularization values: linear/quadratic/product: 0.365, categorical: 0.250, threshold: 1.760, hinge: 0.500
24 samples
Density: max memory 477626368, total allocated 128974848, free 95365808, used 33609040, increment 2732864
linearPredictor: max memory 477626368, total allocated 128974848, free 95365808, used 33609040, increment 0
FeaturedSpace: max memory 477626368, total allocated 128974848, free 95365808, used 33609040, increment 0
Sequential: max memory 477626368, total allocated 128974848, free 95365808, used 33609040, increment 0
Initial loss: 6.684611727667927
Time since start: 1.901
500: time = 1,680000 loss = 5,846168
Resulting gain: 0.8384434677131152
Time since start: 3.417
Projecting...
Writing file D:\DOTTORATO\PROGETTI\PAULLILATINO\PAPER_2\SDM_R_PROJECT\SDM_biomod2_50m\Phytophthora\models\20240612_1546_11\Phytophthora_PA3_RUN8_MAXENT_outputs\Phytophthora_PA3_RUN8.csv
Projecting...
Reading file Pred_swd.csv
readGrid: max memory 477626368, total allocated 220200960, free 198454400, used 21746560, increment -11862480
Writing file D:\DOTTORATO\PROGETTI\PAULLILATINO\PAPER_2\SDM_R_PROJECT\SDM_biomod2_50m\Phytophthora\models\20240612_1546_11\Phytophthora_PA3_RUN8_MAXENT_outputs\Phytophthora_PA3_RUN8_Pred_swd.csv
Writing file D:\DOTTORATO\PROGETTI\PAULLILATINO\PAPER_2\SDM_R_PROJECT\SDM_biomod2_50m\Phytophthora\models\20240612_1546_11\Phytophthora_PA3_RUN8_MAXENT_outputs\Phytophthora_PA3_RUN8_Pred_swd_clamping.csv
Ending
