Mon May 13 18:28:39 CEST 2024
MaxEnt version 3.4.4
Reading file Back_swd.csv
readGrid: max memory 477626368, total allocated 128974848, free 115329976, used 13644872, increment 13644872
Reading samples from Sp_swd.csv
Read samples: max memory 477626368, total allocated 128974848, free 113950440, used 15024408, increment 1379536
Making features
makeFeatures: max memory 477626368, total allocated 128974848, free 111215312, used 17759536, increment 2735128
Command line used:  environmentallayers=D:/DOTTORATO/PROGETTI/PAULLILATINO/PAPER_2/SDM_R_PROJECT/SDM_biomod2_50m/Phytophthora/models/20240513_1821_31/Phytophthora_PA1_RUN9_MAXENT_outputs/Back_swd.csv samplesfile=D:/DOTTORATO/PROGETTI/PAULLILATINO/PAPER_2/SDM_R_PROJECT/SDM_biomod2_50m/Phytophthora/models/20240513_1821_31/Phytophthora_PA1_RUN9_MAXENT_outputs/Sp_swd.csv projectionlayers=D:/DOTTORATO/PROGETTI/PAULLILATINO/PAPER_2/SDM_R_PROJECT/SDM_biomod2_50m/Phytophthora/models/20240513_1821_31/Phytophthora_PA1_RUN9_MAXENT_outputs/Predictions/Pred_swd.csv outputdirectory=D:/DOTTORATO/PROGETTI/PAULLILATINO/PAPER_2/SDM_R_PROJECT/SDM_biomod2_50m/Phytophthora/models/20240513_1821_31/Phytophthora_PA1_RUN9_MAXENT_outputs outputformat=logistic redoifexists visible=FALSE linear=TRUE quadratic=TRUE product=TRUE threshold=TRUE hinge=TRUE lq2lqptthreshold=80 l2lqthreshold=10 hingethreshold=15 beta_threshold=-1 beta_categorical=-1 beta_lqp=-1 beta_hinge=-1 betamultiplier=1 defaultprevalence=0.5 autorun nowarnings notooltips noaddsamplestobackground
Command line to repeat: java density.MaxEnt nowarnings noprefixes outputformat=logistic outputdirectory=D:/DOTTORATO/PROGETTI/PAULLILATINO/PAPER_2/SDM_R_PROJECT/SDM_biomod2_50m/Phytophthora/models/20240513_1821_31/Phytophthora_PA1_RUN9_MAXENT_outputs projectionlayers=D:/DOTTORATO/PROGETTI/PAULLILATINO/PAPER_2/SDM_R_PROJECT/SDM_biomod2_50m/Phytophthora/models/20240513_1821_31/Phytophthora_PA1_RUN9_MAXENT_outputs/Predictions/Pred_swd.csv samplesfile=D:/DOTTORATO/PROGETTI/PAULLILATINO/PAPER_2/SDM_R_PROJECT/SDM_biomod2_50m/Phytophthora/models/20240513_1821_31/Phytophthora_PA1_RUN9_MAXENT_outputs/Sp_swd.csv environmentallayers=D:/DOTTORATO/PROGETTI/PAULLILATINO/PAPER_2/SDM_R_PROJECT/SDM_biomod2_50m/Phytophthora/models/20240513_1821_31/Phytophthora_PA1_RUN9_MAXENT_outputs/Back_swd.csv nowarnings notooltips noaskoverwrite threshold noaddsamplestobackground autorun novisible
Species: Phytophthora_PA1_RUN9
Layers: BIO06 BIO3 green rivers roads sand silt soc
Layertypes: Continuous Continuous Continuous Continuous Continuous Continuous Continuous Continuous
outputformat: logistic
outputdirectory: D:/DOTTORATO/PROGETTI/PAULLILATINO/PAPER_2/SDM_R_PROJECT/SDM_biomod2_50m/Phytophthora/models/20240513_1821_31/Phytophthora_PA1_RUN9_MAXENT_outputs
projectionlayers: D:/DOTTORATO/PROGETTI/PAULLILATINO/PAPER_2/SDM_R_PROJECT/SDM_biomod2_50m/Phytophthora/models/20240513_1821_31/Phytophthora_PA1_RUN9_MAXENT_outputs/Predictions/Pred_swd.csv
samplesfile: D:/DOTTORATO/PROGETTI/PAULLILATINO/PAPER_2/SDM_R_PROJECT/SDM_biomod2_50m/Phytophthora/models/20240513_1821_31/Phytophthora_PA1_RUN9_MAXENT_outputs/Sp_swd.csv
environmentallayers: D:/DOTTORATO/PROGETTI/PAULLILATINO/PAPER_2/SDM_R_PROJECT/SDM_biomod2_50m/Phytophthora/models/20240513_1821_31/Phytophthora_PA1_RUN9_MAXENT_outputs/Back_swd.csv
warnings: false
tooltips: false
askoverwrite: false
threshold: true
addsamplestobackground: false
autorun: true
visible: false

getSamples: max memory 477626368, total allocated 128974848, free 111215312, used 17759536, increment 0
Phytophthora_PA1_RUN9: 
Regularization values: linear/quadratic/product: 0.156, categorical: 0.250, threshold: 1.370, hinge: 0.500
63 samples
Density: max memory 477626368, total allocated 128974848, free 110532368, used 18442480, increment 682944
linearPredictor: max memory 477626368, total allocated 128974848, free 110532368, used 18442480, increment 0
FeaturedSpace: max memory 477626368, total allocated 128974848, free 110532368, used 18442480, increment 0
Sequential: max memory 477626368, total allocated 128974848, free 110532368, used 18442480, increment 0
Initial loss: 4.143134726391533
Terminated because gain exceeded 10000.0
120: time = 0,125000 loss = -20.644,677272
Resulting gain: 20648.82040633449
Leaving out Equate entropy of thresholded and original distributions from threshold table, as uninitialized
Projecting...
Writing file D:\DOTTORATO\PROGETTI\PAULLILATINO\PAPER_2\SDM_R_PROJECT\SDM_biomod2_50m\Phytophthora\models\20240513_1821_31\Phytophthora_PA1_RUN9_MAXENT_outputs\Phytophthora_PA1_RUN9.csv
Projecting...
Reading file Pred_swd.csv
readGrid: max memory 477626368, total allocated 128974848, free 94033320, used 34941528, increment 16499048
Writing file D:\DOTTORATO\PROGETTI\PAULLILATINO\PAPER_2\SDM_R_PROJECT\SDM_biomod2_50m\Phytophthora\models\20240513_1821_31\Phytophthora_PA1_RUN9_MAXENT_outputs\Phytophthora_PA1_RUN9_Pred_swd.csv
Writing file D:\DOTTORATO\PROGETTI\PAULLILATINO\PAPER_2\SDM_R_PROJECT\SDM_biomod2_50m\Phytophthora\models\20240513_1821_31\Phytophthora_PA1_RUN9_MAXENT_outputs\Phytophthora_PA1_RUN9_Pred_swd_clamping.csv
Ending
