Mon May 06 15:30:17 CEST 2024
MaxEnt version 3.4.4
Checking header of D:\DOTTORATO\PROGETTI\PAULLILATINO\PAPER_2\SDM_R_PROJECT\SDM_biomod2_50m\.\INPUT\RASTER\maxent_background_data\BIO16.asc
Checking header of D:\DOTTORATO\PROGETTI\PAULLILATINO\PAPER_2\SDM_R_PROJECT\SDM_biomod2_50m\.\INPUT\RASTER\maxent_background_data\aspect.asc
Checking header of D:\DOTTORATO\PROGETTI\PAULLILATINO\PAPER_2\SDM_R_PROJECT\SDM_biomod2_50m\.\INPUT\RASTER\maxent_background_data\fla.asc
Checking header of D:\DOTTORATO\PROGETTI\PAULLILATINO\PAPER_2\SDM_R_PROJECT\SDM_biomod2_50m\.\INPUT\RASTER\maxent_background_data\nitrogen.asc
Checking header of D:\DOTTORATO\PROGETTI\PAULLILATINO\PAPER_2\SDM_R_PROJECT\SDM_biomod2_50m\.\INPUT\RASTER\maxent_background_data\rivers.asc
Checking header of D:\DOTTORATO\PROGETTI\PAULLILATINO\PAPER_2\SDM_R_PROJECT\SDM_biomod2_50m\.\INPUT\RASTER\maxent_background_data\roads.asc
Checking header of D:\DOTTORATO\PROGETTI\PAULLILATINO\PAPER_2\SDM_R_PROJECT\SDM_biomod2_50m\.\INPUT\RASTER\maxent_background_data\sand.asc
Reading samples from Sp_swd.csv
Read samples: max memory 477626368, total allocated 128974848, free 114548304, used 14426544, increment 14426544
Extractor: max memory 477626368, total allocated 128974848, free 112503488, used 16471360, increment 2044816
Extracting random background and sample data
35889 points with values for all grids
Making features
makeFeatures: max memory 477626368, total allocated 128974848, free 105650256, used 23324592, increment 6853232
Command line used:  environmentallayers=./INPUT/RASTER/maxent_background_data samplesfile=D:/DOTTORATO/PROGETTI/PAULLILATINO/PAPER_2/SDM_R_PROJECT/SDM_biomod2_50m/Phytophthora/models/20240506_1522_03/Phytophthora_PA3_RUN5_MAXENT_outputs/Sp_swd.csv projectionlayers=D:/DOTTORATO/PROGETTI/PAULLILATINO/PAPER_2/SDM_R_PROJECT/SDM_biomod2_50m/Phytophthora/models/20240506_1522_03/Phytophthora_PA3_RUN5_MAXENT_outputs/Predictions/Pred_swd.csv outputdirectory=D:/DOTTORATO/PROGETTI/PAULLILATINO/PAPER_2/SDM_R_PROJECT/SDM_biomod2_50m/Phytophthora/models/20240506_1522_03/Phytophthora_PA3_RUN5_MAXENT_outputs outputformat=logistic redoifexists visible=FALSE linear=TRUE quadratic=TRUE product=TRUE threshold=TRUE hinge=TRUE lq2lqptthreshold=80 l2lqthreshold=10 hingethreshold=15 beta_threshold=-1 beta_categorical=-1 beta_lqp=-1 beta_hinge=-1 betamultiplier=1 defaultprevalence=0.5 autorun nowarnings notooltips noaddsamplestobackground
Command line to repeat: java density.MaxEnt nowarnings noprefixes outputformat=logistic outputdirectory=D:/DOTTORATO/PROGETTI/PAULLILATINO/PAPER_2/SDM_R_PROJECT/SDM_biomod2_50m/Phytophthora/models/20240506_1522_03/Phytophthora_PA3_RUN5_MAXENT_outputs projectionlayers=D:/DOTTORATO/PROGETTI/PAULLILATINO/PAPER_2/SDM_R_PROJECT/SDM_biomod2_50m/Phytophthora/models/20240506_1522_03/Phytophthora_PA3_RUN5_MAXENT_outputs/Predictions/Pred_swd.csv samplesfile=D:/DOTTORATO/PROGETTI/PAULLILATINO/PAPER_2/SDM_R_PROJECT/SDM_biomod2_50m/Phytophthora/models/20240506_1522_03/Phytophthora_PA3_RUN5_MAXENT_outputs/Sp_swd.csv environmentallayers=./INPUT/RASTER/maxent_background_data nowarnings notooltips noaskoverwrite threshold noaddsamplestobackground autorun novisible
Species: Phytophthora_PA3_RUN5
Layers: BIO16 aspect fla nitrogen rivers roads sand
Layertypes: Continuous Continuous Continuous Continuous Continuous Continuous Continuous
outputformat: logistic
outputdirectory: D:/DOTTORATO/PROGETTI/PAULLILATINO/PAPER_2/SDM_R_PROJECT/SDM_biomod2_50m/Phytophthora/models/20240506_1522_03/Phytophthora_PA3_RUN5_MAXENT_outputs
projectionlayers: D:/DOTTORATO/PROGETTI/PAULLILATINO/PAPER_2/SDM_R_PROJECT/SDM_biomod2_50m/Phytophthora/models/20240506_1522_03/Phytophthora_PA3_RUN5_MAXENT_outputs/Predictions/Pred_swd.csv
samplesfile: D:/DOTTORATO/PROGETTI/PAULLILATINO/PAPER_2/SDM_R_PROJECT/SDM_biomod2_50m/Phytophthora/models/20240506_1522_03/Phytophthora_PA3_RUN5_MAXENT_outputs/Sp_swd.csv
environmentallayers: ./INPUT/RASTER/maxent_background_data
warnings: false
tooltips: false
askoverwrite: false
threshold: true
addsamplestobackground: false
autorun: true
visible: false

getSamples: max memory 477626368, total allocated 128974848, free 104966040, used 24008808, increment 684216
Phytophthora_PA3_RUN5: 
Regularization values: linear/quadratic/product: 0.196, categorical: 0.250, threshold: 1.510, hinge: 0.500
49 samples
Density: max memory 477626368, total allocated 128974848, free 100387616, used 28587232, increment 4578424
linearPredictor: max memory 477626368, total allocated 128974848, free 100307600, used 28667248, increment 80016
FeaturedSpace: max memory 477626368, total allocated 128974848, free 100307600, used 28667248, increment 0
Sequential: max memory 477626368, total allocated 128974848, free 100307600, used 28667248, increment 0
Initial loss: 9.210340371976184
Time since start: 11.196
420: time = 10,788000 loss = 8,589428
Resulting gain: 0.6209127763853548
Projecting...
Writing file D:\DOTTORATO\PROGETTI\PAULLILATINO\PAPER_2\SDM_R_PROJECT\SDM_biomod2_50m\Phytophthora\models\20240506_1522_03\Phytophthora_PA3_RUN5_MAXENT_outputs\Phytophthora_PA3_RUN5.asc
Writing D:\DOTTORATO\PROGETTI\PAULLILATINO\PAPER_2\SDM_R_PROJECT\SDM_biomod2_50m\Phytophthora\models\20240506_1522_03\Phytophthora_PA3_RUN5_MAXENT_outputs\plots\Phytophthora_PA3_RUN5.png
Time since start: 12.316
Projecting...
Reading file Pred_swd.csv
readGrid: max memory 477626368, total allocated 127401984, free 84256800, used 43145184, increment 14477936
Writing file D:\DOTTORATO\PROGETTI\PAULLILATINO\PAPER_2\SDM_R_PROJECT\SDM_biomod2_50m\Phytophthora\models\20240506_1522_03\Phytophthora_PA3_RUN5_MAXENT_outputs\Phytophthora_PA3_RUN5_Pred_swd.csv
Writing file D:\DOTTORATO\PROGETTI\PAULLILATINO\PAPER_2\SDM_R_PROJECT\SDM_biomod2_50m\Phytophthora\models\20240506_1522_03\Phytophthora_PA3_RUN5_MAXENT_outputs\Phytophthora_PA3_RUN5_Pred_swd_clamping.csv
Ending
