Wed Jul 17 16:13:45 CEST 2024
MaxEnt version 3.4.4
Reading file Back_swd.csv
readGrid: max memory 477626368, total allocated 128974848, free 116005536, used 12969312, increment 12969312
Reading samples from Sp_swd.csv
Read samples: max memory 477626368, total allocated 128974848, free 117620672, used 11354176, increment -1615136
Making features
makeFeatures: max memory 477626368, total allocated 128974848, free 115228600, used 13746248, increment 2392072
Command line used:  environmentallayers=D:/DOTTORATO/PROGETTI/PAULLILATINO/PAPER_2/SDM_R_PROJECT/SDM_biomod2_50m/Phytophthora/models/20240717_1611_17/Phytophthora_PA3_RUN2_MAXENT_outputs/Back_swd.csv samplesfile=D:/DOTTORATO/PROGETTI/PAULLILATINO/PAPER_2/SDM_R_PROJECT/SDM_biomod2_50m/Phytophthora/models/20240717_1611_17/Phytophthora_PA3_RUN2_MAXENT_outputs/Sp_swd.csv projectionlayers=D:/DOTTORATO/PROGETTI/PAULLILATINO/PAPER_2/SDM_R_PROJECT/SDM_biomod2_50m/Phytophthora/models/20240717_1611_17/Phytophthora_PA3_RUN2_MAXENT_outputs/Predictions/Pred_swd.csv outputdirectory=D:/DOTTORATO/PROGETTI/PAULLILATINO/PAPER_2/SDM_R_PROJECT/SDM_biomod2_50m/Phytophthora/models/20240717_1611_17/Phytophthora_PA3_RUN2_MAXENT_outputs outputformat=logistic redoifexists visible=FALSE linear=TRUE quadratic=TRUE product=TRUE threshold=TRUE hinge=TRUE lq2lqptthreshold=80 l2lqthreshold=10 hingethreshold=15 beta_threshold=-1 beta_categorical=-1 beta_lqp=-1 beta_hinge=-1 betamultiplier=1 defaultprevalence=0.5 autorun nowarnings notooltips noaddsamplestobackground
Command line to repeat: java density.MaxEnt nowarnings noprefixes outputformat=logistic outputdirectory=D:/DOTTORATO/PROGETTI/PAULLILATINO/PAPER_2/SDM_R_PROJECT/SDM_biomod2_50m/Phytophthora/models/20240717_1611_17/Phytophthora_PA3_RUN2_MAXENT_outputs projectionlayers=D:/DOTTORATO/PROGETTI/PAULLILATINO/PAPER_2/SDM_R_PROJECT/SDM_biomod2_50m/Phytophthora/models/20240717_1611_17/Phytophthora_PA3_RUN2_MAXENT_outputs/Predictions/Pred_swd.csv samplesfile=D:/DOTTORATO/PROGETTI/PAULLILATINO/PAPER_2/SDM_R_PROJECT/SDM_biomod2_50m/Phytophthora/models/20240717_1611_17/Phytophthora_PA3_RUN2_MAXENT_outputs/Sp_swd.csv environmentallayers=D:/DOTTORATO/PROGETTI/PAULLILATINO/PAPER_2/SDM_R_PROJECT/SDM_biomod2_50m/Phytophthora/models/20240717_1611_17/Phytophthora_PA3_RUN2_MAXENT_outputs/Back_swd.csv nowarnings notooltips noaskoverwrite threshold noaddsamplestobackground autorun novisible
Species: Phytophthora_PA3_RUN2
Layers: BIO03 BIO06 BIO15 aspect bkd dndvi fla ndwi2021 rivers roads slope soc tpi twi wo
Layertypes: Continuous Continuous Continuous Continuous Continuous Continuous Continuous Continuous Continuous Continuous Continuous Continuous Continuous Continuous Continuous
outputformat: logistic
outputdirectory: D:/DOTTORATO/PROGETTI/PAULLILATINO/PAPER_2/SDM_R_PROJECT/SDM_biomod2_50m/Phytophthora/models/20240717_1611_17/Phytophthora_PA3_RUN2_MAXENT_outputs
projectionlayers: D:/DOTTORATO/PROGETTI/PAULLILATINO/PAPER_2/SDM_R_PROJECT/SDM_biomod2_50m/Phytophthora/models/20240717_1611_17/Phytophthora_PA3_RUN2_MAXENT_outputs/Predictions/Pred_swd.csv
samplesfile: D:/DOTTORATO/PROGETTI/PAULLILATINO/PAPER_2/SDM_R_PROJECT/SDM_biomod2_50m/Phytophthora/models/20240717_1611_17/Phytophthora_PA3_RUN2_MAXENT_outputs/Sp_swd.csv
environmentallayers: D:/DOTTORATO/PROGETTI/PAULLILATINO/PAPER_2/SDM_R_PROJECT/SDM_biomod2_50m/Phytophthora/models/20240717_1611_17/Phytophthora_PA3_RUN2_MAXENT_outputs/Back_swd.csv
warnings: false
tooltips: false
askoverwrite: false
threshold: true
addsamplestobackground: false
autorun: true
visible: false

getSamples: max memory 477626368, total allocated 128974848, free 114543864, used 14430984, increment 684736
Phytophthora_PA3_RUN2: 
Regularization values: linear/quadratic/product: 0.346, categorical: 0.250, threshold: 1.750, hinge: 0.500
25 samples
Density: max memory 477626368, total allocated 128974848, free 111130272, used 17844576, increment 3413592
linearPredictor: max memory 477626368, total allocated 128974848, free 111130272, used 17844576, increment 0
FeaturedSpace: max memory 477626368, total allocated 128974848, free 111130272, used 17844576, increment 0
Sequential: max memory 477626368, total allocated 128974848, free 111130272, used 17844576, increment 0
Initial loss: 6.684611727667927
Time since start: 2.495
500: time = 2,291000 loss = 5,561248
Resulting gain: 1.1233636679664842
Projecting...
Writing file D:\DOTTORATO\PROGETTI\PAULLILATINO\PAPER_2\SDM_R_PROJECT\SDM_biomod2_50m\Phytophthora\models\20240717_1611_17\Phytophthora_PA3_RUN2_MAXENT_outputs\Phytophthora_PA3_RUN2.csv
Projecting...
Reading file Pred_swd.csv
readGrid: max memory 477626368, total allocated 231735296, free 203460720, used 28274576, increment 10430000
Writing file D:\DOTTORATO\PROGETTI\PAULLILATINO\PAPER_2\SDM_R_PROJECT\SDM_biomod2_50m\Phytophthora\models\20240717_1611_17\Phytophthora_PA3_RUN2_MAXENT_outputs\Phytophthora_PA3_RUN2_Pred_swd.csv
Writing file D:\DOTTORATO\PROGETTI\PAULLILATINO\PAPER_2\SDM_R_PROJECT\SDM_biomod2_50m\Phytophthora\models\20240717_1611_17\Phytophthora_PA3_RUN2_MAXENT_outputs\Phytophthora_PA3_RUN2_Pred_swd_clamping.csv
Time since start: 3.621
Ending
