Mon May 13 18:48:28 CEST 2024
MaxEnt version 3.4.4
Reading file Back_swd.csv
readGrid: max memory 477626368, total allocated 128974848, free 114640720, used 14334128, increment 14334128
Reading samples from Sp_swd.csv
Read samples: max memory 477626368, total allocated 128974848, free 123833592, used 5141256, increment -9192872
Making features
makeFeatures: max memory 477626368, total allocated 128974848, free 120758496, used 8216352, increment 3075096
Command line used:  environmentallayers=D:/DOTTORATO/PROGETTI/PAULLILATINO/PAPER_2/SDM_R_PROJECT/SDM_biomod2_50m/Phytophthora/models/20240513_1835_07/Phytophthora_PA3_allRun_MAXENT_outputs/Back_swd.csv samplesfile=D:/DOTTORATO/PROGETTI/PAULLILATINO/PAPER_2/SDM_R_PROJECT/SDM_biomod2_50m/Phytophthora/models/20240513_1835_07/Phytophthora_PA3_allRun_MAXENT_outputs/Sp_swd.csv projectionlayers=D:/DOTTORATO/PROGETTI/PAULLILATINO/PAPER_2/SDM_R_PROJECT/SDM_biomod2_50m/Phytophthora/models/20240513_1835_07/Phytophthora_PA3_allRun_MAXENT_outputs/Predictions/Pred_swd.csv outputdirectory=D:/DOTTORATO/PROGETTI/PAULLILATINO/PAPER_2/SDM_R_PROJECT/SDM_biomod2_50m/Phytophthora/models/20240513_1835_07/Phytophthora_PA3_allRun_MAXENT_outputs outputformat=logistic redoifexists visible=FALSE linear=TRUE quadratic=TRUE product=TRUE threshold=TRUE hinge=TRUE lq2lqptthreshold=80 l2lqthreshold=10 hingethreshold=15 beta_threshold=-1 beta_categorical=-1 beta_lqp=-1 beta_hinge=-1 betamultiplier=1 defaultprevalence=0.5 autorun nowarnings notooltips noaddsamplestobackground
Command line to repeat: java density.MaxEnt nowarnings noprefixes outputformat=logistic outputdirectory=D:/DOTTORATO/PROGETTI/PAULLILATINO/PAPER_2/SDM_R_PROJECT/SDM_biomod2_50m/Phytophthora/models/20240513_1835_07/Phytophthora_PA3_allRun_MAXENT_outputs projectionlayers=D:/DOTTORATO/PROGETTI/PAULLILATINO/PAPER_2/SDM_R_PROJECT/SDM_biomod2_50m/Phytophthora/models/20240513_1835_07/Phytophthora_PA3_allRun_MAXENT_outputs/Predictions/Pred_swd.csv samplesfile=D:/DOTTORATO/PROGETTI/PAULLILATINO/PAPER_2/SDM_R_PROJECT/SDM_biomod2_50m/Phytophthora/models/20240513_1835_07/Phytophthora_PA3_allRun_MAXENT_outputs/Sp_swd.csv environmentallayers=D:/DOTTORATO/PROGETTI/PAULLILATINO/PAPER_2/SDM_R_PROJECT/SDM_biomod2_50m/Phytophthora/models/20240513_1835_07/Phytophthora_PA3_allRun_MAXENT_outputs/Back_swd.csv nowarnings notooltips noaskoverwrite threshold noaddsamplestobackground autorun novisible
Species: Phytophthora_PA3_allRun
Layers: BIO06 BIO3 green rivers roads sand silt soc
Layertypes: Continuous Continuous Continuous Continuous Continuous Continuous Continuous Continuous
outputformat: logistic
outputdirectory: D:/DOTTORATO/PROGETTI/PAULLILATINO/PAPER_2/SDM_R_PROJECT/SDM_biomod2_50m/Phytophthora/models/20240513_1835_07/Phytophthora_PA3_allRun_MAXENT_outputs
projectionlayers: D:/DOTTORATO/PROGETTI/PAULLILATINO/PAPER_2/SDM_R_PROJECT/SDM_biomod2_50m/Phytophthora/models/20240513_1835_07/Phytophthora_PA3_allRun_MAXENT_outputs/Predictions/Pred_swd.csv
samplesfile: D:/DOTTORATO/PROGETTI/PAULLILATINO/PAPER_2/SDM_R_PROJECT/SDM_biomod2_50m/Phytophthora/models/20240513_1835_07/Phytophthora_PA3_allRun_MAXENT_outputs/Sp_swd.csv
environmentallayers: D:/DOTTORATO/PROGETTI/PAULLILATINO/PAPER_2/SDM_R_PROJECT/SDM_biomod2_50m/Phytophthora/models/20240513_1835_07/Phytophthora_PA3_allRun_MAXENT_outputs/Back_swd.csv
warnings: false
tooltips: false
askoverwrite: false
threshold: true
addsamplestobackground: false
autorun: true
visible: false

getSamples: max memory 477626368, total allocated 128974848, free 120758496, used 8216352, increment 0
Phytophthora_PA3_allRun: 
Regularization values: linear/quadratic/product: 0.113, categorical: 0.250, threshold: 1.220, hinge: 0.500
78 samples
Density: max memory 477626368, total allocated 128974848, free 117329832, used 11645016, increment 3428664
linearPredictor: max memory 477626368, total allocated 128974848, free 117329832, used 11645016, increment 0
FeaturedSpace: max memory 477626368, total allocated 128974848, free 117329832, used 11645016, increment 0
Sequential: max memory 477626368, total allocated 128974848, free 117329832, used 11645016, increment 0
Initial loss: 6.907755278982137
Time since start: 2.615
500: time = 2,374000 loss = 5,935532
Resulting gain: 0.9722234220965396
Projecting...
Writing file D:\DOTTORATO\PROGETTI\PAULLILATINO\PAPER_2\SDM_R_PROJECT\SDM_biomod2_50m\Phytophthora\models\20240513_1835_07\Phytophthora_PA3_allRun_MAXENT_outputs\Phytophthora_PA3_allRun.csv
Projecting...
Reading file Pred_swd.csv
readGrid: max memory 477626368, total allocated 211812352, free 124326624, used 87485728, increment 75840712
Writing file D:\DOTTORATO\PROGETTI\PAULLILATINO\PAPER_2\SDM_R_PROJECT\SDM_biomod2_50m\Phytophthora\models\20240513_1835_07\Phytophthora_PA3_allRun_MAXENT_outputs\Phytophthora_PA3_allRun_Pred_swd.csv
Writing file D:\DOTTORATO\PROGETTI\PAULLILATINO\PAPER_2\SDM_R_PROJECT\SDM_biomod2_50m\Phytophthora\models\20240513_1835_07\Phytophthora_PA3_allRun_MAXENT_outputs\Phytophthora_PA3_allRun_Pred_swd_clamping.csv
Time since start: 3.757
Ending
