Wed Jul 17 16:17:05 CEST 2024
MaxEnt version 3.4.4
Reading file Back_swd.csv
readGrid: max memory 477626368, total allocated 128974848, free 116008544, used 12966304, increment 12966304
Reading samples from Sp_swd.csv
Read samples: max memory 477626368, total allocated 128974848, free 117735456, used 11239392, increment -1726912
Making features
makeFeatures: max memory 477626368, total allocated 128974848, free 115343416, used 13631432, increment 2392040
Command line used:  environmentallayers=D:/DOTTORATO/PROGETTI/PAULLILATINO/PAPER_2/SDM_R_PROJECT/SDM_biomod2_50m/Phytophthora/models/20240717_1611_17/Phytophthora_PA3_RUN3_MAXENT_outputs/Back_swd.csv samplesfile=D:/DOTTORATO/PROGETTI/PAULLILATINO/PAPER_2/SDM_R_PROJECT/SDM_biomod2_50m/Phytophthora/models/20240717_1611_17/Phytophthora_PA3_RUN3_MAXENT_outputs/Sp_swd.csv projectionlayers=D:/DOTTORATO/PROGETTI/PAULLILATINO/PAPER_2/SDM_R_PROJECT/SDM_biomod2_50m/Phytophthora/models/20240717_1611_17/Phytophthora_PA3_RUN3_MAXENT_outputs/Predictions/Pred_swd.csv outputdirectory=D:/DOTTORATO/PROGETTI/PAULLILATINO/PAPER_2/SDM_R_PROJECT/SDM_biomod2_50m/Phytophthora/models/20240717_1611_17/Phytophthora_PA3_RUN3_MAXENT_outputs outputformat=logistic redoifexists visible=FALSE linear=TRUE quadratic=TRUE product=TRUE threshold=TRUE hinge=TRUE lq2lqptthreshold=80 l2lqthreshold=10 hingethreshold=15 beta_threshold=-1 beta_categorical=-1 beta_lqp=-1 beta_hinge=-1 betamultiplier=1 defaultprevalence=0.5 autorun nowarnings notooltips noaddsamplestobackground
Command line to repeat: java density.MaxEnt nowarnings noprefixes outputformat=logistic outputdirectory=D:/DOTTORATO/PROGETTI/PAULLILATINO/PAPER_2/SDM_R_PROJECT/SDM_biomod2_50m/Phytophthora/models/20240717_1611_17/Phytophthora_PA3_RUN3_MAXENT_outputs projectionlayers=D:/DOTTORATO/PROGETTI/PAULLILATINO/PAPER_2/SDM_R_PROJECT/SDM_biomod2_50m/Phytophthora/models/20240717_1611_17/Phytophthora_PA3_RUN3_MAXENT_outputs/Predictions/Pred_swd.csv samplesfile=D:/DOTTORATO/PROGETTI/PAULLILATINO/PAPER_2/SDM_R_PROJECT/SDM_biomod2_50m/Phytophthora/models/20240717_1611_17/Phytophthora_PA3_RUN3_MAXENT_outputs/Sp_swd.csv environmentallayers=D:/DOTTORATO/PROGETTI/PAULLILATINO/PAPER_2/SDM_R_PROJECT/SDM_biomod2_50m/Phytophthora/models/20240717_1611_17/Phytophthora_PA3_RUN3_MAXENT_outputs/Back_swd.csv nowarnings notooltips noaskoverwrite threshold noaddsamplestobackground autorun novisible
Species: Phytophthora_PA3_RUN3
Layers: BIO03 BIO06 BIO15 aspect bkd dndvi fla ndwi2021 rivers roads slope soc tpi twi wo
Layertypes: Continuous Continuous Continuous Continuous Continuous Continuous Continuous Continuous Continuous Continuous Continuous Continuous Continuous Continuous Continuous
outputformat: logistic
outputdirectory: D:/DOTTORATO/PROGETTI/PAULLILATINO/PAPER_2/SDM_R_PROJECT/SDM_biomod2_50m/Phytophthora/models/20240717_1611_17/Phytophthora_PA3_RUN3_MAXENT_outputs
projectionlayers: D:/DOTTORATO/PROGETTI/PAULLILATINO/PAPER_2/SDM_R_PROJECT/SDM_biomod2_50m/Phytophthora/models/20240717_1611_17/Phytophthora_PA3_RUN3_MAXENT_outputs/Predictions/Pred_swd.csv
samplesfile: D:/DOTTORATO/PROGETTI/PAULLILATINO/PAPER_2/SDM_R_PROJECT/SDM_biomod2_50m/Phytophthora/models/20240717_1611_17/Phytophthora_PA3_RUN3_MAXENT_outputs/Sp_swd.csv
environmentallayers: D:/DOTTORATO/PROGETTI/PAULLILATINO/PAPER_2/SDM_R_PROJECT/SDM_biomod2_50m/Phytophthora/models/20240717_1611_17/Phytophthora_PA3_RUN3_MAXENT_outputs/Back_swd.csv
warnings: false
tooltips: false
askoverwrite: false
threshold: true
addsamplestobackground: false
autorun: true
visible: false

getSamples: max memory 477626368, total allocated 128974848, free 114645448, used 14329400, increment 697968
Phytophthora_PA3_RUN3: 
Regularization values: linear/quadratic/product: 0.365, categorical: 0.250, threshold: 1.760, hinge: 0.500
24 samples
Density: max memory 477626368, total allocated 128974848, free 110546128, used 18428720, increment 4099320
linearPredictor: max memory 477626368, total allocated 128974848, free 110546128, used 18428720, increment 0
FeaturedSpace: max memory 477626368, total allocated 128974848, free 110546128, used 18428720, increment 0
Sequential: max memory 477626368, total allocated 128974848, free 110546128, used 18428720, increment 0
Initial loss: 6.684611727667927
Time since start: 2.364
500: time = 2,149000 loss = 5,549284
Resulting gain: 1.1353280792503506
Projecting...
Writing file D:\DOTTORATO\PROGETTI\PAULLILATINO\PAPER_2\SDM_R_PROJECT\SDM_biomod2_50m\Phytophthora\models\20240717_1611_17\Phytophthora_PA3_RUN3_MAXENT_outputs\Phytophthora_PA3_RUN3.csv
Projecting...
Reading file Pred_swd.csv
readGrid: max memory 477626368, total allocated 231735296, free 203282376, used 28452920, increment 10024200
Writing file D:\DOTTORATO\PROGETTI\PAULLILATINO\PAPER_2\SDM_R_PROJECT\SDM_biomod2_50m\Phytophthora\models\20240717_1611_17\Phytophthora_PA3_RUN3_MAXENT_outputs\Phytophthora_PA3_RUN3_Pred_swd.csv
Writing file D:\DOTTORATO\PROGETTI\PAULLILATINO\PAPER_2\SDM_R_PROJECT\SDM_biomod2_50m\Phytophthora\models\20240717_1611_17\Phytophthora_PA3_RUN3_MAXENT_outputs\Phytophthora_PA3_RUN3_Pred_swd_clamping.csv
Time since start: 3.44
Ending
