Thu Jul 04 15:27:58 CEST 2024
MaxEnt version 3.4.4
Reading file Back_swd.csv
readGrid: max memory 477626368, total allocated 128974848, free 106045360, used 22929488, increment 22929488
Reading samples from Sp_swd.csv
Read samples: max memory 477626368, total allocated 128974848, free 117116624, used 11858224, increment -11071264
Making features
makeFeatures: max memory 477626368, total allocated 128974848, free 115692032, used 13282816, increment 1424592
Command line used:  environmentallayers=D:/DOTTORATO/PROGETTI/PAULLILATINO/PAPER_2/SDM_R_PROJECT/SDM_biomod2_50m/Phytophthora/models/20240704_1446_08/Phytophthora_PA15_RUN4_MAXENT_outputs/Back_swd.csv samplesfile=D:/DOTTORATO/PROGETTI/PAULLILATINO/PAPER_2/SDM_R_PROJECT/SDM_biomod2_50m/Phytophthora/models/20240704_1446_08/Phytophthora_PA15_RUN4_MAXENT_outputs/Sp_swd.csv projectionlayers=D:/DOTTORATO/PROGETTI/PAULLILATINO/PAPER_2/SDM_R_PROJECT/SDM_biomod2_50m/Phytophthora/models/20240704_1446_08/Phytophthora_PA15_RUN4_MAXENT_outputs/Predictions/Pred_swd.csv outputdirectory=D:/DOTTORATO/PROGETTI/PAULLILATINO/PAPER_2/SDM_R_PROJECT/SDM_biomod2_50m/Phytophthora/models/20240704_1446_08/Phytophthora_PA15_RUN4_MAXENT_outputs outputformat=logistic redoifexists visible=TRUE linear=TRUE quadratic=TRUE product=TRUE threshold=TRUE hinge=TRUE lq2lqptthreshold=80 l2lqthreshold=10 hingethreshold=15 beta_threshold=0 beta_categorical=-1 beta_lqp=-1 beta_hinge=-1 betamultiplier=1 defaultprevalence=0.5 autorun nowarnings notooltips noaddsamplestobackground
Command line to repeat: java density.MaxEnt nowarnings noprefixes outputformat=logistic outputdirectory=D:/DOTTORATO/PROGETTI/PAULLILATINO/PAPER_2/SDM_R_PROJECT/SDM_biomod2_50m/Phytophthora/models/20240704_1446_08/Phytophthora_PA15_RUN4_MAXENT_outputs projectionlayers=D:/DOTTORATO/PROGETTI/PAULLILATINO/PAPER_2/SDM_R_PROJECT/SDM_biomod2_50m/Phytophthora/models/20240704_1446_08/Phytophthora_PA15_RUN4_MAXENT_outputs/Predictions/Pred_swd.csv samplesfile=D:/DOTTORATO/PROGETTI/PAULLILATINO/PAPER_2/SDM_R_PROJECT/SDM_biomod2_50m/Phytophthora/models/20240704_1446_08/Phytophthora_PA15_RUN4_MAXENT_outputs/Sp_swd.csv environmentallayers=D:/DOTTORATO/PROGETTI/PAULLILATINO/PAPER_2/SDM_R_PROJECT/SDM_biomod2_50m/Phytophthora/models/20240704_1446_08/Phytophthora_PA15_RUN4_MAXENT_outputs/Back_swd.csv nowarnings notooltips noaskoverwrite threshold noaddsamplestobackground autorun beta_threshold=0.0
Species: Phytophthora_PA15_RUN4
Layers: BIO03 BIO06 fla green rivers roads soc wo
Layertypes: Continuous Continuous Continuous Continuous Continuous Continuous Continuous Continuous
outputformat: logistic
outputdirectory: D:/DOTTORATO/PROGETTI/PAULLILATINO/PAPER_2/SDM_R_PROJECT/SDM_biomod2_50m/Phytophthora/models/20240704_1446_08/Phytophthora_PA15_RUN4_MAXENT_outputs
projectionlayers: D:/DOTTORATO/PROGETTI/PAULLILATINO/PAPER_2/SDM_R_PROJECT/SDM_biomod2_50m/Phytophthora/models/20240704_1446_08/Phytophthora_PA15_RUN4_MAXENT_outputs/Predictions/Pred_swd.csv
samplesfile: D:/DOTTORATO/PROGETTI/PAULLILATINO/PAPER_2/SDM_R_PROJECT/SDM_biomod2_50m/Phytophthora/models/20240704_1446_08/Phytophthora_PA15_RUN4_MAXENT_outputs/Sp_swd.csv
environmentallayers: D:/DOTTORATO/PROGETTI/PAULLILATINO/PAPER_2/SDM_R_PROJECT/SDM_biomod2_50m/Phytophthora/models/20240704_1446_08/Phytophthora_PA15_RUN4_MAXENT_outputs/Back_swd.csv
warnings: false
tooltips: false
askoverwrite: false
threshold: true
addsamplestobackground: false
autorun: true
beta_threshold: 0.0

getSamples: max memory 477626368, total allocated 128974848, free 115351224, used 13623624, increment 340808
Phytophthora_PA15_RUN4: 
Regularization values: linear/quadratic/product: 0.346, categorical: 0.250, threshold: 0.000, hinge: 0.500
25 samples
Density: max memory 477626368, total allocated 128974848, free 112972208, used 16002640, increment 2379016
linearPredictor: max memory 477626368, total allocated 128974848, free 112972208, used 16002640, increment 0
FeaturedSpace: max memory 477626368, total allocated 128974848, free 112972208, used 16002640, increment 0
Sequential: max memory 477626368, total allocated 128974848, free 112499496, used 16475352, increment 472712
Initial loss: 6.684611727667927
Time since start: 1.448
340: time = 1,229000 loss = 6,065287
Resulting gain: 0.6193249402772247
Projecting...
Writing file D:\DOTTORATO\PROGETTI\PAULLILATINO\PAPER_2\SDM_R_PROJECT\SDM_biomod2_50m\Phytophthora\models\20240704_1446_08\Phytophthora_PA15_RUN4_MAXENT_outputs\Phytophthora_PA15_RUN4.csv
Projecting...
Reading file Pred_swd.csv
readGrid: max memory 477626368, total allocated 257425408, free 204648160, used 52777248, increment 36301896
Writing file D:\DOTTORATO\PROGETTI\PAULLILATINO\PAPER_2\SDM_R_PROJECT\SDM_biomod2_50m\Phytophthora\models\20240704_1446_08\Phytophthora_PA15_RUN4_MAXENT_outputs\Phytophthora_PA15_RUN4_Pred_swd.csv
Writing file D:\DOTTORATO\PROGETTI\PAULLILATINO\PAPER_2\SDM_R_PROJECT\SDM_biomod2_50m\Phytophthora\models\20240704_1446_08\Phytophthora_PA15_RUN4_MAXENT_outputs\Phytophthora_PA15_RUN4_Pred_swd_clamping.csv
Ending
