Wed Jul 17 17:45:35 CEST 2024
MaxEnt version 3.4.4
Reading file Back_swd.csv
readGrid: max memory 477626368, total allocated 128974848, free 116002872, used 12971976, increment 12971976
Reading samples from Sp_swd.csv
Read samples: max memory 477626368, total allocated 128974848, free 117702008, used 11272840, increment -1699136
Making features
makeFeatures: max memory 477626368, total allocated 128974848, free 115330960, used 13643888, increment 2371048
Command line used:  environmentallayers=D:/DOTTORATO/PROGETTI/PAULLILATINO/PAPER_2/SDM_R_PROJECT/SDM_biomod2_50m/Phytophthora/models/20240717_1733_48/Phytophthora_PA3_RUN5_MAXENT_outputs/Back_swd.csv samplesfile=D:/DOTTORATO/PROGETTI/PAULLILATINO/PAPER_2/SDM_R_PROJECT/SDM_biomod2_50m/Phytophthora/models/20240717_1733_48/Phytophthora_PA3_RUN5_MAXENT_outputs/Sp_swd.csv projectionlayers=D:/DOTTORATO/PROGETTI/PAULLILATINO/PAPER_2/SDM_R_PROJECT/SDM_biomod2_50m/Phytophthora/models/20240717_1733_48/Phytophthora_PA3_RUN5_MAXENT_outputs/Predictions/Pred_swd.csv outputdirectory=D:/DOTTORATO/PROGETTI/PAULLILATINO/PAPER_2/SDM_R_PROJECT/SDM_biomod2_50m/Phytophthora/models/20240717_1733_48/Phytophthora_PA3_RUN5_MAXENT_outputs outputformat=logistic redoifexists visible=FALSE linear=TRUE quadratic=TRUE product=TRUE threshold=TRUE hinge=TRUE lq2lqptthreshold=80 l2lqthreshold=10 hingethreshold=15 beta_threshold=-1 beta_categorical=-1 beta_lqp=-1 beta_hinge=-1 betamultiplier=1 defaultprevalence=0.5 autorun nowarnings notooltips noaddsamplestobackground
Command line to repeat: java density.MaxEnt nowarnings noprefixes outputformat=logistic outputdirectory=D:/DOTTORATO/PROGETTI/PAULLILATINO/PAPER_2/SDM_R_PROJECT/SDM_biomod2_50m/Phytophthora/models/20240717_1733_48/Phytophthora_PA3_RUN5_MAXENT_outputs projectionlayers=D:/DOTTORATO/PROGETTI/PAULLILATINO/PAPER_2/SDM_R_PROJECT/SDM_biomod2_50m/Phytophthora/models/20240717_1733_48/Phytophthora_PA3_RUN5_MAXENT_outputs/Predictions/Pred_swd.csv samplesfile=D:/DOTTORATO/PROGETTI/PAULLILATINO/PAPER_2/SDM_R_PROJECT/SDM_biomod2_50m/Phytophthora/models/20240717_1733_48/Phytophthora_PA3_RUN5_MAXENT_outputs/Sp_swd.csv environmentallayers=D:/DOTTORATO/PROGETTI/PAULLILATINO/PAPER_2/SDM_R_PROJECT/SDM_biomod2_50m/Phytophthora/models/20240717_1733_48/Phytophthora_PA3_RUN5_MAXENT_outputs/Back_swd.csv nowarnings notooltips noaskoverwrite threshold noaddsamplestobackground autorun novisible
Species: Phytophthora_PA3_RUN5
Layers: BIO03 BIO06 BIO15 aspect bkd dndvi fla ndwi2021 rivers roads slope soc tpi twi wo
Layertypes: Continuous Continuous Continuous Continuous Continuous Continuous Continuous Continuous Continuous Continuous Continuous Continuous Continuous Continuous Continuous
outputformat: logistic
outputdirectory: D:/DOTTORATO/PROGETTI/PAULLILATINO/PAPER_2/SDM_R_PROJECT/SDM_biomod2_50m/Phytophthora/models/20240717_1733_48/Phytophthora_PA3_RUN5_MAXENT_outputs
projectionlayers: D:/DOTTORATO/PROGETTI/PAULLILATINO/PAPER_2/SDM_R_PROJECT/SDM_biomod2_50m/Phytophthora/models/20240717_1733_48/Phytophthora_PA3_RUN5_MAXENT_outputs/Predictions/Pred_swd.csv
samplesfile: D:/DOTTORATO/PROGETTI/PAULLILATINO/PAPER_2/SDM_R_PROJECT/SDM_biomod2_50m/Phytophthora/models/20240717_1733_48/Phytophthora_PA3_RUN5_MAXENT_outputs/Sp_swd.csv
environmentallayers: D:/DOTTORATO/PROGETTI/PAULLILATINO/PAPER_2/SDM_R_PROJECT/SDM_biomod2_50m/Phytophthora/models/20240717_1733_48/Phytophthora_PA3_RUN5_MAXENT_outputs/Back_swd.csv
warnings: false
tooltips: false
askoverwrite: false
threshold: true
addsamplestobackground: false
autorun: true
visible: false

getSamples: max memory 477626368, total allocated 128974848, free 114656296, used 14318552, increment 674664
Phytophthora_PA3_RUN5: 
Regularization values: linear/quadratic/product: 0.346, categorical: 0.250, threshold: 1.750, hinge: 0.500
25 samples
Density: max memory 477626368, total allocated 128974848, free 110519104, used 18455744, increment 4137192
linearPredictor: max memory 477626368, total allocated 128974848, free 110519104, used 18455744, increment 0
FeaturedSpace: max memory 477626368, total allocated 128974848, free 110519104, used 18455744, increment 0
Sequential: max memory 477626368, total allocated 128974848, free 110519104, used 18455744, increment 0
Initial loss: 6.684611727667927
Time since start: 3.363
500: time = 3,041000 loss = 5,609785
Resulting gain: 1.0748271506425846
Time since start: 4.621
Projecting...
Writing file D:\DOTTORATO\PROGETTI\PAULLILATINO\PAPER_2\SDM_R_PROJECT\SDM_biomod2_50m\Phytophthora\models\20240717_1733_48\Phytophthora_PA3_RUN5_MAXENT_outputs\Phytophthora_PA3_RUN5.csv
Projecting...
Reading file Pred_swd.csv
readGrid: max memory 477626368, total allocated 236453888, free 86196280, used 150257608, increment 131801864
Writing file D:\DOTTORATO\PROGETTI\PAULLILATINO\PAPER_2\SDM_R_PROJECT\SDM_biomod2_50m\Phytophthora\models\20240717_1733_48\Phytophthora_PA3_RUN5_MAXENT_outputs\Phytophthora_PA3_RUN5_Pred_swd.csv
Writing file D:\DOTTORATO\PROGETTI\PAULLILATINO\PAPER_2\SDM_R_PROJECT\SDM_biomod2_50m\Phytophthora\models\20240717_1733_48\Phytophthora_PA3_RUN5_MAXENT_outputs\Phytophthora_PA3_RUN5_Pred_swd_clamping.csv
Ending
