Fri Jul 05 13:42:47 CEST 2024
MaxEnt version 3.4.4
Reading file Back_swd.csv
readGrid: max memory 477626368, total allocated 128974848, free 106044112, used 22930736, increment 22930736
Reading samples from Sp_swd.csv
Read samples: max memory 477626368, total allocated 128974848, free 116270864, used 12703984, increment -10226752
Making features
makeFeatures: max memory 477626368, total allocated 128974848, free 115323888, used 13650960, increment 946976
Command line used:  environmentallayers=D:/DOTTORATO/PROGETTI/PAULLILATINO/PAPER_2/SDM_R_PROJECT/SDM_biomod2_50m/Phytophthora/models/20240705_1142_25/Phytophthora_PA20_RUN3_MAXENT_outputs/Back_swd.csv samplesfile=D:/DOTTORATO/PROGETTI/PAULLILATINO/PAPER_2/SDM_R_PROJECT/SDM_biomod2_50m/Phytophthora/models/20240705_1142_25/Phytophthora_PA20_RUN3_MAXENT_outputs/Sp_swd.csv projectionlayers=D:/DOTTORATO/PROGETTI/PAULLILATINO/PAPER_2/SDM_R_PROJECT/SDM_biomod2_50m/Phytophthora/models/20240705_1142_25/Phytophthora_PA20_RUN3_MAXENT_outputs/Predictions/Pred_swd.csv outputdirectory=D:/DOTTORATO/PROGETTI/PAULLILATINO/PAPER_2/SDM_R_PROJECT/SDM_biomod2_50m/Phytophthora/models/20240705_1142_25/Phytophthora_PA20_RUN3_MAXENT_outputs outputformat=logistic redoifexists visible=TRUE linear=TRUE quadratic=TRUE product=TRUE threshold=TRUE hinge=TRUE lq2lqptthreshold=80 l2lqthreshold=10 hingethreshold=15 beta_threshold=0 beta_categorical=-1 beta_lqp=-1 beta_hinge=-1 betamultiplier=1 defaultprevalence=0.5 autorun nowarnings notooltips noaddsamplestobackground
Command line to repeat: java density.MaxEnt nowarnings noprefixes outputformat=logistic outputdirectory=D:/DOTTORATO/PROGETTI/PAULLILATINO/PAPER_2/SDM_R_PROJECT/SDM_biomod2_50m/Phytophthora/models/20240705_1142_25/Phytophthora_PA20_RUN3_MAXENT_outputs projectionlayers=D:/DOTTORATO/PROGETTI/PAULLILATINO/PAPER_2/SDM_R_PROJECT/SDM_biomod2_50m/Phytophthora/models/20240705_1142_25/Phytophthora_PA20_RUN3_MAXENT_outputs/Predictions/Pred_swd.csv samplesfile=D:/DOTTORATO/PROGETTI/PAULLILATINO/PAPER_2/SDM_R_PROJECT/SDM_biomod2_50m/Phytophthora/models/20240705_1142_25/Phytophthora_PA20_RUN3_MAXENT_outputs/Sp_swd.csv environmentallayers=D:/DOTTORATO/PROGETTI/PAULLILATINO/PAPER_2/SDM_R_PROJECT/SDM_biomod2_50m/Phytophthora/models/20240705_1142_25/Phytophthora_PA20_RUN3_MAXENT_outputs/Back_swd.csv nowarnings notooltips noaskoverwrite threshold noaddsamplestobackground autorun beta_threshold=0.0
Species: Phytophthora_PA20_RUN3
Layers: BIO03 BIO06 fla green rivers roads soc wo
Layertypes: Continuous Continuous Continuous Continuous Continuous Continuous Continuous Continuous
outputformat: logistic
outputdirectory: D:/DOTTORATO/PROGETTI/PAULLILATINO/PAPER_2/SDM_R_PROJECT/SDM_biomod2_50m/Phytophthora/models/20240705_1142_25/Phytophthora_PA20_RUN3_MAXENT_outputs
projectionlayers: D:/DOTTORATO/PROGETTI/PAULLILATINO/PAPER_2/SDM_R_PROJECT/SDM_biomod2_50m/Phytophthora/models/20240705_1142_25/Phytophthora_PA20_RUN3_MAXENT_outputs/Predictions/Pred_swd.csv
samplesfile: D:/DOTTORATO/PROGETTI/PAULLILATINO/PAPER_2/SDM_R_PROJECT/SDM_biomod2_50m/Phytophthora/models/20240705_1142_25/Phytophthora_PA20_RUN3_MAXENT_outputs/Sp_swd.csv
environmentallayers: D:/DOTTORATO/PROGETTI/PAULLILATINO/PAPER_2/SDM_R_PROJECT/SDM_biomod2_50m/Phytophthora/models/20240705_1142_25/Phytophthora_PA20_RUN3_MAXENT_outputs/Back_swd.csv
warnings: false
tooltips: false
askoverwrite: false
threshold: true
addsamplestobackground: false
autorun: true
beta_threshold: 0.0

getSamples: max memory 477626368, total allocated 128974848, free 114853608, used 14121240, increment 470280
Phytophthora_PA20_RUN3: 
Regularization values: linear/quadratic/product: 0.365, categorical: 0.250, threshold: 0.000, hinge: 0.500
24 samples
Density: max memory 477626368, total allocated 128974848, free 112959296, used 16015552, increment 1894312
linearPredictor: max memory 477626368, total allocated 128974848, free 112959296, used 16015552, increment 0
FeaturedSpace: max memory 477626368, total allocated 128974848, free 112959296, used 16015552, increment 0
Sequential: max memory 477626368, total allocated 128974848, free 112959296, used 16015552, increment 0
Initial loss: 6.684611727667927
Time since start: 1.41
160: time = 1,050000 loss = 6,054943
Resulting gain: 0.6296682508377751
Time since start: 2.558
Projecting...
Writing file D:\DOTTORATO\PROGETTI\PAULLILATINO\PAPER_2\SDM_R_PROJECT\SDM_biomod2_50m\Phytophthora\models\20240705_1142_25\Phytophthora_PA20_RUN3_MAXENT_outputs\Phytophthora_PA20_RUN3.csv
Projecting...
Reading file Pred_swd.csv
readGrid: max memory 477626368, total allocated 234881024, free 206518832, used 28362192, increment 12346640
Writing file D:\DOTTORATO\PROGETTI\PAULLILATINO\PAPER_2\SDM_R_PROJECT\SDM_biomod2_50m\Phytophthora\models\20240705_1142_25\Phytophthora_PA20_RUN3_MAXENT_outputs\Phytophthora_PA20_RUN3_Pred_swd.csv
Writing file D:\DOTTORATO\PROGETTI\PAULLILATINO\PAPER_2\SDM_R_PROJECT\SDM_biomod2_50m\Phytophthora\models\20240705_1142_25\Phytophthora_PA20_RUN3_MAXENT_outputs\Phytophthora_PA20_RUN3_Pred_swd_clamping.csv
Ending
