Wed Jun 12 16:41:27 CEST 2024
MaxEnt version 3.4.4
Reading file Back_swd.csv
readGrid: max memory 477626368, total allocated 128974848, free 115841408, used 13133440, increment 13133440
Reading samples from Sp_swd.csv
Read samples: max memory 477626368, total allocated 128974848, free 99483608, used 29491240, increment 16357800
Making features
makeFeatures: max memory 477626368, total allocated 128974848, free 98114016, used 30860832, increment 1369592
Command line used:  environmentallayers=D:/DOTTORATO/PROGETTI/PAULLILATINO/PAPER_2/SDM_R_PROJECT/SDM_biomod2_50m/Phytophthora/models/20240612_1629_42/Phytophthora_PA2_RUN10_MAXENT_outputs/Back_swd.csv samplesfile=D:/DOTTORATO/PROGETTI/PAULLILATINO/PAPER_2/SDM_R_PROJECT/SDM_biomod2_50m/Phytophthora/models/20240612_1629_42/Phytophthora_PA2_RUN10_MAXENT_outputs/Sp_swd.csv projectionlayers=D:/DOTTORATO/PROGETTI/PAULLILATINO/PAPER_2/SDM_R_PROJECT/SDM_biomod2_50m/Phytophthora/models/20240612_1629_42/Phytophthora_PA2_RUN10_MAXENT_outputs/Predictions/Pred_swd.csv outputdirectory=D:/DOTTORATO/PROGETTI/PAULLILATINO/PAPER_2/SDM_R_PROJECT/SDM_biomod2_50m/Phytophthora/models/20240612_1629_42/Phytophthora_PA2_RUN10_MAXENT_outputs outputformat=logistic redoifexists visible=FALSE linear=TRUE quadratic=TRUE product=TRUE threshold=TRUE hinge=TRUE lq2lqptthreshold=80 l2lqthreshold=10 hingethreshold=15 beta_threshold=-1 beta_categorical=-1 beta_lqp=-1 beta_hinge=-1 betamultiplier=1 defaultprevalence=0.5 autorun nowarnings notooltips noaddsamplestobackground
Command line to repeat: java density.MaxEnt nowarnings noprefixes outputformat=logistic outputdirectory=D:/DOTTORATO/PROGETTI/PAULLILATINO/PAPER_2/SDM_R_PROJECT/SDM_biomod2_50m/Phytophthora/models/20240612_1629_42/Phytophthora_PA2_RUN10_MAXENT_outputs projectionlayers=D:/DOTTORATO/PROGETTI/PAULLILATINO/PAPER_2/SDM_R_PROJECT/SDM_biomod2_50m/Phytophthora/models/20240612_1629_42/Phytophthora_PA2_RUN10_MAXENT_outputs/Predictions/Pred_swd.csv samplesfile=D:/DOTTORATO/PROGETTI/PAULLILATINO/PAPER_2/SDM_R_PROJECT/SDM_biomod2_50m/Phytophthora/models/20240612_1629_42/Phytophthora_PA2_RUN10_MAXENT_outputs/Sp_swd.csv environmentallayers=D:/DOTTORATO/PROGETTI/PAULLILATINO/PAPER_2/SDM_R_PROJECT/SDM_biomod2_50m/Phytophthora/models/20240612_1629_42/Phytophthora_PA2_RUN10_MAXENT_outputs/Back_swd.csv nowarnings notooltips noaskoverwrite threshold noaddsamplestobackground autorun novisible
Species: Phytophthora_PA2_RUN10
Layers: BIO03 BIO06 BIO15 green rivers roads soc wo
Layertypes: Continuous Continuous Continuous Continuous Continuous Continuous Continuous Continuous
outputformat: logistic
outputdirectory: D:/DOTTORATO/PROGETTI/PAULLILATINO/PAPER_2/SDM_R_PROJECT/SDM_biomod2_50m/Phytophthora/models/20240612_1629_42/Phytophthora_PA2_RUN10_MAXENT_outputs
projectionlayers: D:/DOTTORATO/PROGETTI/PAULLILATINO/PAPER_2/SDM_R_PROJECT/SDM_biomod2_50m/Phytophthora/models/20240612_1629_42/Phytophthora_PA2_RUN10_MAXENT_outputs/Predictions/Pred_swd.csv
samplesfile: D:/DOTTORATO/PROGETTI/PAULLILATINO/PAPER_2/SDM_R_PROJECT/SDM_biomod2_50m/Phytophthora/models/20240612_1629_42/Phytophthora_PA2_RUN10_MAXENT_outputs/Sp_swd.csv
environmentallayers: D:/DOTTORATO/PROGETTI/PAULLILATINO/PAPER_2/SDM_R_PROJECT/SDM_biomod2_50m/Phytophthora/models/20240612_1629_42/Phytophthora_PA2_RUN10_MAXENT_outputs/Back_swd.csv
warnings: false
tooltips: false
askoverwrite: false
threshold: true
addsamplestobackground: false
autorun: true
visible: false

getSamples: max memory 477626368, total allocated 128974848, free 98114016, used 30860832, increment 0
Phytophthora_PA2_RUN10: 
Regularization values: linear/quadratic/product: 0.346, categorical: 0.250, threshold: 1.750, hinge: 0.500
25 samples
Density: max memory 477626368, total allocated 128974848, free 95381064, used 33593784, increment 2732952
linearPredictor: max memory 477626368, total allocated 128974848, free 95381064, used 33593784, increment 0
FeaturedSpace: max memory 477626368, total allocated 128974848, free 95381064, used 33593784, increment 0
Sequential: max memory 477626368, total allocated 128974848, free 95381064, used 33593784, increment 0
Initial loss: 6.684611727667927
Time since start: 1.641
380: time = 1,390000 loss = 5,893215
Resulting gain: 0.7913963240475903
Projecting...
Writing file D:\DOTTORATO\PROGETTI\PAULLILATINO\PAPER_2\SDM_R_PROJECT\SDM_biomod2_50m\Phytophthora\models\20240612_1629_42\Phytophthora_PA2_RUN10_MAXENT_outputs\Phytophthora_PA2_RUN10.csv
Projecting...
Reading file Pred_swd.csv
readGrid: max memory 477626368, total allocated 229113856, free 92257992, used 136855864, increment 103262080
Writing file D:\DOTTORATO\PROGETTI\PAULLILATINO\PAPER_2\SDM_R_PROJECT\SDM_biomod2_50m\Phytophthora\models\20240612_1629_42\Phytophthora_PA2_RUN10_MAXENT_outputs\Phytophthora_PA2_RUN10_Pred_swd.csv
Writing file D:\DOTTORATO\PROGETTI\PAULLILATINO\PAPER_2\SDM_R_PROJECT\SDM_biomod2_50m\Phytophthora\models\20240612_1629_42\Phytophthora_PA2_RUN10_MAXENT_outputs\Phytophthora_PA2_RUN10_Pred_swd_clamping.csv
Ending
