Mon May 06 17:07:25 CEST 2024
MaxEnt version 3.4.4
Checking header of D:\DOTTORATO\PROGETTI\PAULLILATINO\PAPER_2\SDM_R_PROJECT\SDM_biomod2_50m\.\INPUT\RASTER\maxent_background_data\BIO16.asc
Checking header of D:\DOTTORATO\PROGETTI\PAULLILATINO\PAPER_2\SDM_R_PROJECT\SDM_biomod2_50m\.\INPUT\RASTER\maxent_background_data\aspect.asc
Checking header of D:\DOTTORATO\PROGETTI\PAULLILATINO\PAPER_2\SDM_R_PROJECT\SDM_biomod2_50m\.\INPUT\RASTER\maxent_background_data\fla.asc
Checking header of D:\DOTTORATO\PROGETTI\PAULLILATINO\PAPER_2\SDM_R_PROJECT\SDM_biomod2_50m\.\INPUT\RASTER\maxent_background_data\nitrogen.asc
Checking header of D:\DOTTORATO\PROGETTI\PAULLILATINO\PAPER_2\SDM_R_PROJECT\SDM_biomod2_50m\.\INPUT\RASTER\maxent_background_data\rivers.asc
Checking header of D:\DOTTORATO\PROGETTI\PAULLILATINO\PAPER_2\SDM_R_PROJECT\SDM_biomod2_50m\.\INPUT\RASTER\maxent_background_data\roads.asc
Checking header of D:\DOTTORATO\PROGETTI\PAULLILATINO\PAPER_2\SDM_R_PROJECT\SDM_biomod2_50m\.\INPUT\RASTER\maxent_background_data\sand.asc
Reading samples from Sp_swd.csv
Read samples: max memory 477626368, total allocated 128974848, free 114549784, used 14425064, increment 14425064
Extractor: max memory 477626368, total allocated 128974848, free 112504168, used 16470680, increment 2045616
Extracting random background and sample data
35889 points with values for all grids
Making features
makeFeatures: max memory 477626368, total allocated 128974848, free 105650672, used 23324176, increment 6853496
Command line used:  environmentallayers=./INPUT/RASTER/maxent_background_data samplesfile=D:/DOTTORATO/PROGETTI/PAULLILATINO/PAPER_2/SDM_R_PROJECT/SDM_biomod2_50m/Phytophthora/models/20240506_1646_46/Phytophthora_PA3_RUN9_MAXENT_outputs/Sp_swd.csv projectionlayers=D:/DOTTORATO/PROGETTI/PAULLILATINO/PAPER_2/SDM_R_PROJECT/SDM_biomod2_50m/Phytophthora/models/20240506_1646_46/Phytophthora_PA3_RUN9_MAXENT_outputs/Predictions/Pred_swd.csv outputdirectory=D:/DOTTORATO/PROGETTI/PAULLILATINO/PAPER_2/SDM_R_PROJECT/SDM_biomod2_50m/Phytophthora/models/20240506_1646_46/Phytophthora_PA3_RUN9_MAXENT_outputs outputformat=logistic redoifexists visible=FALSE linear=TRUE quadratic=TRUE product=TRUE threshold=TRUE hinge=TRUE lq2lqptthreshold=80 l2lqthreshold=10 hingethreshold=15 beta_threshold=-1 beta_categorical=-1 beta_lqp=-1 beta_hinge=-1 betamultiplier=1 defaultprevalence=0.5 autorun nowarnings notooltips noaddsamplestobackground
Command line to repeat: java density.MaxEnt nowarnings noprefixes outputformat=logistic outputdirectory=D:/DOTTORATO/PROGETTI/PAULLILATINO/PAPER_2/SDM_R_PROJECT/SDM_biomod2_50m/Phytophthora/models/20240506_1646_46/Phytophthora_PA3_RUN9_MAXENT_outputs projectionlayers=D:/DOTTORATO/PROGETTI/PAULLILATINO/PAPER_2/SDM_R_PROJECT/SDM_biomod2_50m/Phytophthora/models/20240506_1646_46/Phytophthora_PA3_RUN9_MAXENT_outputs/Predictions/Pred_swd.csv samplesfile=D:/DOTTORATO/PROGETTI/PAULLILATINO/PAPER_2/SDM_R_PROJECT/SDM_biomod2_50m/Phytophthora/models/20240506_1646_46/Phytophthora_PA3_RUN9_MAXENT_outputs/Sp_swd.csv environmentallayers=./INPUT/RASTER/maxent_background_data nowarnings notooltips noaskoverwrite threshold noaddsamplestobackground autorun novisible
Species: Phytophthora_PA3_RUN9
Layers: BIO16 aspect fla nitrogen rivers roads sand
Layertypes: Continuous Continuous Continuous Continuous Continuous Continuous Continuous
outputformat: logistic
outputdirectory: D:/DOTTORATO/PROGETTI/PAULLILATINO/PAPER_2/SDM_R_PROJECT/SDM_biomod2_50m/Phytophthora/models/20240506_1646_46/Phytophthora_PA3_RUN9_MAXENT_outputs
projectionlayers: D:/DOTTORATO/PROGETTI/PAULLILATINO/PAPER_2/SDM_R_PROJECT/SDM_biomod2_50m/Phytophthora/models/20240506_1646_46/Phytophthora_PA3_RUN9_MAXENT_outputs/Predictions/Pred_swd.csv
samplesfile: D:/DOTTORATO/PROGETTI/PAULLILATINO/PAPER_2/SDM_R_PROJECT/SDM_biomod2_50m/Phytophthora/models/20240506_1646_46/Phytophthora_PA3_RUN9_MAXENT_outputs/Sp_swd.csv
environmentallayers: ./INPUT/RASTER/maxent_background_data
warnings: false
tooltips: false
askoverwrite: false
threshold: true
addsamplestobackground: false
autorun: true
visible: false

getSamples: max memory 477626368, total allocated 128974848, free 104966456, used 24008392, increment 684216
Phytophthora_PA3_RUN9: 
Regularization values: linear/quadratic/product: 0.196, categorical: 0.250, threshold: 1.510, hinge: 0.500
49 samples
Density: max memory 477626368, total allocated 128974848, free 100454040, used 28520808, increment 4512416
linearPredictor: max memory 477626368, total allocated 128974848, free 100374024, used 28600824, increment 80016
FeaturedSpace: max memory 477626368, total allocated 128974848, free 100374024, used 28600824, increment 0
Sequential: max memory 477626368, total allocated 128974848, free 99686544, used 29288304, increment 687480
Initial loss: 9.210340371976184
Time since start: 15.099
500: time = 14,337000 loss = 8,652494
Resulting gain: 0.5578468272821144
Time since start: 16.317
Projecting...
Writing file D:\DOTTORATO\PROGETTI\PAULLILATINO\PAPER_2\SDM_R_PROJECT\SDM_biomod2_50m\Phytophthora\models\20240506_1646_46\Phytophthora_PA3_RUN9_MAXENT_outputs\Phytophthora_PA3_RUN9.asc
Writing D:\DOTTORATO\PROGETTI\PAULLILATINO\PAPER_2\SDM_R_PROJECT\SDM_biomod2_50m\Phytophthora\models\20240506_1646_46\Phytophthora_PA3_RUN9_MAXENT_outputs\plots\Phytophthora_PA3_RUN9.png
Projecting...
Reading file Pred_swd.csv
readGrid: max memory 477626368, total allocated 128450560, free 81079808, used 47370752, increment 18082448
Writing file D:\DOTTORATO\PROGETTI\PAULLILATINO\PAPER_2\SDM_R_PROJECT\SDM_biomod2_50m\Phytophthora\models\20240506_1646_46\Phytophthora_PA3_RUN9_MAXENT_outputs\Phytophthora_PA3_RUN9_Pred_swd.csv
Writing file D:\DOTTORATO\PROGETTI\PAULLILATINO\PAPER_2\SDM_R_PROJECT\SDM_biomod2_50m\Phytophthora\models\20240506_1646_46\Phytophthora_PA3_RUN9_MAXENT_outputs\Phytophthora_PA3_RUN9_Pred_swd_clamping.csv
Time since start: 17.759
Ending
