Tue May 07 09:51:27 CEST 2024
MaxEnt version 3.4.4
Reading file Back_swd.csv
readGrid: max memory 477626368, total allocated 128974848, free 115330832, used 13644016, increment 13644016
Reading samples from Sp_swd.csv
Read samples: max memory 477626368, total allocated 128974848, free 124483000, used 4491848, increment -9152168
Making features
makeFeatures: max memory 477626368, total allocated 128974848, free 122097232, used 6877616, increment 2385768
Command line used:  environmentallayers=D:/DOTTORATO/PROGETTI/PAULLILATINO/PAPER_2/SDM_R_PROJECT/SDM_biomod2_50m/Phytophthora/models/20240507_0940_20/Phytophthora_PA3_allRun_MAXENT_outputs/Back_swd.csv samplesfile=D:/DOTTORATO/PROGETTI/PAULLILATINO/PAPER_2/SDM_R_PROJECT/SDM_biomod2_50m/Phytophthora/models/20240507_0940_20/Phytophthora_PA3_allRun_MAXENT_outputs/Sp_swd.csv projectionlayers=D:/DOTTORATO/PROGETTI/PAULLILATINO/PAPER_2/SDM_R_PROJECT/SDM_biomod2_50m/Phytophthora/models/20240507_0940_20/Phytophthora_PA3_allRun_MAXENT_outputs/Predictions/Pred_swd.csv outputdirectory=D:/DOTTORATO/PROGETTI/PAULLILATINO/PAPER_2/SDM_R_PROJECT/SDM_biomod2_50m/Phytophthora/models/20240507_0940_20/Phytophthora_PA3_allRun_MAXENT_outputs outputformat=logistic redoifexists visible=FALSE linear=TRUE quadratic=TRUE product=TRUE threshold=TRUE hinge=TRUE lq2lqptthreshold=80 l2lqthreshold=10 hingethreshold=15 beta_threshold=-1 beta_categorical=-1 beta_lqp=-1 beta_hinge=-1 betamultiplier=1 defaultprevalence=0.5 autorun nowarnings notooltips noaddsamplestobackground
Command line to repeat: java density.MaxEnt nowarnings noprefixes outputformat=logistic outputdirectory=D:/DOTTORATO/PROGETTI/PAULLILATINO/PAPER_2/SDM_R_PROJECT/SDM_biomod2_50m/Phytophthora/models/20240507_0940_20/Phytophthora_PA3_allRun_MAXENT_outputs projectionlayers=D:/DOTTORATO/PROGETTI/PAULLILATINO/PAPER_2/SDM_R_PROJECT/SDM_biomod2_50m/Phytophthora/models/20240507_0940_20/Phytophthora_PA3_allRun_MAXENT_outputs/Predictions/Pred_swd.csv samplesfile=D:/DOTTORATO/PROGETTI/PAULLILATINO/PAPER_2/SDM_R_PROJECT/SDM_biomod2_50m/Phytophthora/models/20240507_0940_20/Phytophthora_PA3_allRun_MAXENT_outputs/Sp_swd.csv environmentallayers=D:/DOTTORATO/PROGETTI/PAULLILATINO/PAPER_2/SDM_R_PROJECT/SDM_biomod2_50m/Phytophthora/models/20240507_0940_20/Phytophthora_PA3_allRun_MAXENT_outputs/Back_swd.csv nowarnings notooltips noaskoverwrite threshold noaddsamplestobackground autorun novisible
Species: Phytophthora_PA3_allRun
Layers: BIO16 aspect fla nitrogen rivers roads sand
Layertypes: Continuous Continuous Continuous Continuous Continuous Continuous Continuous
outputformat: logistic
outputdirectory: D:/DOTTORATO/PROGETTI/PAULLILATINO/PAPER_2/SDM_R_PROJECT/SDM_biomod2_50m/Phytophthora/models/20240507_0940_20/Phytophthora_PA3_allRun_MAXENT_outputs
projectionlayers: D:/DOTTORATO/PROGETTI/PAULLILATINO/PAPER_2/SDM_R_PROJECT/SDM_biomod2_50m/Phytophthora/models/20240507_0940_20/Phytophthora_PA3_allRun_MAXENT_outputs/Predictions/Pred_swd.csv
samplesfile: D:/DOTTORATO/PROGETTI/PAULLILATINO/PAPER_2/SDM_R_PROJECT/SDM_biomod2_50m/Phytophthora/models/20240507_0940_20/Phytophthora_PA3_allRun_MAXENT_outputs/Sp_swd.csv
environmentallayers: D:/DOTTORATO/PROGETTI/PAULLILATINO/PAPER_2/SDM_R_PROJECT/SDM_biomod2_50m/Phytophthora/models/20240507_0940_20/Phytophthora_PA3_allRun_MAXENT_outputs/Back_swd.csv
warnings: false
tooltips: false
askoverwrite: false
threshold: true
addsamplestobackground: false
autorun: true
visible: false

getSamples: max memory 477626368, total allocated 128974848, free 122097232, used 6877616, increment 0
Phytophthora_PA3_allRun: 
Regularization values: linear/quadratic/product: 0.161, categorical: 0.250, threshold: 1.390, hinge: 0.500
61 samples
Density: max memory 477626368, total allocated 128974848, free 118676608, used 10298240, increment 3420624
linearPredictor: max memory 477626368, total allocated 128974848, free 118676608, used 10298240, increment 0
FeaturedSpace: max memory 477626368, total allocated 128974848, free 118676608, used 10298240, increment 0
Sequential: max memory 477626368, total allocated 128974848, free 118676608, used 10298240, increment 0
Initial loss: 6.907755278982137
Time since start: 2.213
500: time = 1,990000 loss = 6,161178
Resulting gain: 0.746577030419874
Projecting...
Writing file D:\DOTTORATO\PROGETTI\PAULLILATINO\PAPER_2\SDM_R_PROJECT\SDM_biomod2_50m\Phytophthora\models\20240507_0940_20\Phytophthora_PA3_allRun_MAXENT_outputs\Phytophthora_PA3_allRun.csv
Projecting...
Reading file Pred_swd.csv
readGrid: max memory 477626368, total allocated 211812352, free 127321376, used 84490976, increment 74192736
Writing file D:\DOTTORATO\PROGETTI\PAULLILATINO\PAPER_2\SDM_R_PROJECT\SDM_biomod2_50m\Phytophthora\models\20240507_0940_20\Phytophthora_PA3_allRun_MAXENT_outputs\Phytophthora_PA3_allRun_Pred_swd.csv
Writing file D:\DOTTORATO\PROGETTI\PAULLILATINO\PAPER_2\SDM_R_PROJECT\SDM_biomod2_50m\Phytophthora\models\20240507_0940_20\Phytophthora_PA3_allRun_MAXENT_outputs\Phytophthora_PA3_allRun_Pred_swd_clamping.csv
Time since start: 3.371
Ending
