Wed Jun 12 19:52:23 CEST 2024
MaxEnt version 3.4.4
Reading file Back_swd.csv
readGrid: max memory 477626368, total allocated 128974848, free 115848752, used 13126096, increment 13126096
Reading samples from Sp_swd.csv
Read samples: max memory 477626368, total allocated 128974848, free 99490960, used 29483888, increment 16357792
Making features
makeFeatures: max memory 477626368, total allocated 128974848, free 98121384, used 30853464, increment 1369576
Command line used:  environmentallayers=D:/DOTTORATO/PROGETTI/PAULLILATINO/PAPER_2/SDM_R_PROJECT/SDM_biomod2_50m/Phytophthora/models/20240612_1944_31/Phytophthora_PA2_RUN6_MAXENT_outputs/Back_swd.csv samplesfile=D:/DOTTORATO/PROGETTI/PAULLILATINO/PAPER_2/SDM_R_PROJECT/SDM_biomod2_50m/Phytophthora/models/20240612_1944_31/Phytophthora_PA2_RUN6_MAXENT_outputs/Sp_swd.csv projectionlayers=D:/DOTTORATO/PROGETTI/PAULLILATINO/PAPER_2/SDM_R_PROJECT/SDM_biomod2_50m/Phytophthora/models/20240612_1944_31/Phytophthora_PA2_RUN6_MAXENT_outputs/Predictions/Pred_swd.csv outputdirectory=D:/DOTTORATO/PROGETTI/PAULLILATINO/PAPER_2/SDM_R_PROJECT/SDM_biomod2_50m/Phytophthora/models/20240612_1944_31/Phytophthora_PA2_RUN6_MAXENT_outputs outputformat=logistic redoifexists visible=FALSE linear=TRUE quadratic=TRUE product=TRUE threshold=TRUE hinge=TRUE lq2lqptthreshold=80 l2lqthreshold=10 hingethreshold=15 beta_threshold=-1 beta_categorical=-1 beta_lqp=-1 beta_hinge=-1 betamultiplier=1 defaultprevalence=0.5 autorun nowarnings notooltips noaddsamplestobackground
Command line to repeat: java density.MaxEnt nowarnings noprefixes outputformat=logistic outputdirectory=D:/DOTTORATO/PROGETTI/PAULLILATINO/PAPER_2/SDM_R_PROJECT/SDM_biomod2_50m/Phytophthora/models/20240612_1944_31/Phytophthora_PA2_RUN6_MAXENT_outputs projectionlayers=D:/DOTTORATO/PROGETTI/PAULLILATINO/PAPER_2/SDM_R_PROJECT/SDM_biomod2_50m/Phytophthora/models/20240612_1944_31/Phytophthora_PA2_RUN6_MAXENT_outputs/Predictions/Pred_swd.csv samplesfile=D:/DOTTORATO/PROGETTI/PAULLILATINO/PAPER_2/SDM_R_PROJECT/SDM_biomod2_50m/Phytophthora/models/20240612_1944_31/Phytophthora_PA2_RUN6_MAXENT_outputs/Sp_swd.csv environmentallayers=D:/DOTTORATO/PROGETTI/PAULLILATINO/PAPER_2/SDM_R_PROJECT/SDM_biomod2_50m/Phytophthora/models/20240612_1944_31/Phytophthora_PA2_RUN6_MAXENT_outputs/Back_swd.csv nowarnings notooltips noaskoverwrite threshold noaddsamplestobackground autorun novisible
Species: Phytophthora_PA2_RUN6
Layers: BIO03 BIO06 fla green rivers roads soc wo
Layertypes: Continuous Continuous Continuous Continuous Continuous Continuous Continuous Continuous
outputformat: logistic
outputdirectory: D:/DOTTORATO/PROGETTI/PAULLILATINO/PAPER_2/SDM_R_PROJECT/SDM_biomod2_50m/Phytophthora/models/20240612_1944_31/Phytophthora_PA2_RUN6_MAXENT_outputs
projectionlayers: D:/DOTTORATO/PROGETTI/PAULLILATINO/PAPER_2/SDM_R_PROJECT/SDM_biomod2_50m/Phytophthora/models/20240612_1944_31/Phytophthora_PA2_RUN6_MAXENT_outputs/Predictions/Pred_swd.csv
samplesfile: D:/DOTTORATO/PROGETTI/PAULLILATINO/PAPER_2/SDM_R_PROJECT/SDM_biomod2_50m/Phytophthora/models/20240612_1944_31/Phytophthora_PA2_RUN6_MAXENT_outputs/Sp_swd.csv
environmentallayers: D:/DOTTORATO/PROGETTI/PAULLILATINO/PAPER_2/SDM_R_PROJECT/SDM_biomod2_50m/Phytophthora/models/20240612_1944_31/Phytophthora_PA2_RUN6_MAXENT_outputs/Back_swd.csv
warnings: false
tooltips: false
askoverwrite: false
threshold: true
addsamplestobackground: false
autorun: true
visible: false

getSamples: max memory 477626368, total allocated 128974848, free 98121384, used 30853464, increment 0
Phytophthora_PA2_RUN6: 
Regularization values: linear/quadratic/product: 0.346, categorical: 0.250, threshold: 1.750, hinge: 0.500
25 samples
Density: max memory 477626368, total allocated 128974848, free 95383176, used 33591672, increment 2738208
linearPredictor: max memory 477626368, total allocated 128974848, free 95383176, used 33591672, increment 0
FeaturedSpace: max memory 477626368, total allocated 128974848, free 95383176, used 33591672, increment 0
Sequential: max memory 477626368, total allocated 128974848, free 95383176, used 33591672, increment 0
Initial loss: 6.684611727667927
Time since start: 1.178
380: time = 1,037000 loss = 5,791489
Resulting gain: 0.893122767346969
Projecting...
Writing file D:\DOTTORATO\PROGETTI\PAULLILATINO\PAPER_2\SDM_R_PROJECT\SDM_biomod2_50m\Phytophthora\models\20240612_1944_31\Phytophthora_PA2_RUN6_MAXENT_outputs\Phytophthora_PA2_RUN6.csv
Projecting...
Reading file Pred_swd.csv
readGrid: max memory 477626368, total allocated 229113856, free 93297840, used 135816016, increment 102224344
Writing file D:\DOTTORATO\PROGETTI\PAULLILATINO\PAPER_2\SDM_R_PROJECT\SDM_biomod2_50m\Phytophthora\models\20240612_1944_31\Phytophthora_PA2_RUN6_MAXENT_outputs\Phytophthora_PA2_RUN6_Pred_swd.csv
Writing file D:\DOTTORATO\PROGETTI\PAULLILATINO\PAPER_2\SDM_R_PROJECT\SDM_biomod2_50m\Phytophthora\models\20240612_1944_31\Phytophthora_PA2_RUN6_MAXENT_outputs\Phytophthora_PA2_RUN6_Pred_swd_clamping.csv
Ending
