Mon Jun 03 17:58:08 CEST 2024
MaxEnt version 3.4.4
Reading file Back_swd.csv
readGrid: max memory 477626368, total allocated 128974848, free 116523704, used 12451144, increment 12451144
Warning: File Back_swd.csv has value -9999, treating as no-data value
Reading samples from Sp_swd.csv
Read samples: max memory 477626368, total allocated 128974848, free 99475384, used 29499464, increment 17048320
Making features
makeFeatures: max memory 477626368, total allocated 128974848, free 98105896, used 30868952, increment 1369488
Command line used:  environmentallayers=D:/DOTTORATO/PROGETTI/PAULLILATINO/PAPER_2/SDM_R_PROJECT/SDM_biomod2_50m/Phytophthora/models/20240603_1744_29/Phytophthora_PA3_RUN9_MAXENT_outputs/Back_swd.csv samplesfile=D:/DOTTORATO/PROGETTI/PAULLILATINO/PAPER_2/SDM_R_PROJECT/SDM_biomod2_50m/Phytophthora/models/20240603_1744_29/Phytophthora_PA3_RUN9_MAXENT_outputs/Sp_swd.csv projectionlayers=D:/DOTTORATO/PROGETTI/PAULLILATINO/PAPER_2/SDM_R_PROJECT/SDM_biomod2_50m/Phytophthora/models/20240603_1744_29/Phytophthora_PA3_RUN9_MAXENT_outputs/Predictions/Pred_swd.csv outputdirectory=D:/DOTTORATO/PROGETTI/PAULLILATINO/PAPER_2/SDM_R_PROJECT/SDM_biomod2_50m/Phytophthora/models/20240603_1744_29/Phytophthora_PA3_RUN9_MAXENT_outputs outputformat=logistic redoifexists visible=FALSE linear=TRUE quadratic=TRUE product=TRUE threshold=TRUE hinge=TRUE lq2lqptthreshold=80 l2lqthreshold=10 hingethreshold=15 beta_threshold=-1 beta_categorical=-1 beta_lqp=-1 beta_hinge=-1 betamultiplier=1 defaultprevalence=0.5 autorun nowarnings notooltips noaddsamplestobackground
Command line to repeat: java density.MaxEnt nowarnings noprefixes outputformat=logistic outputdirectory=D:/DOTTORATO/PROGETTI/PAULLILATINO/PAPER_2/SDM_R_PROJECT/SDM_biomod2_50m/Phytophthora/models/20240603_1744_29/Phytophthora_PA3_RUN9_MAXENT_outputs projectionlayers=D:/DOTTORATO/PROGETTI/PAULLILATINO/PAPER_2/SDM_R_PROJECT/SDM_biomod2_50m/Phytophthora/models/20240603_1744_29/Phytophthora_PA3_RUN9_MAXENT_outputs/Predictions/Pred_swd.csv samplesfile=D:/DOTTORATO/PROGETTI/PAULLILATINO/PAPER_2/SDM_R_PROJECT/SDM_biomod2_50m/Phytophthora/models/20240603_1744_29/Phytophthora_PA3_RUN9_MAXENT_outputs/Sp_swd.csv environmentallayers=D:/DOTTORATO/PROGETTI/PAULLILATINO/PAPER_2/SDM_R_PROJECT/SDM_biomod2_50m/Phytophthora/models/20240603_1744_29/Phytophthora_PA3_RUN9_MAXENT_outputs/Back_swd.csv nowarnings notooltips noaskoverwrite threshold noaddsamplestobackground autorun novisible
Species: Phytophthora_PA3_RUN9
Layers: BIO03 BIO06 fla green rivers roads soc wo
Layertypes: Continuous Continuous Continuous Continuous Continuous Continuous Continuous Continuous
outputformat: logistic
outputdirectory: D:/DOTTORATO/PROGETTI/PAULLILATINO/PAPER_2/SDM_R_PROJECT/SDM_biomod2_50m/Phytophthora/models/20240603_1744_29/Phytophthora_PA3_RUN9_MAXENT_outputs
projectionlayers: D:/DOTTORATO/PROGETTI/PAULLILATINO/PAPER_2/SDM_R_PROJECT/SDM_biomod2_50m/Phytophthora/models/20240603_1744_29/Phytophthora_PA3_RUN9_MAXENT_outputs/Predictions/Pred_swd.csv
samplesfile: D:/DOTTORATO/PROGETTI/PAULLILATINO/PAPER_2/SDM_R_PROJECT/SDM_biomod2_50m/Phytophthora/models/20240603_1744_29/Phytophthora_PA3_RUN9_MAXENT_outputs/Sp_swd.csv
environmentallayers: D:/DOTTORATO/PROGETTI/PAULLILATINO/PAPER_2/SDM_R_PROJECT/SDM_biomod2_50m/Phytophthora/models/20240603_1744_29/Phytophthora_PA3_RUN9_MAXENT_outputs/Back_swd.csv
warnings: false
tooltips: false
askoverwrite: false
threshold: true
addsamplestobackground: false
autorun: true
visible: false

getSamples: max memory 477626368, total allocated 128974848, free 98105896, used 30868952, increment 0
Phytophthora_PA3_RUN9: 
Regularization values: linear/quadratic/product: 0.346, categorical: 0.250, threshold: 1.750, hinge: 0.500
25 samples
Density: max memory 477626368, total allocated 128974848, free 96041472, used 32933376, increment 2064424
linearPredictor: max memory 477626368, total allocated 128974848, free 96041472, used 32933376, increment 0
FeaturedSpace: max memory 477626368, total allocated 128974848, free 96041472, used 32933376, increment 0
Sequential: max memory 477626368, total allocated 128974848, free 96041472, used 32933376, increment 0
Initial loss: 6.674561391814426
Time since start: 1.499
260: time = 1,190000 loss = 5,895044
Resulting gain: 0.7795171372129861
Projecting...
Writing file D:\DOTTORATO\PROGETTI\PAULLILATINO\PAPER_2\SDM_R_PROJECT\SDM_biomod2_50m\Phytophthora\models\20240603_1744_29\Phytophthora_PA3_RUN9_MAXENT_outputs\Phytophthora_PA3_RUN9.csv
Time since start: 2.518
Projecting...
Reading file Pred_swd.csv
readGrid: max memory 477626368, total allocated 231211008, free 180928528, used 50282480, increment 17349104
Warning: File Pred_swd.csv has value -9999, treating as no-data value
Writing file D:\DOTTORATO\PROGETTI\PAULLILATINO\PAPER_2\SDM_R_PROJECT\SDM_biomod2_50m\Phytophthora\models\20240603_1744_29\Phytophthora_PA3_RUN9_MAXENT_outputs\Phytophthora_PA3_RUN9_Pred_swd.csv
Writing file D:\DOTTORATO\PROGETTI\PAULLILATINO\PAPER_2\SDM_R_PROJECT\SDM_biomod2_50m\Phytophthora\models\20240603_1744_29\Phytophthora_PA3_RUN9_MAXENT_outputs\Phytophthora_PA3_RUN9_Pred_swd_clamping.csv
Ending
