Fri May 17 10:32:23 CEST 2024
MaxEnt version 3.4.4
Reading file Back_swd.csv
readGrid: max memory 477626368, total allocated 128974848, free 115980848, used 12994000, increment 12994000
Reading samples from Sp_swd.csv
Read samples: max memory 477626368, total allocated 128974848, free 97578288, used 31396560, increment 18402560
Making features
makeFeatures: max memory 477626368, total allocated 128974848, free 96208736, used 32766112, increment 1369552
Command line used:  environmentallayers=D:/DOTTORATO/PROGETTI/PAULLILATINO/PAPER_2/SDM_R_PROJECT/SDM_biomod2_50m/Phytophthora/models/20240517_1023_21/Phytophthora_PA3_RUN7_MAXENT_outputs/Back_swd.csv samplesfile=D:/DOTTORATO/PROGETTI/PAULLILATINO/PAPER_2/SDM_R_PROJECT/SDM_biomod2_50m/Phytophthora/models/20240517_1023_21/Phytophthora_PA3_RUN7_MAXENT_outputs/Sp_swd.csv projectionlayers=D:/DOTTORATO/PROGETTI/PAULLILATINO/PAPER_2/SDM_R_PROJECT/SDM_biomod2_50m/Phytophthora/models/20240517_1023_21/Phytophthora_PA3_RUN7_MAXENT_outputs/Predictions/Pred_swd.csv outputdirectory=D:/DOTTORATO/PROGETTI/PAULLILATINO/PAPER_2/SDM_R_PROJECT/SDM_biomod2_50m/Phytophthora/models/20240517_1023_21/Phytophthora_PA3_RUN7_MAXENT_outputs outputformat=logistic redoifexists visible=FALSE linear=TRUE quadratic=TRUE product=TRUE threshold=TRUE hinge=TRUE lq2lqptthreshold=80 l2lqthreshold=10 hingethreshold=15 beta_threshold=-1 beta_categorical=-1 beta_lqp=-1 beta_hinge=-1 betamultiplier=1 defaultprevalence=0.5 autorun nowarnings notooltips noaddsamplestobackground
Command line to repeat: java density.MaxEnt nowarnings noprefixes outputformat=logistic outputdirectory=D:/DOTTORATO/PROGETTI/PAULLILATINO/PAPER_2/SDM_R_PROJECT/SDM_biomod2_50m/Phytophthora/models/20240517_1023_21/Phytophthora_PA3_RUN7_MAXENT_outputs projectionlayers=D:/DOTTORATO/PROGETTI/PAULLILATINO/PAPER_2/SDM_R_PROJECT/SDM_biomod2_50m/Phytophthora/models/20240517_1023_21/Phytophthora_PA3_RUN7_MAXENT_outputs/Predictions/Pred_swd.csv samplesfile=D:/DOTTORATO/PROGETTI/PAULLILATINO/PAPER_2/SDM_R_PROJECT/SDM_biomod2_50m/Phytophthora/models/20240517_1023_21/Phytophthora_PA3_RUN7_MAXENT_outputs/Sp_swd.csv environmentallayers=D:/DOTTORATO/PROGETTI/PAULLILATINO/PAPER_2/SDM_R_PROJECT/SDM_biomod2_50m/Phytophthora/models/20240517_1023_21/Phytophthora_PA3_RUN7_MAXENT_outputs/Back_swd.csv nowarnings notooltips noaskoverwrite threshold noaddsamplestobackground autorun novisible
Species: Phytophthora_PA3_RUN7
Layers: BIO06 BIO3 green rivers roads sand silt soc
Layertypes: Continuous Continuous Continuous Continuous Continuous Continuous Continuous Continuous
outputformat: logistic
outputdirectory: D:/DOTTORATO/PROGETTI/PAULLILATINO/PAPER_2/SDM_R_PROJECT/SDM_biomod2_50m/Phytophthora/models/20240517_1023_21/Phytophthora_PA3_RUN7_MAXENT_outputs
projectionlayers: D:/DOTTORATO/PROGETTI/PAULLILATINO/PAPER_2/SDM_R_PROJECT/SDM_biomod2_50m/Phytophthora/models/20240517_1023_21/Phytophthora_PA3_RUN7_MAXENT_outputs/Predictions/Pred_swd.csv
samplesfile: D:/DOTTORATO/PROGETTI/PAULLILATINO/PAPER_2/SDM_R_PROJECT/SDM_biomod2_50m/Phytophthora/models/20240517_1023_21/Phytophthora_PA3_RUN7_MAXENT_outputs/Sp_swd.csv
environmentallayers: D:/DOTTORATO/PROGETTI/PAULLILATINO/PAPER_2/SDM_R_PROJECT/SDM_biomod2_50m/Phytophthora/models/20240517_1023_21/Phytophthora_PA3_RUN7_MAXENT_outputs/Back_swd.csv
warnings: false
tooltips: false
askoverwrite: false
threshold: true
addsamplestobackground: false
autorun: true
visible: false

getSamples: max memory 477626368, total allocated 128974848, free 96208736, used 32766112, increment 0
Phytophthora_PA3_RUN7: 
Regularization values: linear/quadratic/product: 0.346, categorical: 0.250, threshold: 1.750, hinge: 0.500
25 samples
Density: max memory 477626368, total allocated 128974848, free 124510624, used 4464224, increment -28301888
linearPredictor: max memory 477626368, total allocated 128974848, free 124510624, used 4464224, increment 0
FeaturedSpace: max memory 477626368, total allocated 128974848, free 124510624, used 4464224, increment 0
Sequential: max memory 477626368, total allocated 128974848, free 124510624, used 4464224, increment 0
Initial loss: 6.684611727667927
Time since start: 1.944
500: time = 1,788000 loss = 5,908347
Resulting gain: 0.7762646196383498
Projecting...
Writing file D:\DOTTORATO\PROGETTI\PAULLILATINO\PAPER_2\SDM_R_PROJECT\SDM_biomod2_50m\Phytophthora\models\20240517_1023_21\Phytophthora_PA3_RUN7_MAXENT_outputs\Phytophthora_PA3_RUN7.csv
Projecting...
Reading file Pred_swd.csv
readGrid: max memory 477626368, total allocated 253755392, free 182969448, used 70785944, increment 66321720
Writing file D:\DOTTORATO\PROGETTI\PAULLILATINO\PAPER_2\SDM_R_PROJECT\SDM_biomod2_50m\Phytophthora\models\20240517_1023_21\Phytophthora_PA3_RUN7_MAXENT_outputs\Phytophthora_PA3_RUN7_Pred_swd.csv
Writing file D:\DOTTORATO\PROGETTI\PAULLILATINO\PAPER_2\SDM_R_PROJECT\SDM_biomod2_50m\Phytophthora\models\20240517_1023_21\Phytophthora_PA3_RUN7_MAXENT_outputs\Phytophthora_PA3_RUN7_Pred_swd_clamping.csv
Ending
