Mon Jun 03 17:19:32 CEST 2024
MaxEnt version 3.4.4
Reading file Back_swd.csv
readGrid: max memory 477626368, total allocated 128974848, free 115845880, used 13128968, increment 13128968
Warning: File Back_swd.csv has value -9999, treating as no-data value
Reading samples from Sp_swd.csv
Read samples: max memory 477626368, total allocated 128974848, free 99487920, used 29486928, increment 16357960
Making features
makeFeatures: max memory 477626368, total allocated 128974848, free 98118440, used 30856408, increment 1369480
Command line used:  environmentallayers=D:/DOTTORATO/PROGETTI/PAULLILATINO/PAPER_2/SDM_R_PROJECT/SDM_biomod2_50m/Phytophthora/models/20240603_1709_50/Phytophthora_PA3_RUN7_MAXENT_outputs/Back_swd.csv samplesfile=D:/DOTTORATO/PROGETTI/PAULLILATINO/PAPER_2/SDM_R_PROJECT/SDM_biomod2_50m/Phytophthora/models/20240603_1709_50/Phytophthora_PA3_RUN7_MAXENT_outputs/Sp_swd.csv projectionlayers=D:/DOTTORATO/PROGETTI/PAULLILATINO/PAPER_2/SDM_R_PROJECT/SDM_biomod2_50m/Phytophthora/models/20240603_1709_50/Phytophthora_PA3_RUN7_MAXENT_outputs/Predictions/Pred_swd.csv outputdirectory=D:/DOTTORATO/PROGETTI/PAULLILATINO/PAPER_2/SDM_R_PROJECT/SDM_biomod2_50m/Phytophthora/models/20240603_1709_50/Phytophthora_PA3_RUN7_MAXENT_outputs outputformat=logistic redoifexists visible=FALSE linear=TRUE quadratic=TRUE product=TRUE threshold=TRUE hinge=TRUE lq2lqptthreshold=80 l2lqthreshold=10 hingethreshold=15 beta_threshold=-1 beta_categorical=-1 beta_lqp=-1 beta_hinge=-1 betamultiplier=1 defaultprevalence=0.5 autorun nowarnings notooltips noaddsamplestobackground
Command line to repeat: java density.MaxEnt nowarnings noprefixes outputformat=logistic outputdirectory=D:/DOTTORATO/PROGETTI/PAULLILATINO/PAPER_2/SDM_R_PROJECT/SDM_biomod2_50m/Phytophthora/models/20240603_1709_50/Phytophthora_PA3_RUN7_MAXENT_outputs projectionlayers=D:/DOTTORATO/PROGETTI/PAULLILATINO/PAPER_2/SDM_R_PROJECT/SDM_biomod2_50m/Phytophthora/models/20240603_1709_50/Phytophthora_PA3_RUN7_MAXENT_outputs/Predictions/Pred_swd.csv samplesfile=D:/DOTTORATO/PROGETTI/PAULLILATINO/PAPER_2/SDM_R_PROJECT/SDM_biomod2_50m/Phytophthora/models/20240603_1709_50/Phytophthora_PA3_RUN7_MAXENT_outputs/Sp_swd.csv environmentallayers=D:/DOTTORATO/PROGETTI/PAULLILATINO/PAPER_2/SDM_R_PROJECT/SDM_biomod2_50m/Phytophthora/models/20240603_1709_50/Phytophthora_PA3_RUN7_MAXENT_outputs/Back_swd.csv nowarnings notooltips noaskoverwrite threshold noaddsamplestobackground autorun novisible
Species: Phytophthora_PA3_RUN7
Layers: BIO03 BIO06 fla green rivers roads soc wo
Layertypes: Continuous Continuous Continuous Continuous Continuous Continuous Continuous Continuous
outputformat: logistic
outputdirectory: D:/DOTTORATO/PROGETTI/PAULLILATINO/PAPER_2/SDM_R_PROJECT/SDM_biomod2_50m/Phytophthora/models/20240603_1709_50/Phytophthora_PA3_RUN7_MAXENT_outputs
projectionlayers: D:/DOTTORATO/PROGETTI/PAULLILATINO/PAPER_2/SDM_R_PROJECT/SDM_biomod2_50m/Phytophthora/models/20240603_1709_50/Phytophthora_PA3_RUN7_MAXENT_outputs/Predictions/Pred_swd.csv
samplesfile: D:/DOTTORATO/PROGETTI/PAULLILATINO/PAPER_2/SDM_R_PROJECT/SDM_biomod2_50m/Phytophthora/models/20240603_1709_50/Phytophthora_PA3_RUN7_MAXENT_outputs/Sp_swd.csv
environmentallayers: D:/DOTTORATO/PROGETTI/PAULLILATINO/PAPER_2/SDM_R_PROJECT/SDM_biomod2_50m/Phytophthora/models/20240603_1709_50/Phytophthora_PA3_RUN7_MAXENT_outputs/Back_swd.csv
warnings: false
tooltips: false
askoverwrite: false
threshold: true
addsamplestobackground: false
autorun: true
visible: false

getSamples: max memory 477626368, total allocated 128974848, free 98118440, used 30856408, increment 0
Phytophthora_PA3_RUN7: 
Regularization values: linear/quadratic/product: 0.346, categorical: 0.250, threshold: 1.750, hinge: 0.500
25 samples
Density: max memory 477626368, total allocated 128974848, free 95385648, used 33589200, increment 2732792
linearPredictor: max memory 477626368, total allocated 128974848, free 95385648, used 33589200, increment 0
FeaturedSpace: max memory 477626368, total allocated 128974848, free 95385648, used 33589200, increment 0
Sequential: max memory 477626368, total allocated 128974848, free 95385648, used 33589200, increment 0
Initial loss: 6.673297967767654
Time since start: 1.757
460: time = 1,554000 loss = 5,719768
Resulting gain: 0.9535297369750495
Projecting...
Writing file D:\DOTTORATO\PROGETTI\PAULLILATINO\PAPER_2\SDM_R_PROJECT\SDM_biomod2_50m\Phytophthora\models\20240603_1709_50\Phytophthora_PA3_RUN7_MAXENT_outputs\Phytophthora_PA3_RUN7.csv
Projecting...
Reading file Pred_swd.csv
readGrid: max memory 477626368, total allocated 221249536, free 125453248, used 95796288, increment 62207088
Warning: File Pred_swd.csv has value -9999, treating as no-data value
Writing file D:\DOTTORATO\PROGETTI\PAULLILATINO\PAPER_2\SDM_R_PROJECT\SDM_biomod2_50m\Phytophthora\models\20240603_1709_50\Phytophthora_PA3_RUN7_MAXENT_outputs\Phytophthora_PA3_RUN7_Pred_swd.csv
Writing file D:\DOTTORATO\PROGETTI\PAULLILATINO\PAPER_2\SDM_R_PROJECT\SDM_biomod2_50m\Phytophthora\models\20240603_1709_50\Phytophthora_PA3_RUN7_MAXENT_outputs\Phytophthora_PA3_RUN7_Pred_swd_clamping.csv
Time since start: 2.897
Ending
