Thu May 09 10:53:12 CEST 2024
MaxEnt version 3.4.4
Reading file Back_swd.csv
readGrid: max memory 477626368, total allocated 128974848, free 115230392, used 13744456, increment 13744456
Reading samples from Sp_swd.csv
Read samples: max memory 477626368, total allocated 128974848, free 99554064, used 29420784, increment 15676328
Making features
makeFeatures: max memory 477626368, total allocated 128974848, free 97509296, used 31465552, increment 2044768
Command line used:  environmentallayers=D:/DOTTORATO/PROGETTI/PAULLILATINO/PAPER_2/SDM_R_PROJECT/SDM_biomod2_50m/Phytophthora/models/20240509_1046_11/Phytophthora_PA3_RUN6_MAXENT_outputs/Back_swd.csv samplesfile=D:/DOTTORATO/PROGETTI/PAULLILATINO/PAPER_2/SDM_R_PROJECT/SDM_biomod2_50m/Phytophthora/models/20240509_1046_11/Phytophthora_PA3_RUN6_MAXENT_outputs/Sp_swd.csv projectionlayers=D:/DOTTORATO/PROGETTI/PAULLILATINO/PAPER_2/SDM_R_PROJECT/SDM_biomod2_50m/Phytophthora/models/20240509_1046_11/Phytophthora_PA3_RUN6_MAXENT_outputs/Predictions/Pred_swd.csv outputdirectory=D:/DOTTORATO/PROGETTI/PAULLILATINO/PAPER_2/SDM_R_PROJECT/SDM_biomod2_50m/Phytophthora/models/20240509_1046_11/Phytophthora_PA3_RUN6_MAXENT_outputs outputformat=logistic redoifexists visible=FALSE linear=TRUE quadratic=TRUE product=TRUE threshold=TRUE hinge=TRUE lq2lqptthreshold=80 l2lqthreshold=10 hingethreshold=15 beta_threshold=-1 beta_categorical=-1 beta_lqp=-1 beta_hinge=-1 betamultiplier=1 defaultprevalence=0.5 autorun nowarnings notooltips noaddsamplestobackground
Command line to repeat: java density.MaxEnt nowarnings noprefixes outputformat=logistic outputdirectory=D:/DOTTORATO/PROGETTI/PAULLILATINO/PAPER_2/SDM_R_PROJECT/SDM_biomod2_50m/Phytophthora/models/20240509_1046_11/Phytophthora_PA3_RUN6_MAXENT_outputs projectionlayers=D:/DOTTORATO/PROGETTI/PAULLILATINO/PAPER_2/SDM_R_PROJECT/SDM_biomod2_50m/Phytophthora/models/20240509_1046_11/Phytophthora_PA3_RUN6_MAXENT_outputs/Predictions/Pred_swd.csv samplesfile=D:/DOTTORATO/PROGETTI/PAULLILATINO/PAPER_2/SDM_R_PROJECT/SDM_biomod2_50m/Phytophthora/models/20240509_1046_11/Phytophthora_PA3_RUN6_MAXENT_outputs/Sp_swd.csv environmentallayers=D:/DOTTORATO/PROGETTI/PAULLILATINO/PAPER_2/SDM_R_PROJECT/SDM_biomod2_50m/Phytophthora/models/20240509_1046_11/Phytophthora_PA3_RUN6_MAXENT_outputs/Back_swd.csv nowarnings notooltips noaskoverwrite threshold noaddsamplestobackground autorun novisible
Species: Phytophthora_PA3_RUN6
Layers: BIO16 aspect fla nitrogen rivers roads sand
Layertypes: Continuous Continuous Continuous Continuous Continuous Continuous Continuous
outputformat: logistic
outputdirectory: D:/DOTTORATO/PROGETTI/PAULLILATINO/PAPER_2/SDM_R_PROJECT/SDM_biomod2_50m/Phytophthora/models/20240509_1046_11/Phytophthora_PA3_RUN6_MAXENT_outputs
projectionlayers: D:/DOTTORATO/PROGETTI/PAULLILATINO/PAPER_2/SDM_R_PROJECT/SDM_biomod2_50m/Phytophthora/models/20240509_1046_11/Phytophthora_PA3_RUN6_MAXENT_outputs/Predictions/Pred_swd.csv
samplesfile: D:/DOTTORATO/PROGETTI/PAULLILATINO/PAPER_2/SDM_R_PROJECT/SDM_biomod2_50m/Phytophthora/models/20240509_1046_11/Phytophthora_PA3_RUN6_MAXENT_outputs/Sp_swd.csv
environmentallayers: D:/DOTTORATO/PROGETTI/PAULLILATINO/PAPER_2/SDM_R_PROJECT/SDM_biomod2_50m/Phytophthora/models/20240509_1046_11/Phytophthora_PA3_RUN6_MAXENT_outputs/Back_swd.csv
warnings: false
tooltips: false
askoverwrite: false
threshold: true
addsamplestobackground: false
autorun: true
visible: false

getSamples: max memory 477626368, total allocated 128974848, free 96827416, used 32147432, increment 681880
Phytophthora_PA3_RUN6: 
Regularization values: linear/quadratic/product: 0.184, categorical: 0.250, threshold: 1.470, hinge: 0.500
53 samples
Density: max memory 477626368, total allocated 128974848, free 94896128, used 34078720, increment 1931288
linearPredictor: max memory 477626368, total allocated 128974848, free 94896128, used 34078720, increment 0
FeaturedSpace: max memory 477626368, total allocated 128974848, free 94896128, used 34078720, increment 0
Sequential: max memory 477626368, total allocated 128974848, free 94896128, used 34078720, increment 0
Initial loss: 6.684611727667927
Time since start: 2.208
500: time = 1,959000 loss = 5,901769
Resulting gain: 0.7828428884827323
Projecting...
Writing file D:\DOTTORATO\PROGETTI\PAULLILATINO\PAPER_2\SDM_R_PROJECT\SDM_biomod2_50m\Phytophthora\models\20240509_1046_11\Phytophthora_PA3_RUN6_MAXENT_outputs\Phytophthora_PA3_RUN6.csv
Projecting...
Reading file Pred_swd.csv
readGrid: max memory 477626368, total allocated 251658240, free 178140504, used 73517736, increment 39439016
Writing file D:\DOTTORATO\PROGETTI\PAULLILATINO\PAPER_2\SDM_R_PROJECT\SDM_biomod2_50m\Phytophthora\models\20240509_1046_11\Phytophthora_PA3_RUN6_MAXENT_outputs\Phytophthora_PA3_RUN6_Pred_swd.csv
Writing file D:\DOTTORATO\PROGETTI\PAULLILATINO\PAPER_2\SDM_R_PROJECT\SDM_biomod2_50m\Phytophthora\models\20240509_1046_11\Phytophthora_PA3_RUN6_MAXENT_outputs\Phytophthora_PA3_RUN6_Pred_swd_clamping.csv
Time since start: 3.352
Ending
