Thu Jun 13 11:50:58 CEST 2024
MaxEnt version 3.4.4
Reading file Back_swd.csv
readGrid: max memory 477626368, total allocated 128974848, free 115842512, used 13132336, increment 13132336
Reading samples from Sp_swd.csv
Read samples: max memory 477626368, total allocated 128974848, free 99484600, used 29490248, increment 16357912
Making features
makeFeatures: max memory 477626368, total allocated 128974848, free 98115048, used 30859800, increment 1369552
Command line used:  environmentallayers=D:/DOTTORATO/PROGETTI/PAULLILATINO/PAPER_2/SDM_R_PROJECT/SDM_biomod2_50m/Phytophthora/models/20240613_1140_41/Phytophthora_PA2_RUN9_MAXENT_outputs/Back_swd.csv samplesfile=D:/DOTTORATO/PROGETTI/PAULLILATINO/PAPER_2/SDM_R_PROJECT/SDM_biomod2_50m/Phytophthora/models/20240613_1140_41/Phytophthora_PA2_RUN9_MAXENT_outputs/Sp_swd.csv projectionlayers=D:/DOTTORATO/PROGETTI/PAULLILATINO/PAPER_2/SDM_R_PROJECT/SDM_biomod2_50m/Phytophthora/models/20240613_1140_41/Phytophthora_PA2_RUN9_MAXENT_outputs/Predictions/Pred_swd.csv outputdirectory=D:/DOTTORATO/PROGETTI/PAULLILATINO/PAPER_2/SDM_R_PROJECT/SDM_biomod2_50m/Phytophthora/models/20240613_1140_41/Phytophthora_PA2_RUN9_MAXENT_outputs outputformat=logistic redoifexists visible=FALSE linear=TRUE quadratic=TRUE product=TRUE threshold=TRUE hinge=TRUE lq2lqptthreshold=80 l2lqthreshold=10 hingethreshold=15 beta_threshold=-1 beta_categorical=-1 beta_lqp=-1 beta_hinge=-1 betamultiplier=1 defaultprevalence=0.5 autorun nowarnings notooltips noaddsamplestobackground
Command line to repeat: java density.MaxEnt nowarnings noprefixes outputformat=logistic outputdirectory=D:/DOTTORATO/PROGETTI/PAULLILATINO/PAPER_2/SDM_R_PROJECT/SDM_biomod2_50m/Phytophthora/models/20240613_1140_41/Phytophthora_PA2_RUN9_MAXENT_outputs projectionlayers=D:/DOTTORATO/PROGETTI/PAULLILATINO/PAPER_2/SDM_R_PROJECT/SDM_biomod2_50m/Phytophthora/models/20240613_1140_41/Phytophthora_PA2_RUN9_MAXENT_outputs/Predictions/Pred_swd.csv samplesfile=D:/DOTTORATO/PROGETTI/PAULLILATINO/PAPER_2/SDM_R_PROJECT/SDM_biomod2_50m/Phytophthora/models/20240613_1140_41/Phytophthora_PA2_RUN9_MAXENT_outputs/Sp_swd.csv environmentallayers=D:/DOTTORATO/PROGETTI/PAULLILATINO/PAPER_2/SDM_R_PROJECT/SDM_biomod2_50m/Phytophthora/models/20240613_1140_41/Phytophthora_PA2_RUN9_MAXENT_outputs/Back_swd.csv nowarnings notooltips noaskoverwrite threshold noaddsamplestobackground autorun novisible
Species: Phytophthora_PA2_RUN9
Layers: BIO03 BIO06 fla green rivers roads soc wo
Layertypes: Continuous Continuous Continuous Continuous Continuous Continuous Continuous Continuous
outputformat: logistic
outputdirectory: D:/DOTTORATO/PROGETTI/PAULLILATINO/PAPER_2/SDM_R_PROJECT/SDM_biomod2_50m/Phytophthora/models/20240613_1140_41/Phytophthora_PA2_RUN9_MAXENT_outputs
projectionlayers: D:/DOTTORATO/PROGETTI/PAULLILATINO/PAPER_2/SDM_R_PROJECT/SDM_biomod2_50m/Phytophthora/models/20240613_1140_41/Phytophthora_PA2_RUN9_MAXENT_outputs/Predictions/Pred_swd.csv
samplesfile: D:/DOTTORATO/PROGETTI/PAULLILATINO/PAPER_2/SDM_R_PROJECT/SDM_biomod2_50m/Phytophthora/models/20240613_1140_41/Phytophthora_PA2_RUN9_MAXENT_outputs/Sp_swd.csv
environmentallayers: D:/DOTTORATO/PROGETTI/PAULLILATINO/PAPER_2/SDM_R_PROJECT/SDM_biomod2_50m/Phytophthora/models/20240613_1140_41/Phytophthora_PA2_RUN9_MAXENT_outputs/Back_swd.csv
warnings: false
tooltips: false
askoverwrite: false
threshold: true
addsamplestobackground: false
autorun: true
visible: false

getSamples: max memory 477626368, total allocated 128974848, free 98115048, used 30859800, increment 0
Phytophthora_PA2_RUN9: 
Regularization values: linear/quadratic/product: 0.346, categorical: 0.250, threshold: 1.750, hinge: 0.500
25 samples
Density: max memory 477626368, total allocated 128974848, free 95382144, used 33592704, increment 2732904
linearPredictor: max memory 477626368, total allocated 128974848, free 95382144, used 33592704, increment 0
FeaturedSpace: max memory 477626368, total allocated 128974848, free 95382144, used 33592704, increment 0
Sequential: max memory 477626368, total allocated 128974848, free 95382144, used 33592704, increment 0
Initial loss: 6.684611727667927
360: time = 0,857000 loss = 5,975364
Resulting gain: 0.7092478379992571
Time since start: 1.586
Projecting...
Writing file D:\DOTTORATO\PROGETTI\PAULLILATINO\PAPER_2\SDM_R_PROJECT\SDM_biomod2_50m\Phytophthora\models\20240613_1140_41\Phytophthora_PA2_RUN9_MAXENT_outputs\Phytophthora_PA2_RUN9.csv
Projecting...
Reading file Pred_swd.csv
readGrid: max memory 477626368, total allocated 229113856, free 118989856, used 110124000, increment 76531296
Writing file D:\DOTTORATO\PROGETTI\PAULLILATINO\PAPER_2\SDM_R_PROJECT\SDM_biomod2_50m\Phytophthora\models\20240613_1140_41\Phytophthora_PA2_RUN9_MAXENT_outputs\Phytophthora_PA2_RUN9_Pred_swd.csv
Writing file D:\DOTTORATO\PROGETTI\PAULLILATINO\PAPER_2\SDM_R_PROJECT\SDM_biomod2_50m\Phytophthora\models\20240613_1140_41\Phytophthora_PA2_RUN9_MAXENT_outputs\Phytophthora_PA2_RUN9_Pred_swd_clamping.csv
Ending
