Wed May 01 17:20:20 CEST 2024
MaxEnt version 3.4.4
Checking header of D:\DOTTORATO\PROGETTI\PAULLILATINO\PAPER_2\SDM_R_PROJECT\SDM_biomod2\.\INPUT\RASTER\maxent_background_data\BIO16.asc
Checking header of D:\DOTTORATO\PROGETTI\PAULLILATINO\PAPER_2\SDM_R_PROJECT\SDM_biomod2\.\INPUT\RASTER\maxent_background_data\aspect.asc
Checking header of D:\DOTTORATO\PROGETTI\PAULLILATINO\PAPER_2\SDM_R_PROJECT\SDM_biomod2\.\INPUT\RASTER\maxent_background_data\fla.asc
Checking header of D:\DOTTORATO\PROGETTI\PAULLILATINO\PAPER_2\SDM_R_PROJECT\SDM_biomod2\.\INPUT\RASTER\maxent_background_data\nitrogen.asc
Checking header of D:\DOTTORATO\PROGETTI\PAULLILATINO\PAPER_2\SDM_R_PROJECT\SDM_biomod2\.\INPUT\RASTER\maxent_background_data\rivers.asc
Checking header of D:\DOTTORATO\PROGETTI\PAULLILATINO\PAPER_2\SDM_R_PROJECT\SDM_biomod2\.\INPUT\RASTER\maxent_background_data\roads.asc
Checking header of D:\DOTTORATO\PROGETTI\PAULLILATINO\PAPER_2\SDM_R_PROJECT\SDM_biomod2\.\INPUT\RASTER\maxent_background_data\sand.asc
Reading samples from Sp_swd.csv
Read samples: max memory 477626368, total allocated 128974848, free 114650272, used 14324576, increment 14324576
Extractor: max memory 477626368, total allocated 128974848, free 113287120, used 15687728, increment 1363152
Extracting random background and sample data
34930 points with values for all grids
Making features
makeFeatures: max memory 477626368, total allocated 128974848, free 106275416, used 22699432, increment 7011704
Command line used:  environmentallayers=./INPUT/RASTER/maxent_background_data samplesfile=D:/DOTTORATO/PROGETTI/PAULLILATINO/PAPER_2/SDM_R_PROJECT/SDM_biomod2/Phytophthora/models/20240501_1705_06/Phytophthora_PA3_RUN8_MAXENT_outputs/Sp_swd.csv projectionlayers=D:/DOTTORATO/PROGETTI/PAULLILATINO/PAPER_2/SDM_R_PROJECT/SDM_biomod2/Phytophthora/models/20240501_1705_06/Phytophthora_PA3_RUN8_MAXENT_outputs/Predictions/Pred_swd.csv outputdirectory=D:/DOTTORATO/PROGETTI/PAULLILATINO/PAPER_2/SDM_R_PROJECT/SDM_biomod2/Phytophthora/models/20240501_1705_06/Phytophthora_PA3_RUN8_MAXENT_outputs outputformat=logistic redoifexists visible=FALSE linear=TRUE quadratic=TRUE product=TRUE threshold=TRUE hinge=TRUE lq2lqptthreshold=80 l2lqthreshold=10 hingethreshold=15 beta_threshold=-1 beta_categorical=-1 beta_lqp=-1 beta_hinge=-1 betamultiplier=1 defaultprevalence=0.5 autorun nowarnings notooltips noaddsamplestobackground
Command line to repeat: java density.MaxEnt nowarnings noprefixes outputformat=logistic outputdirectory=D:/DOTTORATO/PROGETTI/PAULLILATINO/PAPER_2/SDM_R_PROJECT/SDM_biomod2/Phytophthora/models/20240501_1705_06/Phytophthora_PA3_RUN8_MAXENT_outputs projectionlayers=D:/DOTTORATO/PROGETTI/PAULLILATINO/PAPER_2/SDM_R_PROJECT/SDM_biomod2/Phytophthora/models/20240501_1705_06/Phytophthora_PA3_RUN8_MAXENT_outputs/Predictions/Pred_swd.csv samplesfile=D:/DOTTORATO/PROGETTI/PAULLILATINO/PAPER_2/SDM_R_PROJECT/SDM_biomod2/Phytophthora/models/20240501_1705_06/Phytophthora_PA3_RUN8_MAXENT_outputs/Sp_swd.csv environmentallayers=./INPUT/RASTER/maxent_background_data nowarnings notooltips noaskoverwrite threshold noaddsamplestobackground autorun novisible
Species: Phytophthora_PA3_RUN8
Layers: BIO16 aspect fla nitrogen rivers roads sand
Layertypes: Continuous Continuous Continuous Continuous Continuous Continuous Continuous
outputformat: logistic
outputdirectory: D:/DOTTORATO/PROGETTI/PAULLILATINO/PAPER_2/SDM_R_PROJECT/SDM_biomod2/Phytophthora/models/20240501_1705_06/Phytophthora_PA3_RUN8_MAXENT_outputs
projectionlayers: D:/DOTTORATO/PROGETTI/PAULLILATINO/PAPER_2/SDM_R_PROJECT/SDM_biomod2/Phytophthora/models/20240501_1705_06/Phytophthora_PA3_RUN8_MAXENT_outputs/Predictions/Pred_swd.csv
samplesfile: D:/DOTTORATO/PROGETTI/PAULLILATINO/PAPER_2/SDM_R_PROJECT/SDM_biomod2/Phytophthora/models/20240501_1705_06/Phytophthora_PA3_RUN8_MAXENT_outputs/Sp_swd.csv
environmentallayers: ./INPUT/RASTER/maxent_background_data
warnings: false
tooltips: false
askoverwrite: false
threshold: true
addsamplestobackground: false
autorun: true
visible: false

getSamples: max memory 477626368, total allocated 128974848, free 105591016, used 23383832, increment 684400
Phytophthora_PA3_RUN8: 
Regularization values: linear/quadratic/product: 0.199, categorical: 0.250, threshold: 1.520, hinge: 0.500
48 samples
Density: max memory 477626368, total allocated 128974848, free 105924216, used 23050632, increment -333200
linearPredictor: max memory 477626368, total allocated 128974848, free 105169768, used 23805080, increment 754448
FeaturedSpace: max memory 477626368, total allocated 128974848, free 105169768, used 23805080, increment 0
Sequential: max memory 477626368, total allocated 128974848, free 105169768, used 23805080, increment 0
Initial loss: 9.210340371976184
Time since start: 11.017
500: time = 10,486000 loss = 8,682011
Resulting gain: 0.5283295626803568
Projecting...
Writing file D:\DOTTORATO\PROGETTI\PAULLILATINO\PAPER_2\SDM_R_PROJECT\SDM_biomod2\Phytophthora\models\20240501_1705_06\Phytophthora_PA3_RUN8_MAXENT_outputs\Phytophthora_PA3_RUN8.asc
Time since start: 12.257
Writing D:\DOTTORATO\PROGETTI\PAULLILATINO\PAPER_2\SDM_R_PROJECT\SDM_biomod2\Phytophthora\models\20240501_1705_06\Phytophthora_PA3_RUN8_MAXENT_outputs\plots\Phytophthora_PA3_RUN8.png
Projecting...
Reading file Pred_swd.csv
readGrid: max memory 477626368, total allocated 129499136, free 72692048, used 56807088, increment 33002008
Writing file D:\DOTTORATO\PROGETTI\PAULLILATINO\PAPER_2\SDM_R_PROJECT\SDM_biomod2\Phytophthora\models\20240501_1705_06\Phytophthora_PA3_RUN8_MAXENT_outputs\Phytophthora_PA3_RUN8_Pred_swd.csv
Writing file D:\DOTTORATO\PROGETTI\PAULLILATINO\PAPER_2\SDM_R_PROJECT\SDM_biomod2\Phytophthora\models\20240501_1705_06\Phytophthora_PA3_RUN8_MAXENT_outputs\Phytophthora_PA3_RUN8_Pred_swd_clamping.csv
Ending
