Wed Jul 03 13:24:05 CEST 2024
MaxEnt version 3.4.4
Reading file Back_swd.csv
readGrid: max memory 477626368, total allocated 128974848, free 106045168, used 22929680, increment 22929680
Reading samples from Sp_swd.csv
Read samples: max memory 477626368, total allocated 128974848, free 117508640, used 11466208, increment -11463472
Making features
makeFeatures: max memory 477626368, total allocated 128974848, free 115336760, used 13638088, increment 2171880
Command line used:  environmentallayers=D:/DOTTORATO/PROGETTI/PAULLILATINO/PAPER_2/SDM_R_PROJECT/SDM_biomod2_50m/Phytophthora/models/20240703_1154_02/Phytophthora_PA20_RUN5_MAXENT_outputs/Back_swd.csv samplesfile=D:/DOTTORATO/PROGETTI/PAULLILATINO/PAPER_2/SDM_R_PROJECT/SDM_biomod2_50m/Phytophthora/models/20240703_1154_02/Phytophthora_PA20_RUN5_MAXENT_outputs/Sp_swd.csv projectionlayers=D:/DOTTORATO/PROGETTI/PAULLILATINO/PAPER_2/SDM_R_PROJECT/SDM_biomod2_50m/Phytophthora/models/20240703_1154_02/Phytophthora_PA20_RUN5_MAXENT_outputs/Predictions/Pred_swd.csv outputdirectory=D:/DOTTORATO/PROGETTI/PAULLILATINO/PAPER_2/SDM_R_PROJECT/SDM_biomod2_50m/Phytophthora/models/20240703_1154_02/Phytophthora_PA20_RUN5_MAXENT_outputs outputformat=logistic redoifexists visible=TRUE linear=TRUE quadratic=TRUE product=TRUE threshold=TRUE hinge=TRUE lq2lqptthreshold=80 l2lqthreshold=10 hingethreshold=15 beta_threshold=0 beta_categorical=-1 beta_lqp=-1 beta_hinge=-1 betamultiplier=1 defaultprevalence=0.5 autorun nowarnings notooltips noaddsamplestobackground
Command line to repeat: java density.MaxEnt nowarnings noprefixes outputformat=logistic outputdirectory=D:/DOTTORATO/PROGETTI/PAULLILATINO/PAPER_2/SDM_R_PROJECT/SDM_biomod2_50m/Phytophthora/models/20240703_1154_02/Phytophthora_PA20_RUN5_MAXENT_outputs projectionlayers=D:/DOTTORATO/PROGETTI/PAULLILATINO/PAPER_2/SDM_R_PROJECT/SDM_biomod2_50m/Phytophthora/models/20240703_1154_02/Phytophthora_PA20_RUN5_MAXENT_outputs/Predictions/Pred_swd.csv samplesfile=D:/DOTTORATO/PROGETTI/PAULLILATINO/PAPER_2/SDM_R_PROJECT/SDM_biomod2_50m/Phytophthora/models/20240703_1154_02/Phytophthora_PA20_RUN5_MAXENT_outputs/Sp_swd.csv environmentallayers=D:/DOTTORATO/PROGETTI/PAULLILATINO/PAPER_2/SDM_R_PROJECT/SDM_biomod2_50m/Phytophthora/models/20240703_1154_02/Phytophthora_PA20_RUN5_MAXENT_outputs/Back_swd.csv nowarnings notooltips noaskoverwrite threshold noaddsamplestobackground autorun beta_threshold=0.0
Species: Phytophthora_PA20_RUN5
Layers: BIO03 BIO06 fla green rivers roads soc wo
Layertypes: Continuous Continuous Continuous Continuous Continuous Continuous Continuous Continuous
outputformat: logistic
outputdirectory: D:/DOTTORATO/PROGETTI/PAULLILATINO/PAPER_2/SDM_R_PROJECT/SDM_biomod2_50m/Phytophthora/models/20240703_1154_02/Phytophthora_PA20_RUN5_MAXENT_outputs
projectionlayers: D:/DOTTORATO/PROGETTI/PAULLILATINO/PAPER_2/SDM_R_PROJECT/SDM_biomod2_50m/Phytophthora/models/20240703_1154_02/Phytophthora_PA20_RUN5_MAXENT_outputs/Predictions/Pred_swd.csv
samplesfile: D:/DOTTORATO/PROGETTI/PAULLILATINO/PAPER_2/SDM_R_PROJECT/SDM_biomod2_50m/Phytophthora/models/20240703_1154_02/Phytophthora_PA20_RUN5_MAXENT_outputs/Sp_swd.csv
environmentallayers: D:/DOTTORATO/PROGETTI/PAULLILATINO/PAPER_2/SDM_R_PROJECT/SDM_biomod2_50m/Phytophthora/models/20240703_1154_02/Phytophthora_PA20_RUN5_MAXENT_outputs/Back_swd.csv
warnings: false
tooltips: false
askoverwrite: false
threshold: true
addsamplestobackground: false
autorun: true
beta_threshold: 0.0

getSamples: max memory 477626368, total allocated 128974848, free 115336760, used 13638088, increment 0
Phytophthora_PA20_RUN5: 
Regularization values: linear/quadratic/product: 0.346, categorical: 0.250, threshold: 0.000, hinge: 0.500
25 samples
Density: max memory 477626368, total allocated 128974848, free 112963240, used 16011608, increment 2373520
linearPredictor: max memory 477626368, total allocated 128974848, free 112963240, used 16011608, increment 0
FeaturedSpace: max memory 477626368, total allocated 128974848, free 112963240, used 16011608, increment 0
Sequential: max memory 477626368, total allocated 128974848, free 112947864, used 16026984, increment 15376
Initial loss: 6.684611727667927
Time since start: 2.352
500: time = 2,071000 loss = 5,898073
Resulting gain: 0.7865382718891256
Projecting...
Writing file D:\DOTTORATO\PROGETTI\PAULLILATINO\PAPER_2\SDM_R_PROJECT\SDM_biomod2_50m\Phytophthora\models\20240703_1154_02\Phytophthora_PA20_RUN5_MAXENT_outputs\Phytophthora_PA20_RUN5.csv
Time since start: 3.365
Projecting...
Reading file Pred_swd.csv
readGrid: max memory 477626368, total allocated 255852544, free 226753120, used 29099424, increment 13072440
Writing file D:\DOTTORATO\PROGETTI\PAULLILATINO\PAPER_2\SDM_R_PROJECT\SDM_biomod2_50m\Phytophthora\models\20240703_1154_02\Phytophthora_PA20_RUN5_MAXENT_outputs\Phytophthora_PA20_RUN5_Pred_swd.csv
Writing file D:\DOTTORATO\PROGETTI\PAULLILATINO\PAPER_2\SDM_R_PROJECT\SDM_biomod2_50m\Phytophthora\models\20240703_1154_02\Phytophthora_PA20_RUN5_MAXENT_outputs\Phytophthora_PA20_RUN5_Pred_swd_clamping.csv
Ending
