Wed Jul 17 16:33:19 CEST 2024
MaxEnt version 3.4.4
Reading file Back_swd.csv
readGrid: max memory 477626368, total allocated 128974848, free 116008384, used 12966464, increment 12966464
Reading samples from Sp_swd.csv
Read samples: max memory 477626368, total allocated 128974848, free 117717256, used 11257592, increment -1708872
Making features
makeFeatures: max memory 477626368, total allocated 128974848, free 115325640, used 13649208, increment 2391616
Command line used:  environmentallayers=D:/DOTTORATO/PROGETTI/PAULLILATINO/PAPER_2/SDM_R_PROJECT/SDM_biomod2_50m/Phytophthora/models/20240717_1611_17/Phytophthora_PA3_RUN10_MAXENT_outputs/Back_swd.csv samplesfile=D:/DOTTORATO/PROGETTI/PAULLILATINO/PAPER_2/SDM_R_PROJECT/SDM_biomod2_50m/Phytophthora/models/20240717_1611_17/Phytophthora_PA3_RUN10_MAXENT_outputs/Sp_swd.csv projectionlayers=D:/DOTTORATO/PROGETTI/PAULLILATINO/PAPER_2/SDM_R_PROJECT/SDM_biomod2_50m/Phytophthora/models/20240717_1611_17/Phytophthora_PA3_RUN10_MAXENT_outputs/Predictions/Pred_swd.csv outputdirectory=D:/DOTTORATO/PROGETTI/PAULLILATINO/PAPER_2/SDM_R_PROJECT/SDM_biomod2_50m/Phytophthora/models/20240717_1611_17/Phytophthora_PA3_RUN10_MAXENT_outputs outputformat=logistic redoifexists visible=FALSE linear=TRUE quadratic=TRUE product=TRUE threshold=TRUE hinge=TRUE lq2lqptthreshold=80 l2lqthreshold=10 hingethreshold=15 beta_threshold=-1 beta_categorical=-1 beta_lqp=-1 beta_hinge=-1 betamultiplier=1 defaultprevalence=0.5 autorun nowarnings notooltips noaddsamplestobackground
Command line to repeat: java density.MaxEnt nowarnings noprefixes outputformat=logistic outputdirectory=D:/DOTTORATO/PROGETTI/PAULLILATINO/PAPER_2/SDM_R_PROJECT/SDM_biomod2_50m/Phytophthora/models/20240717_1611_17/Phytophthora_PA3_RUN10_MAXENT_outputs projectionlayers=D:/DOTTORATO/PROGETTI/PAULLILATINO/PAPER_2/SDM_R_PROJECT/SDM_biomod2_50m/Phytophthora/models/20240717_1611_17/Phytophthora_PA3_RUN10_MAXENT_outputs/Predictions/Pred_swd.csv samplesfile=D:/DOTTORATO/PROGETTI/PAULLILATINO/PAPER_2/SDM_R_PROJECT/SDM_biomod2_50m/Phytophthora/models/20240717_1611_17/Phytophthora_PA3_RUN10_MAXENT_outputs/Sp_swd.csv environmentallayers=D:/DOTTORATO/PROGETTI/PAULLILATINO/PAPER_2/SDM_R_PROJECT/SDM_biomod2_50m/Phytophthora/models/20240717_1611_17/Phytophthora_PA3_RUN10_MAXENT_outputs/Back_swd.csv nowarnings notooltips noaskoverwrite threshold noaddsamplestobackground autorun novisible
Species: Phytophthora_PA3_RUN10
Layers: BIO03 BIO06 BIO15 aspect bkd dndvi fla ndwi2021 rivers roads slope soc tpi twi wo
Layertypes: Continuous Continuous Continuous Continuous Continuous Continuous Continuous Continuous Continuous Continuous Continuous Continuous Continuous Continuous Continuous
outputformat: logistic
outputdirectory: D:/DOTTORATO/PROGETTI/PAULLILATINO/PAPER_2/SDM_R_PROJECT/SDM_biomod2_50m/Phytophthora/models/20240717_1611_17/Phytophthora_PA3_RUN10_MAXENT_outputs
projectionlayers: D:/DOTTORATO/PROGETTI/PAULLILATINO/PAPER_2/SDM_R_PROJECT/SDM_biomod2_50m/Phytophthora/models/20240717_1611_17/Phytophthora_PA3_RUN10_MAXENT_outputs/Predictions/Pred_swd.csv
samplesfile: D:/DOTTORATO/PROGETTI/PAULLILATINO/PAPER_2/SDM_R_PROJECT/SDM_biomod2_50m/Phytophthora/models/20240717_1611_17/Phytophthora_PA3_RUN10_MAXENT_outputs/Sp_swd.csv
environmentallayers: D:/DOTTORATO/PROGETTI/PAULLILATINO/PAPER_2/SDM_R_PROJECT/SDM_biomod2_50m/Phytophthora/models/20240717_1611_17/Phytophthora_PA3_RUN10_MAXENT_outputs/Back_swd.csv
warnings: false
tooltips: false
askoverwrite: false
threshold: true
addsamplestobackground: false
autorun: true
visible: false

getSamples: max memory 477626368, total allocated 128974848, free 114642616, used 14332232, increment 683024
Phytophthora_PA3_RUN10: 
Regularization values: linear/quadratic/product: 0.346, categorical: 0.250, threshold: 1.750, hinge: 0.500
25 samples
Density: max memory 477626368, total allocated 128974848, free 110379632, used 18595216, increment 4262984
linearPredictor: max memory 477626368, total allocated 128974848, free 110379632, used 18595216, increment 0
FeaturedSpace: max memory 477626368, total allocated 128974848, free 110379632, used 18595216, increment 0
Sequential: max memory 477626368, total allocated 128974848, free 110379632, used 18595216, increment 0
Initial loss: 6.684611727667927
Time since start: 2.86
500: time = 2,518000 loss = 5,423130
Resulting gain: 1.2614818034443713
Projecting...
Writing file D:\DOTTORATO\PROGETTI\PAULLILATINO\PAPER_2\SDM_R_PROJECT\SDM_biomod2_50m\Phytophthora\models\20240717_1611_17\Phytophthora_PA3_RUN10_MAXENT_outputs\Phytophthora_PA3_RUN10.csv
Projecting...
Reading file Pred_swd.csv
readGrid: max memory 477626368, total allocated 195035136, free 159935984, used 35099152, increment 16503936
Writing file D:\DOTTORATO\PROGETTI\PAULLILATINO\PAPER_2\SDM_R_PROJECT\SDM_biomod2_50m\Phytophthora\models\20240717_1611_17\Phytophthora_PA3_RUN10_MAXENT_outputs\Phytophthora_PA3_RUN10_Pred_swd.csv
Writing file D:\DOTTORATO\PROGETTI\PAULLILATINO\PAPER_2\SDM_R_PROJECT\SDM_biomod2_50m\Phytophthora\models\20240717_1611_17\Phytophthora_PA3_RUN10_MAXENT_outputs\Phytophthora_PA3_RUN10_Pred_swd_clamping.csv
Ending
