Wed Jul 03 12:47:57 CEST 2024
MaxEnt version 3.4.4
Reading file Back_swd.csv
readGrid: max memory 477626368, total allocated 128974848, free 106044136, used 22930712, increment 22930712
Reading samples from Sp_swd.csv
Read samples: max memory 477626368, total allocated 128974848, free 116277816, used 12697032, increment -10233680
Making features
makeFeatures: max memory 477626368, total allocated 128974848, free 114927992, used 14046856, increment 1349824
Command line used:  environmentallayers=D:/DOTTORATO/PROGETTI/PAULLILATINO/PAPER_2/SDM_R_PROJECT/SDM_biomod2_50m/Phytophthora/models/20240703_1154_02/Phytophthora_PA16_RUN5_MAXENT_outputs/Back_swd.csv samplesfile=D:/DOTTORATO/PROGETTI/PAULLILATINO/PAPER_2/SDM_R_PROJECT/SDM_biomod2_50m/Phytophthora/models/20240703_1154_02/Phytophthora_PA16_RUN5_MAXENT_outputs/Sp_swd.csv projectionlayers=D:/DOTTORATO/PROGETTI/PAULLILATINO/PAPER_2/SDM_R_PROJECT/SDM_biomod2_50m/Phytophthora/models/20240703_1154_02/Phytophthora_PA16_RUN5_MAXENT_outputs/Predictions/Pred_swd.csv outputdirectory=D:/DOTTORATO/PROGETTI/PAULLILATINO/PAPER_2/SDM_R_PROJECT/SDM_biomod2_50m/Phytophthora/models/20240703_1154_02/Phytophthora_PA16_RUN5_MAXENT_outputs outputformat=logistic redoifexists visible=TRUE linear=TRUE quadratic=TRUE product=TRUE threshold=TRUE hinge=TRUE lq2lqptthreshold=80 l2lqthreshold=10 hingethreshold=15 beta_threshold=0 beta_categorical=-1 beta_lqp=-1 beta_hinge=-1 betamultiplier=1 defaultprevalence=0.5 autorun nowarnings notooltips noaddsamplestobackground
Command line to repeat: java density.MaxEnt nowarnings noprefixes outputformat=logistic outputdirectory=D:/DOTTORATO/PROGETTI/PAULLILATINO/PAPER_2/SDM_R_PROJECT/SDM_biomod2_50m/Phytophthora/models/20240703_1154_02/Phytophthora_PA16_RUN5_MAXENT_outputs projectionlayers=D:/DOTTORATO/PROGETTI/PAULLILATINO/PAPER_2/SDM_R_PROJECT/SDM_biomod2_50m/Phytophthora/models/20240703_1154_02/Phytophthora_PA16_RUN5_MAXENT_outputs/Predictions/Pred_swd.csv samplesfile=D:/DOTTORATO/PROGETTI/PAULLILATINO/PAPER_2/SDM_R_PROJECT/SDM_biomod2_50m/Phytophthora/models/20240703_1154_02/Phytophthora_PA16_RUN5_MAXENT_outputs/Sp_swd.csv environmentallayers=D:/DOTTORATO/PROGETTI/PAULLILATINO/PAPER_2/SDM_R_PROJECT/SDM_biomod2_50m/Phytophthora/models/20240703_1154_02/Phytophthora_PA16_RUN5_MAXENT_outputs/Back_swd.csv nowarnings notooltips noaskoverwrite threshold noaddsamplestobackground autorun beta_threshold=0.0
Species: Phytophthora_PA16_RUN5
Layers: BIO03 BIO06 fla green rivers roads soc wo
Layertypes: Continuous Continuous Continuous Continuous Continuous Continuous Continuous Continuous
outputformat: logistic
outputdirectory: D:/DOTTORATO/PROGETTI/PAULLILATINO/PAPER_2/SDM_R_PROJECT/SDM_biomod2_50m/Phytophthora/models/20240703_1154_02/Phytophthora_PA16_RUN5_MAXENT_outputs
projectionlayers: D:/DOTTORATO/PROGETTI/PAULLILATINO/PAPER_2/SDM_R_PROJECT/SDM_biomod2_50m/Phytophthora/models/20240703_1154_02/Phytophthora_PA16_RUN5_MAXENT_outputs/Predictions/Pred_swd.csv
samplesfile: D:/DOTTORATO/PROGETTI/PAULLILATINO/PAPER_2/SDM_R_PROJECT/SDM_biomod2_50m/Phytophthora/models/20240703_1154_02/Phytophthora_PA16_RUN5_MAXENT_outputs/Sp_swd.csv
environmentallayers: D:/DOTTORATO/PROGETTI/PAULLILATINO/PAPER_2/SDM_R_PROJECT/SDM_biomod2_50m/Phytophthora/models/20240703_1154_02/Phytophthora_PA16_RUN5_MAXENT_outputs/Back_swd.csv
warnings: false
tooltips: false
askoverwrite: false
threshold: true
addsamplestobackground: false
autorun: true
beta_threshold: 0.0

getSamples: max memory 477626368, total allocated 128974848, free 114455960, used 14518888, increment 472032
Phytophthora_PA16_RUN5: 
Regularization values: linear/quadratic/product: 0.346, categorical: 0.250, threshold: 0.000, hinge: 0.500
25 samples
Density: max memory 477626368, total allocated 128974848, free 112572720, used 16402128, increment 1883240
linearPredictor: max memory 477626368, total allocated 128974848, free 112572720, used 16402128, increment 0
FeaturedSpace: max memory 477626368, total allocated 128974848, free 112572720, used 16402128, increment 0
Sequential: max memory 477626368, total allocated 128974848, free 112557344, used 16417504, increment 15376
Initial loss: 6.684611727667927
Time since start: 1.181
200: time = 0,888000 loss = 6,096680
Resulting gain: 0.5879317241182553
Projecting...
Writing file D:\DOTTORATO\PROGETTI\PAULLILATINO\PAPER_2\SDM_R_PROJECT\SDM_biomod2_50m\Phytophthora\models\20240703_1154_02\Phytophthora_PA16_RUN5_MAXENT_outputs\Phytophthora_PA16_RUN5.csv
Projecting...
Reading file Pred_swd.csv
readGrid: max memory 477626368, total allocated 236978176, free 161488584, used 75489592, increment 59072088
Writing file D:\DOTTORATO\PROGETTI\PAULLILATINO\PAPER_2\SDM_R_PROJECT\SDM_biomod2_50m\Phytophthora\models\20240703_1154_02\Phytophthora_PA16_RUN5_MAXENT_outputs\Phytophthora_PA16_RUN5_Pred_swd.csv
Writing file D:\DOTTORATO\PROGETTI\PAULLILATINO\PAPER_2\SDM_R_PROJECT\SDM_biomod2_50m\Phytophthora\models\20240703_1154_02\Phytophthora_PA16_RUN5_MAXENT_outputs\Phytophthora_PA16_RUN5_Pred_swd_clamping.csv
Time since start: 2.227
Ending
