Wed May 01 17:14:06 CEST 2024
MaxEnt version 3.4.4
Checking header of D:\DOTTORATO\PROGETTI\PAULLILATINO\PAPER_2\SDM_R_PROJECT\SDM_biomod2\.\INPUT\RASTER\maxent_background_data\BIO16.asc
Checking header of D:\DOTTORATO\PROGETTI\PAULLILATINO\PAPER_2\SDM_R_PROJECT\SDM_biomod2\.\INPUT\RASTER\maxent_background_data\aspect.asc
Checking header of D:\DOTTORATO\PROGETTI\PAULLILATINO\PAPER_2\SDM_R_PROJECT\SDM_biomod2\.\INPUT\RASTER\maxent_background_data\fla.asc
Checking header of D:\DOTTORATO\PROGETTI\PAULLILATINO\PAPER_2\SDM_R_PROJECT\SDM_biomod2\.\INPUT\RASTER\maxent_background_data\nitrogen.asc
Checking header of D:\DOTTORATO\PROGETTI\PAULLILATINO\PAPER_2\SDM_R_PROJECT\SDM_biomod2\.\INPUT\RASTER\maxent_background_data\rivers.asc
Checking header of D:\DOTTORATO\PROGETTI\PAULLILATINO\PAPER_2\SDM_R_PROJECT\SDM_biomod2\.\INPUT\RASTER\maxent_background_data\roads.asc
Checking header of D:\DOTTORATO\PROGETTI\PAULLILATINO\PAPER_2\SDM_R_PROJECT\SDM_biomod2\.\INPUT\RASTER\maxent_background_data\sand.asc
Reading samples from Sp_swd.csv
Read samples: max memory 477626368, total allocated 128974848, free 114630312, used 14344536, increment 14344536
Extractor: max memory 477626368, total allocated 128974848, free 113261256, used 15713592, increment 1369056
Extracting random background and sample data
34930 points with values for all grids
Making features
makeFeatures: max memory 477626368, total allocated 128974848, free 106249544, used 22725304, increment 7011712
Command line used:  environmentallayers=./INPUT/RASTER/maxent_background_data samplesfile=D:/DOTTORATO/PROGETTI/PAULLILATINO/PAPER_2/SDM_R_PROJECT/SDM_biomod2/Phytophthora/models/20240501_1705_06/Phytophthora_PA3_RUN6_MAXENT_outputs/Sp_swd.csv projectionlayers=D:/DOTTORATO/PROGETTI/PAULLILATINO/PAPER_2/SDM_R_PROJECT/SDM_biomod2/Phytophthora/models/20240501_1705_06/Phytophthora_PA3_RUN6_MAXENT_outputs/Predictions/Pred_swd.csv outputdirectory=D:/DOTTORATO/PROGETTI/PAULLILATINO/PAPER_2/SDM_R_PROJECT/SDM_biomod2/Phytophthora/models/20240501_1705_06/Phytophthora_PA3_RUN6_MAXENT_outputs outputformat=logistic redoifexists visible=FALSE linear=TRUE quadratic=TRUE product=TRUE threshold=TRUE hinge=TRUE lq2lqptthreshold=80 l2lqthreshold=10 hingethreshold=15 beta_threshold=-1 beta_categorical=-1 beta_lqp=-1 beta_hinge=-1 betamultiplier=1 defaultprevalence=0.5 autorun nowarnings notooltips noaddsamplestobackground
Command line to repeat: java density.MaxEnt nowarnings noprefixes outputformat=logistic outputdirectory=D:/DOTTORATO/PROGETTI/PAULLILATINO/PAPER_2/SDM_R_PROJECT/SDM_biomod2/Phytophthora/models/20240501_1705_06/Phytophthora_PA3_RUN6_MAXENT_outputs projectionlayers=D:/DOTTORATO/PROGETTI/PAULLILATINO/PAPER_2/SDM_R_PROJECT/SDM_biomod2/Phytophthora/models/20240501_1705_06/Phytophthora_PA3_RUN6_MAXENT_outputs/Predictions/Pred_swd.csv samplesfile=D:/DOTTORATO/PROGETTI/PAULLILATINO/PAPER_2/SDM_R_PROJECT/SDM_biomod2/Phytophthora/models/20240501_1705_06/Phytophthora_PA3_RUN6_MAXENT_outputs/Sp_swd.csv environmentallayers=./INPUT/RASTER/maxent_background_data nowarnings notooltips noaskoverwrite threshold noaddsamplestobackground autorun novisible
Species: Phytophthora_PA3_RUN6
Layers: BIO16 aspect fla nitrogen rivers roads sand
Layertypes: Continuous Continuous Continuous Continuous Continuous Continuous Continuous
outputformat: logistic
outputdirectory: D:/DOTTORATO/PROGETTI/PAULLILATINO/PAPER_2/SDM_R_PROJECT/SDM_biomod2/Phytophthora/models/20240501_1705_06/Phytophthora_PA3_RUN6_MAXENT_outputs
projectionlayers: D:/DOTTORATO/PROGETTI/PAULLILATINO/PAPER_2/SDM_R_PROJECT/SDM_biomod2/Phytophthora/models/20240501_1705_06/Phytophthora_PA3_RUN6_MAXENT_outputs/Predictions/Pred_swd.csv
samplesfile: D:/DOTTORATO/PROGETTI/PAULLILATINO/PAPER_2/SDM_R_PROJECT/SDM_biomod2/Phytophthora/models/20240501_1705_06/Phytophthora_PA3_RUN6_MAXENT_outputs/Sp_swd.csv
environmentallayers: ./INPUT/RASTER/maxent_background_data
warnings: false
tooltips: false
askoverwrite: false
threshold: true
addsamplestobackground: false
autorun: true
visible: false

getSamples: max memory 477626368, total allocated 128974848, free 105566696, used 23408152, increment 682848
Phytophthora_PA3_RUN6: 
Regularization values: linear/quadratic/product: 0.199, categorical: 0.250, threshold: 1.520, hinge: 0.500
48 samples
Density: max memory 477626368, total allocated 128974848, free 105813144, used 23161704, increment -246448
linearPredictor: max memory 477626368, total allocated 128974848, free 105733128, used 23241720, increment 80016
FeaturedSpace: max memory 477626368, total allocated 128974848, free 105733128, used 23241720, increment 0
Sequential: max memory 477626368, total allocated 128974848, free 105043464, used 23931384, increment 689664
Initial loss: 9.210340371976184
Time since start: 12.451
500: time = 11,824000 loss = 8,570793
Resulting gain: 0.6395472955555022
Projecting...
Writing file D:\DOTTORATO\PROGETTI\PAULLILATINO\PAPER_2\SDM_R_PROJECT\SDM_biomod2\Phytophthora\models\20240501_1705_06\Phytophthora_PA3_RUN6_MAXENT_outputs\Phytophthora_PA3_RUN6.asc
Time since start: 13.776
Writing D:\DOTTORATO\PROGETTI\PAULLILATINO\PAPER_2\SDM_R_PROJECT\SDM_biomod2\Phytophthora\models\20240501_1705_06\Phytophthora_PA3_RUN6_MAXENT_outputs\plots\Phytophthora_PA3_RUN6.png
Projecting...
Reading file Pred_swd.csv
readGrid: max memory 477626368, total allocated 145227776, free 90510384, used 54717392, increment 30786008
Writing file D:\DOTTORATO\PROGETTI\PAULLILATINO\PAPER_2\SDM_R_PROJECT\SDM_biomod2\Phytophthora\models\20240501_1705_06\Phytophthora_PA3_RUN6_MAXENT_outputs\Phytophthora_PA3_RUN6_Pred_swd.csv
Writing file D:\DOTTORATO\PROGETTI\PAULLILATINO\PAPER_2\SDM_R_PROJECT\SDM_biomod2\Phytophthora\models\20240501_1705_06\Phytophthora_PA3_RUN6_MAXENT_outputs\Phytophthora_PA3_RUN6_Pred_swd_clamping.csv
Time since start: 14.92
Ending
