Wed Jul 17 15:57:21 CEST 2024
MaxEnt version 3.4.4
Reading file Back_swd.csv
readGrid: max memory 477626368, total allocated 128974848, free 115326352, used 13648496, increment 13648496
Reading samples from Sp_swd.csv
Read samples: max memory 477626368, total allocated 128974848, free 106809224, used 22165624, increment 8517128
Making features
makeFeatures: max memory 477626368, total allocated 128974848, free 103726088, used 25248760, increment 3083136
Command line used:  environmentallayers=D:/DOTTORATO/PROGETTI/PAULLILATINO/PAPER_2/SDM_R_PROJECT/SDM_biomod2_50m/Phytophthora/models/20240717_1526_17/Phytophthora_PA3_allRun_MAXENT_outputs/Back_swd.csv samplesfile=D:/DOTTORATO/PROGETTI/PAULLILATINO/PAPER_2/SDM_R_PROJECT/SDM_biomod2_50m/Phytophthora/models/20240717_1526_17/Phytophthora_PA3_allRun_MAXENT_outputs/Sp_swd.csv projectionlayers=D:/DOTTORATO/PROGETTI/PAULLILATINO/PAPER_2/SDM_R_PROJECT/SDM_biomod2_50m/Phytophthora/models/20240717_1526_17/Phytophthora_PA3_allRun_MAXENT_outputs/Predictions/Pred_swd.csv outputdirectory=D:/DOTTORATO/PROGETTI/PAULLILATINO/PAPER_2/SDM_R_PROJECT/SDM_biomod2_50m/Phytophthora/models/20240717_1526_17/Phytophthora_PA3_allRun_MAXENT_outputs outputformat=logistic redoifexists visible=FALSE linear=TRUE quadratic=TRUE product=TRUE threshold=TRUE hinge=TRUE lq2lqptthreshold=80 l2lqthreshold=10 hingethreshold=15 beta_threshold=-1 beta_categorical=-1 beta_lqp=-1 beta_hinge=-1 betamultiplier=1 defaultprevalence=0.5 autorun nowarnings notooltips noaddsamplestobackground
Command line to repeat: java density.MaxEnt nowarnings noprefixes outputformat=logistic outputdirectory=D:/DOTTORATO/PROGETTI/PAULLILATINO/PAPER_2/SDM_R_PROJECT/SDM_biomod2_50m/Phytophthora/models/20240717_1526_17/Phytophthora_PA3_allRun_MAXENT_outputs projectionlayers=D:/DOTTORATO/PROGETTI/PAULLILATINO/PAPER_2/SDM_R_PROJECT/SDM_biomod2_50m/Phytophthora/models/20240717_1526_17/Phytophthora_PA3_allRun_MAXENT_outputs/Predictions/Pred_swd.csv samplesfile=D:/DOTTORATO/PROGETTI/PAULLILATINO/PAPER_2/SDM_R_PROJECT/SDM_biomod2_50m/Phytophthora/models/20240717_1526_17/Phytophthora_PA3_allRun_MAXENT_outputs/Sp_swd.csv environmentallayers=D:/DOTTORATO/PROGETTI/PAULLILATINO/PAPER_2/SDM_R_PROJECT/SDM_biomod2_50m/Phytophthora/models/20240717_1526_17/Phytophthora_PA3_allRun_MAXENT_outputs/Back_swd.csv nowarnings notooltips noaskoverwrite threshold noaddsamplestobackground autorun novisible
Species: Phytophthora_PA3_allRun
Layers: BIO03 BIO06 BIO15 aspect bkd blue2023 dndvi fla nir2021 rivers roads slope soc texture tpi twi wo
Layertypes: Continuous Continuous Continuous Continuous Continuous Continuous Continuous Continuous Continuous Continuous Continuous Continuous Continuous Continuous Continuous Continuous Continuous
outputformat: logistic
outputdirectory: D:/DOTTORATO/PROGETTI/PAULLILATINO/PAPER_2/SDM_R_PROJECT/SDM_biomod2_50m/Phytophthora/models/20240717_1526_17/Phytophthora_PA3_allRun_MAXENT_outputs
projectionlayers: D:/DOTTORATO/PROGETTI/PAULLILATINO/PAPER_2/SDM_R_PROJECT/SDM_biomod2_50m/Phytophthora/models/20240717_1526_17/Phytophthora_PA3_allRun_MAXENT_outputs/Predictions/Pred_swd.csv
samplesfile: D:/DOTTORATO/PROGETTI/PAULLILATINO/PAPER_2/SDM_R_PROJECT/SDM_biomod2_50m/Phytophthora/models/20240717_1526_17/Phytophthora_PA3_allRun_MAXENT_outputs/Sp_swd.csv
environmentallayers: D:/DOTTORATO/PROGETTI/PAULLILATINO/PAPER_2/SDM_R_PROJECT/SDM_biomod2_50m/Phytophthora/models/20240717_1526_17/Phytophthora_PA3_allRun_MAXENT_outputs/Back_swd.csv
warnings: false
tooltips: false
askoverwrite: false
threshold: true
addsamplestobackground: false
autorun: true
visible: false

getSamples: max memory 477626368, total allocated 128974848, free 103726088, used 25248760, increment 0
Phytophthora_PA3_allRun: 
Regularization values: linear/quadratic/product: 0.247, categorical: 0.250, threshold: 1.690, hinge: 0.500
31 samples
Density: max memory 477626368, total allocated 128974848, free 97560296, used 31414552, increment 6165792
linearPredictor: max memory 477626368, total allocated 128974848, free 97560296, used 31414552, increment 0
FeaturedSpace: max memory 477626368, total allocated 128974848, free 97560296, used 31414552, increment 0
Sequential: max memory 477626368, total allocated 128974848, free 97560296, used 31414552, increment 0
Initial loss: 6.907755278982137
Time since start: 2.995
Terminated because gain exceeded 10000.0
240: time = 2,662000 loss = -1.052.655,043182
Resulting gain: 1052661.9509370076
Leaving out Equate entropy of thresholded and original distributions from threshold table, as uninitialized
Projecting...
Writing file D:\DOTTORATO\PROGETTI\PAULLILATINO\PAPER_2\SDM_R_PROJECT\SDM_biomod2_50m\Phytophthora\models\20240717_1526_17\Phytophthora_PA3_allRun_MAXENT_outputs\Phytophthora_PA3_allRun.csv
Projecting...
Reading file Pred_swd.csv
readGrid: max memory 477626368, total allocated 247463936, free 202723256, used 44740680, increment 13326128
Writing file D:\DOTTORATO\PROGETTI\PAULLILATINO\PAPER_2\SDM_R_PROJECT\SDM_biomod2_50m\Phytophthora\models\20240717_1526_17\Phytophthora_PA3_allRun_MAXENT_outputs\Phytophthora_PA3_allRun_Pred_swd.csv
Writing file D:\DOTTORATO\PROGETTI\PAULLILATINO\PAPER_2\SDM_R_PROJECT\SDM_biomod2_50m\Phytophthora\models\20240717_1526_17\Phytophthora_PA3_allRun_MAXENT_outputs\Phytophthora_PA3_allRun_Pred_swd_clamping.csv
Time since start: 4.342
Ending
