Thu May 09 10:33:29 CEST 2024
MaxEnt version 3.4.4
Reading file Back_swd.csv
readGrid: max memory 477626368, total allocated 128974848, free 115229208, used 13745640, increment 13745640
Reading samples from Sp_swd.csv
Read samples: max memory 477626368, total allocated 128974848, free 99552592, used 29422256, increment 15676616
Making features
makeFeatures: max memory 477626368, total allocated 128974848, free 97507824, used 31467024, increment 2044768
Command line used:  environmentallayers=D:/DOTTORATO/PROGETTI/PAULLILATINO/PAPER_2/SDM_R_PROJECT/SDM_biomod2_50m/Phytophthora/models/20240509_1032_15/Phytophthora_PA3_RUN1_MAXENT_outputs/Back_swd.csv samplesfile=D:/DOTTORATO/PROGETTI/PAULLILATINO/PAPER_2/SDM_R_PROJECT/SDM_biomod2_50m/Phytophthora/models/20240509_1032_15/Phytophthora_PA3_RUN1_MAXENT_outputs/Sp_swd.csv projectionlayers=D:/DOTTORATO/PROGETTI/PAULLILATINO/PAPER_2/SDM_R_PROJECT/SDM_biomod2_50m/Phytophthora/models/20240509_1032_15/Phytophthora_PA3_RUN1_MAXENT_outputs/Predictions/Pred_swd.csv outputdirectory=D:/DOTTORATO/PROGETTI/PAULLILATINO/PAPER_2/SDM_R_PROJECT/SDM_biomod2_50m/Phytophthora/models/20240509_1032_15/Phytophthora_PA3_RUN1_MAXENT_outputs outputformat=logistic redoifexists visible=FALSE linear=TRUE quadratic=TRUE product=TRUE threshold=TRUE hinge=TRUE lq2lqptthreshold=80 l2lqthreshold=10 hingethreshold=15 beta_threshold=-1 beta_categorical=-1 beta_lqp=-1 beta_hinge=-1 betamultiplier=1 defaultprevalence=0.5 autorun nowarnings notooltips noaddsamplestobackground
Command line to repeat: java density.MaxEnt nowarnings noprefixes outputformat=logistic outputdirectory=D:/DOTTORATO/PROGETTI/PAULLILATINO/PAPER_2/SDM_R_PROJECT/SDM_biomod2_50m/Phytophthora/models/20240509_1032_15/Phytophthora_PA3_RUN1_MAXENT_outputs projectionlayers=D:/DOTTORATO/PROGETTI/PAULLILATINO/PAPER_2/SDM_R_PROJECT/SDM_biomod2_50m/Phytophthora/models/20240509_1032_15/Phytophthora_PA3_RUN1_MAXENT_outputs/Predictions/Pred_swd.csv samplesfile=D:/DOTTORATO/PROGETTI/PAULLILATINO/PAPER_2/SDM_R_PROJECT/SDM_biomod2_50m/Phytophthora/models/20240509_1032_15/Phytophthora_PA3_RUN1_MAXENT_outputs/Sp_swd.csv environmentallayers=D:/DOTTORATO/PROGETTI/PAULLILATINO/PAPER_2/SDM_R_PROJECT/SDM_biomod2_50m/Phytophthora/models/20240509_1032_15/Phytophthora_PA3_RUN1_MAXENT_outputs/Back_swd.csv nowarnings notooltips noaskoverwrite threshold noaddsamplestobackground autorun novisible
Species: Phytophthora_PA3_RUN1
Layers: BIO16 aspect fla nitrogen rivers roads sand
Layertypes: Continuous Continuous Continuous Continuous Continuous Continuous Continuous
outputformat: logistic
outputdirectory: D:/DOTTORATO/PROGETTI/PAULLILATINO/PAPER_2/SDM_R_PROJECT/SDM_biomod2_50m/Phytophthora/models/20240509_1032_15/Phytophthora_PA3_RUN1_MAXENT_outputs
projectionlayers: D:/DOTTORATO/PROGETTI/PAULLILATINO/PAPER_2/SDM_R_PROJECT/SDM_biomod2_50m/Phytophthora/models/20240509_1032_15/Phytophthora_PA3_RUN1_MAXENT_outputs/Predictions/Pred_swd.csv
samplesfile: D:/DOTTORATO/PROGETTI/PAULLILATINO/PAPER_2/SDM_R_PROJECT/SDM_biomod2_50m/Phytophthora/models/20240509_1032_15/Phytophthora_PA3_RUN1_MAXENT_outputs/Sp_swd.csv
environmentallayers: D:/DOTTORATO/PROGETTI/PAULLILATINO/PAPER_2/SDM_R_PROJECT/SDM_biomod2_50m/Phytophthora/models/20240509_1032_15/Phytophthora_PA3_RUN1_MAXENT_outputs/Back_swd.csv
warnings: false
tooltips: false
askoverwrite: false
threshold: true
addsamplestobackground: false
autorun: true
visible: false

getSamples: max memory 477626368, total allocated 128974848, free 96809856, used 32164992, increment 697968
Phytophthora_PA3_RUN1: 
Regularization values: linear/quadratic/product: 0.184, categorical: 0.250, threshold: 1.470, hinge: 0.500
53 samples
Density: max memory 477626368, total allocated 128974848, free 94896128, used 34078720, increment 1913728
linearPredictor: max memory 477626368, total allocated 128974848, free 94896128, used 34078720, increment 0
FeaturedSpace: max memory 477626368, total allocated 128974848, free 94896128, used 34078720, increment 0
Sequential: max memory 477626368, total allocated 128974848, free 94896128, used 34078720, increment 0
Initial loss: 6.684611727667927
Time since start: 1.495
500: time = 1,274000 loss = 6,115130
Resulting gain: 0.5694813270211956
Time since start: 2.511
Projecting...
Writing file D:\DOTTORATO\PROGETTI\PAULLILATINO\PAPER_2\SDM_R_PROJECT\SDM_biomod2_50m\Phytophthora\models\20240509_1032_15\Phytophthora_PA3_RUN1_MAXENT_outputs\Phytophthora_PA3_RUN1.csv
Projecting...
Reading file Pred_swd.csv
readGrid: max memory 477626368, total allocated 263716864, free 90847192, used 172869672, increment 138790952
Writing file D:\DOTTORATO\PROGETTI\PAULLILATINO\PAPER_2\SDM_R_PROJECT\SDM_biomod2_50m\Phytophthora\models\20240509_1032_15\Phytophthora_PA3_RUN1_MAXENT_outputs\Phytophthora_PA3_RUN1_Pred_swd.csv
Writing file D:\DOTTORATO\PROGETTI\PAULLILATINO\PAPER_2\SDM_R_PROJECT\SDM_biomod2_50m\Phytophthora\models\20240509_1032_15\Phytophthora_PA3_RUN1_MAXENT_outputs\Phytophthora_PA3_RUN1_Pred_swd_clamping.csv
Ending
