Wed May 29 16:46:40 CEST 2024
MaxEnt version 3.4.4
Reading file Back_swd.csv
readGrid: max memory 477626368, total allocated 128974848, free 116011304, used 12963544, increment 12963544
Warning: File Back_swd.csv has value -9999, treating as no-data value
Reading samples from Sp_swd.csv
Read samples: max memory 477626368, total allocated 128974848, free 119095456, used 9879392, increment -3084152
Making features
makeFeatures: max memory 477626368, total allocated 128974848, free 116709024, used 12265824, increment 2386432
Command line used:  environmentallayers=D:/DOTTORATO/PROGETTI/PAULLILATINO/PAPER_2/SDM_R_PROJECT/SDM_biomod2_50m/Phytophthora/models/20240529_1637_51/Phytophthora_PA3_RUN4_MAXENT_outputs/Back_swd.csv samplesfile=D:/DOTTORATO/PROGETTI/PAULLILATINO/PAPER_2/SDM_R_PROJECT/SDM_biomod2_50m/Phytophthora/models/20240529_1637_51/Phytophthora_PA3_RUN4_MAXENT_outputs/Sp_swd.csv projectionlayers=D:/DOTTORATO/PROGETTI/PAULLILATINO/PAPER_2/SDM_R_PROJECT/SDM_biomod2_50m/Phytophthora/models/20240529_1637_51/Phytophthora_PA3_RUN4_MAXENT_outputs/Predictions/Pred_swd.csv outputdirectory=D:/DOTTORATO/PROGETTI/PAULLILATINO/PAPER_2/SDM_R_PROJECT/SDM_biomod2_50m/Phytophthora/models/20240529_1637_51/Phytophthora_PA3_RUN4_MAXENT_outputs outputformat=logistic redoifexists visible=FALSE linear=TRUE quadratic=TRUE product=TRUE threshold=TRUE hinge=TRUE lq2lqptthreshold=80 l2lqthreshold=10 hingethreshold=15 beta_threshold=-1 beta_categorical=-1 beta_lqp=-1 beta_hinge=-1 betamultiplier=1 defaultprevalence=0.5 autorun nowarnings notooltips noaddsamplestobackground
Command line to repeat: java density.MaxEnt nowarnings noprefixes outputformat=logistic outputdirectory=D:/DOTTORATO/PROGETTI/PAULLILATINO/PAPER_2/SDM_R_PROJECT/SDM_biomod2_50m/Phytophthora/models/20240529_1637_51/Phytophthora_PA3_RUN4_MAXENT_outputs projectionlayers=D:/DOTTORATO/PROGETTI/PAULLILATINO/PAPER_2/SDM_R_PROJECT/SDM_biomod2_50m/Phytophthora/models/20240529_1637_51/Phytophthora_PA3_RUN4_MAXENT_outputs/Predictions/Pred_swd.csv samplesfile=D:/DOTTORATO/PROGETTI/PAULLILATINO/PAPER_2/SDM_R_PROJECT/SDM_biomod2_50m/Phytophthora/models/20240529_1637_51/Phytophthora_PA3_RUN4_MAXENT_outputs/Sp_swd.csv environmentallayers=D:/DOTTORATO/PROGETTI/PAULLILATINO/PAPER_2/SDM_R_PROJECT/SDM_biomod2_50m/Phytophthora/models/20240529_1637_51/Phytophthora_PA3_RUN4_MAXENT_outputs/Back_swd.csv nowarnings notooltips noaskoverwrite threshold noaddsamplestobackground autorun novisible
Species: Phytophthora_PA3_RUN4
Layers: BIO03 BIO04 BIO06 aspect bkd fla green rivers roads slope soc texture tpi twi wo
Layertypes: Continuous Continuous Continuous Continuous Continuous Continuous Continuous Continuous Continuous Continuous Continuous Continuous Continuous Continuous Continuous
outputformat: logistic
outputdirectory: D:/DOTTORATO/PROGETTI/PAULLILATINO/PAPER_2/SDM_R_PROJECT/SDM_biomod2_50m/Phytophthora/models/20240529_1637_51/Phytophthora_PA3_RUN4_MAXENT_outputs
projectionlayers: D:/DOTTORATO/PROGETTI/PAULLILATINO/PAPER_2/SDM_R_PROJECT/SDM_biomod2_50m/Phytophthora/models/20240529_1637_51/Phytophthora_PA3_RUN4_MAXENT_outputs/Predictions/Pred_swd.csv
samplesfile: D:/DOTTORATO/PROGETTI/PAULLILATINO/PAPER_2/SDM_R_PROJECT/SDM_biomod2_50m/Phytophthora/models/20240529_1637_51/Phytophthora_PA3_RUN4_MAXENT_outputs/Sp_swd.csv
environmentallayers: D:/DOTTORATO/PROGETTI/PAULLILATINO/PAPER_2/SDM_R_PROJECT/SDM_biomod2_50m/Phytophthora/models/20240529_1637_51/Phytophthora_PA3_RUN4_MAXENT_outputs/Back_swd.csv
warnings: false
tooltips: false
askoverwrite: false
threshold: true
addsamplestobackground: false
autorun: true
visible: false

getSamples: max memory 477626368, total allocated 128974848, free 116709024, used 12265824, increment 0
Phytophthora_PA3_RUN4: 
Regularization values: linear/quadratic/product: 0.346, categorical: 0.250, threshold: 1.750, hinge: 0.500
25 samples
Density: max memory 477626368, total allocated 128974848, free 113292984, used 15681864, increment 3416040
linearPredictor: max memory 477626368, total allocated 128974848, free 113292984, used 15681864, increment 0
FeaturedSpace: max memory 477626368, total allocated 128974848, free 113292984, used 15681864, increment 0
Sequential: max memory 477626368, total allocated 128974848, free 112596088, used 16378760, increment 696896
Initial loss: 6.670766320845874
Time since start: 2.152
500: time = 1,987000 loss = 5,869771
Resulting gain: 0.8009958050266057
Projecting...
Writing file D:\DOTTORATO\PROGETTI\PAULLILATINO\PAPER_2\SDM_R_PROJECT\SDM_biomod2_50m\Phytophthora\models\20240529_1637_51\Phytophthora_PA3_RUN4_MAXENT_outputs\Phytophthora_PA3_RUN4.csv
Projecting...
Reading file Pred_swd.csv
readGrid: max memory 477626368, total allocated 231735296, free 183596280, used 48139016, increment 31760256
Warning: File Pred_swd.csv has value -9999, treating as no-data value
Writing file D:\DOTTORATO\PROGETTI\PAULLILATINO\PAPER_2\SDM_R_PROJECT\SDM_biomod2_50m\Phytophthora\models\20240529_1637_51\Phytophthora_PA3_RUN4_MAXENT_outputs\Phytophthora_PA3_RUN4_Pred_swd.csv
Writing file D:\DOTTORATO\PROGETTI\PAULLILATINO\PAPER_2\SDM_R_PROJECT\SDM_biomod2_50m\Phytophthora\models\20240529_1637_51\Phytophthora_PA3_RUN4_MAXENT_outputs\Phytophthora_PA3_RUN4_Pred_swd_clamping.csv
Ending
