Wed Jul 17 15:36:29 CEST 2024
MaxEnt version 3.4.4
Reading file Back_swd.csv
readGrid: max memory 477626368, total allocated 128974848, free 115326632, used 13648216, increment 13648216
Reading samples from Sp_swd.csv
Read samples: max memory 477626368, total allocated 128974848, free 114981616, used 13993232, increment 345016
Making features
makeFeatures: max memory 477626368, total allocated 128974848, free 111909208, used 17065640, increment 3072408
Command line used:  environmentallayers=D:/DOTTORATO/PROGETTI/PAULLILATINO/PAPER_2/SDM_R_PROJECT/SDM_biomod2_50m/Phytophthora/models/20240717_1526_17/Phytophthora_PA3_RUN4_MAXENT_outputs/Back_swd.csv samplesfile=D:/DOTTORATO/PROGETTI/PAULLILATINO/PAPER_2/SDM_R_PROJECT/SDM_biomod2_50m/Phytophthora/models/20240717_1526_17/Phytophthora_PA3_RUN4_MAXENT_outputs/Sp_swd.csv projectionlayers=D:/DOTTORATO/PROGETTI/PAULLILATINO/PAPER_2/SDM_R_PROJECT/SDM_biomod2_50m/Phytophthora/models/20240717_1526_17/Phytophthora_PA3_RUN4_MAXENT_outputs/Predictions/Pred_swd.csv outputdirectory=D:/DOTTORATO/PROGETTI/PAULLILATINO/PAPER_2/SDM_R_PROJECT/SDM_biomod2_50m/Phytophthora/models/20240717_1526_17/Phytophthora_PA3_RUN4_MAXENT_outputs outputformat=logistic redoifexists visible=FALSE linear=TRUE quadratic=TRUE product=TRUE threshold=TRUE hinge=TRUE lq2lqptthreshold=80 l2lqthreshold=10 hingethreshold=15 beta_threshold=-1 beta_categorical=-1 beta_lqp=-1 beta_hinge=-1 betamultiplier=1 defaultprevalence=0.5 autorun nowarnings notooltips noaddsamplestobackground
Command line to repeat: java density.MaxEnt nowarnings noprefixes outputformat=logistic outputdirectory=D:/DOTTORATO/PROGETTI/PAULLILATINO/PAPER_2/SDM_R_PROJECT/SDM_biomod2_50m/Phytophthora/models/20240717_1526_17/Phytophthora_PA3_RUN4_MAXENT_outputs projectionlayers=D:/DOTTORATO/PROGETTI/PAULLILATINO/PAPER_2/SDM_R_PROJECT/SDM_biomod2_50m/Phytophthora/models/20240717_1526_17/Phytophthora_PA3_RUN4_MAXENT_outputs/Predictions/Pred_swd.csv samplesfile=D:/DOTTORATO/PROGETTI/PAULLILATINO/PAPER_2/SDM_R_PROJECT/SDM_biomod2_50m/Phytophthora/models/20240717_1526_17/Phytophthora_PA3_RUN4_MAXENT_outputs/Sp_swd.csv environmentallayers=D:/DOTTORATO/PROGETTI/PAULLILATINO/PAPER_2/SDM_R_PROJECT/SDM_biomod2_50m/Phytophthora/models/20240717_1526_17/Phytophthora_PA3_RUN4_MAXENT_outputs/Back_swd.csv nowarnings notooltips noaskoverwrite threshold noaddsamplestobackground autorun novisible
Species: Phytophthora_PA3_RUN4
Layers: BIO03 BIO06 BIO15 aspect bkd blue2023 dndvi fla nir2021 rivers roads slope soc texture tpi twi wo
Layertypes: Continuous Continuous Continuous Continuous Continuous Continuous Continuous Continuous Continuous Continuous Continuous Continuous Continuous Continuous Continuous Continuous Continuous
outputformat: logistic
outputdirectory: D:/DOTTORATO/PROGETTI/PAULLILATINO/PAPER_2/SDM_R_PROJECT/SDM_biomod2_50m/Phytophthora/models/20240717_1526_17/Phytophthora_PA3_RUN4_MAXENT_outputs
projectionlayers: D:/DOTTORATO/PROGETTI/PAULLILATINO/PAPER_2/SDM_R_PROJECT/SDM_biomod2_50m/Phytophthora/models/20240717_1526_17/Phytophthora_PA3_RUN4_MAXENT_outputs/Predictions/Pred_swd.csv
samplesfile: D:/DOTTORATO/PROGETTI/PAULLILATINO/PAPER_2/SDM_R_PROJECT/SDM_biomod2_50m/Phytophthora/models/20240717_1526_17/Phytophthora_PA3_RUN4_MAXENT_outputs/Sp_swd.csv
environmentallayers: D:/DOTTORATO/PROGETTI/PAULLILATINO/PAPER_2/SDM_R_PROJECT/SDM_biomod2_50m/Phytophthora/models/20240717_1526_17/Phytophthora_PA3_RUN4_MAXENT_outputs/Back_swd.csv
warnings: false
tooltips: false
askoverwrite: false
threshold: true
addsamplestobackground: false
autorun: true
visible: false

getSamples: max memory 477626368, total allocated 128974848, free 111909208, used 17065640, increment 0
Phytophthora_PA3_RUN4: 
Regularization values: linear/quadratic/product: 0.346, categorical: 0.250, threshold: 1.750, hinge: 0.500
25 samples
Density: max memory 477626368, total allocated 128974848, free 106935544, used 22039304, increment 4973664
linearPredictor: max memory 477626368, total allocated 128974848, free 106935544, used 22039304, increment 0
FeaturedSpace: max memory 477626368, total allocated 128974848, free 106935544, used 22039304, increment 0
Sequential: max memory 477626368, total allocated 128974848, free 106935544, used 22039304, increment 0
Initial loss: 6.684611727667927
Time since start: 4.151
500: time = 3,869000 loss = -208,292565
Resulting gain: 214.97717705271805
Time since start: 5.248
Projecting...
Writing file D:\DOTTORATO\PROGETTI\PAULLILATINO\PAPER_2\SDM_R_PROJECT\SDM_biomod2_50m\Phytophthora\models\20240717_1526_17\Phytophthora_PA3_RUN4_MAXENT_outputs\Phytophthora_PA3_RUN4.csv
Projecting...
Reading file Pred_swd.csv
readGrid: max memory 477626368, total allocated 224395264, free 204116576, used 20278688, increment -1760616
Writing file D:\DOTTORATO\PROGETTI\PAULLILATINO\PAPER_2\SDM_R_PROJECT\SDM_biomod2_50m\Phytophthora\models\20240717_1526_17\Phytophthora_PA3_RUN4_MAXENT_outputs\Phytophthora_PA3_RUN4_Pred_swd.csv
Writing file D:\DOTTORATO\PROGETTI\PAULLILATINO\PAPER_2\SDM_R_PROJECT\SDM_biomod2_50m\Phytophthora\models\20240717_1526_17\Phytophthora_PA3_RUN4_MAXENT_outputs\Phytophthora_PA3_RUN4_Pred_swd_clamping.csv
Ending
