Tue May 07 09:41:11 CEST 2024
MaxEnt version 3.4.4
Reading file Back_swd.csv
readGrid: max memory 477626368, total allocated 128974848, free 115842104, used 13132744, increment 13132744
Reading samples from Sp_swd.csv
Read samples: max memory 477626368, total allocated 128974848, free 97423000, used 31551848, increment 18419104
Making features
makeFeatures: max memory 477626368, total allocated 128974848, free 95378224, used 33596624, increment 2044776
Command line used:  environmentallayers=D:/DOTTORATO/PROGETTI/PAULLILATINO/PAPER_2/SDM_R_PROJECT/SDM_biomod2_50m/Phytophthora/models/20240507_0940_20/Phytophthora_PA3_RUN1_MAXENT_outputs/Back_swd.csv samplesfile=D:/DOTTORATO/PROGETTI/PAULLILATINO/PAPER_2/SDM_R_PROJECT/SDM_biomod2_50m/Phytophthora/models/20240507_0940_20/Phytophthora_PA3_RUN1_MAXENT_outputs/Sp_swd.csv projectionlayers=D:/DOTTORATO/PROGETTI/PAULLILATINO/PAPER_2/SDM_R_PROJECT/SDM_biomod2_50m/Phytophthora/models/20240507_0940_20/Phytophthora_PA3_RUN1_MAXENT_outputs/Predictions/Pred_swd.csv outputdirectory=D:/DOTTORATO/PROGETTI/PAULLILATINO/PAPER_2/SDM_R_PROJECT/SDM_biomod2_50m/Phytophthora/models/20240507_0940_20/Phytophthora_PA3_RUN1_MAXENT_outputs outputformat=logistic redoifexists visible=FALSE linear=TRUE quadratic=TRUE product=TRUE threshold=TRUE hinge=TRUE lq2lqptthreshold=80 l2lqthreshold=10 hingethreshold=15 beta_threshold=-1 beta_categorical=-1 beta_lqp=-1 beta_hinge=-1 betamultiplier=1 defaultprevalence=0.5 autorun nowarnings notooltips noaddsamplestobackground
Command line to repeat: java density.MaxEnt nowarnings noprefixes outputformat=logistic outputdirectory=D:/DOTTORATO/PROGETTI/PAULLILATINO/PAPER_2/SDM_R_PROJECT/SDM_biomod2_50m/Phytophthora/models/20240507_0940_20/Phytophthora_PA3_RUN1_MAXENT_outputs projectionlayers=D:/DOTTORATO/PROGETTI/PAULLILATINO/PAPER_2/SDM_R_PROJECT/SDM_biomod2_50m/Phytophthora/models/20240507_0940_20/Phytophthora_PA3_RUN1_MAXENT_outputs/Predictions/Pred_swd.csv samplesfile=D:/DOTTORATO/PROGETTI/PAULLILATINO/PAPER_2/SDM_R_PROJECT/SDM_biomod2_50m/Phytophthora/models/20240507_0940_20/Phytophthora_PA3_RUN1_MAXENT_outputs/Sp_swd.csv environmentallayers=D:/DOTTORATO/PROGETTI/PAULLILATINO/PAPER_2/SDM_R_PROJECT/SDM_biomod2_50m/Phytophthora/models/20240507_0940_20/Phytophthora_PA3_RUN1_MAXENT_outputs/Back_swd.csv nowarnings notooltips noaskoverwrite threshold noaddsamplestobackground autorun novisible
Species: Phytophthora_PA3_RUN1
Layers: BIO16 aspect fla nitrogen rivers roads sand
Layertypes: Continuous Continuous Continuous Continuous Continuous Continuous Continuous
outputformat: logistic
outputdirectory: D:/DOTTORATO/PROGETTI/PAULLILATINO/PAPER_2/SDM_R_PROJECT/SDM_biomod2_50m/Phytophthora/models/20240507_0940_20/Phytophthora_PA3_RUN1_MAXENT_outputs
projectionlayers: D:/DOTTORATO/PROGETTI/PAULLILATINO/PAPER_2/SDM_R_PROJECT/SDM_biomod2_50m/Phytophthora/models/20240507_0940_20/Phytophthora_PA3_RUN1_MAXENT_outputs/Predictions/Pred_swd.csv
samplesfile: D:/DOTTORATO/PROGETTI/PAULLILATINO/PAPER_2/SDM_R_PROJECT/SDM_biomod2_50m/Phytophthora/models/20240507_0940_20/Phytophthora_PA3_RUN1_MAXENT_outputs/Sp_swd.csv
environmentallayers: D:/DOTTORATO/PROGETTI/PAULLILATINO/PAPER_2/SDM_R_PROJECT/SDM_biomod2_50m/Phytophthora/models/20240507_0940_20/Phytophthora_PA3_RUN1_MAXENT_outputs/Back_swd.csv
warnings: false
tooltips: false
askoverwrite: false
threshold: true
addsamplestobackground: false
autorun: true
visible: false

getSamples: max memory 477626368, total allocated 128974848, free 95378224, used 33596624, increment 0
Phytophthora_PA3_RUN1: 
Regularization values: linear/quadratic/product: 0.196, categorical: 0.250, threshold: 1.510, hinge: 0.500
49 samples
Density: max memory 477626368, total allocated 128974848, free 124244128, used 4730720, increment -28865904
linearPredictor: max memory 477626368, total allocated 128974848, free 124244128, used 4730720, increment 0
FeaturedSpace: max memory 477626368, total allocated 128974848, free 124244128, used 4730720, increment 0
Sequential: max memory 477626368, total allocated 128974848, free 124244128, used 4730720, increment 0
Initial loss: 6.684611727667927
Time since start: 1.573
500: time = 1,369000 loss = 5,897604
Resulting gain: 0.7870078959744511
Projecting...
Writing file D:\DOTTORATO\PROGETTI\PAULLILATINO\PAPER_2\SDM_R_PROJECT\SDM_biomod2_50m\Phytophthora\models\20240507_0940_20\Phytophthora_PA3_RUN1_MAXENT_outputs\Phytophthora_PA3_RUN1.csv
Projecting...
Reading file Pred_swd.csv
readGrid: max memory 477626368, total allocated 264765440, free 91744296, used 173021144, increment 168290424
Writing file D:\DOTTORATO\PROGETTI\PAULLILATINO\PAPER_2\SDM_R_PROJECT\SDM_biomod2_50m\Phytophthora\models\20240507_0940_20\Phytophthora_PA3_RUN1_MAXENT_outputs\Phytophthora_PA3_RUN1_Pred_swd.csv
Writing file D:\DOTTORATO\PROGETTI\PAULLILATINO\PAPER_2\SDM_R_PROJECT\SDM_biomod2_50m\Phytophthora\models\20240507_0940_20\Phytophthora_PA3_RUN1_MAXENT_outputs\Phytophthora_PA3_RUN1_Pred_swd_clamping.csv
Ending
