Tue Apr 30 13:42:01 CEST 2024
MaxEnt version 3.4.4
Checking header of D:\DOTTORATO\PROGETTI\PAULLILATINO\PAPER_2\SDM_R_PROJECT\SDM_biomod2\.\INPUT\RASTER\maxent_background_data\BIO16.asc
Checking header of D:\DOTTORATO\PROGETTI\PAULLILATINO\PAPER_2\SDM_R_PROJECT\SDM_biomod2\.\INPUT\RASTER\maxent_background_data\aspect.asc
Checking header of D:\DOTTORATO\PROGETTI\PAULLILATINO\PAPER_2\SDM_R_PROJECT\SDM_biomod2\.\INPUT\RASTER\maxent_background_data\fla.asc
Checking header of D:\DOTTORATO\PROGETTI\PAULLILATINO\PAPER_2\SDM_R_PROJECT\SDM_biomod2\.\INPUT\RASTER\maxent_background_data\nitrogen.asc
Checking header of D:\DOTTORATO\PROGETTI\PAULLILATINO\PAPER_2\SDM_R_PROJECT\SDM_biomod2\.\INPUT\RASTER\maxent_background_data\rivers.asc
Checking header of D:\DOTTORATO\PROGETTI\PAULLILATINO\PAPER_2\SDM_R_PROJECT\SDM_biomod2\.\INPUT\RASTER\maxent_background_data\roads.asc
Checking header of D:\DOTTORATO\PROGETTI\PAULLILATINO\PAPER_2\SDM_R_PROJECT\SDM_biomod2\.\INPUT\RASTER\maxent_background_data\sand.asc
Reading samples from Sp_swd.csv
Read samples: max memory 477626368, total allocated 128974848, free 114545680, used 14429168, increment 14429168
Extractor: max memory 477626368, total allocated 128974848, free 113182496, used 15792352, increment 1363184
Extracting random background and sample data
34930 points with values for all grids
Making features
makeFeatures: max memory 477626368, total allocated 128974848, free 105767792, used 23207056, increment 7414704
Command line used:  environmentallayers=./INPUT/RASTER/maxent_background_data samplesfile=D:/DOTTORATO/PROGETTI/PAULLILATINO/PAPER_2/SDM_R_PROJECT/SDM_biomod2/Phytophthora/models/20240430_1311_16/Phytophthora_PA3_RUN6_MAXENT_outputs/Sp_swd.csv projectionlayers=D:/DOTTORATO/PROGETTI/PAULLILATINO/PAPER_2/SDM_R_PROJECT/SDM_biomod2/Phytophthora/models/20240430_1311_16/Phytophthora_PA3_RUN6_MAXENT_outputs/Predictions/Pred_swd.csv outputdirectory=D:/DOTTORATO/PROGETTI/PAULLILATINO/PAPER_2/SDM_R_PROJECT/SDM_biomod2/Phytophthora/models/20240430_1311_16/Phytophthora_PA3_RUN6_MAXENT_outputs outputformat=logistic redoifexists visible=FALSE linear=TRUE quadratic=TRUE product=TRUE threshold=TRUE hinge=TRUE lq2lqptthreshold=80 l2lqthreshold=10 hingethreshold=15 beta_threshold=-1 beta_categorical=-1 beta_lqp=-1 beta_hinge=-1 betamultiplier=1 defaultprevalence=0.5 autorun nowarnings notooltips noaddsamplestobackground
Command line to repeat: java density.MaxEnt nowarnings noprefixes outputformat=logistic outputdirectory=D:/DOTTORATO/PROGETTI/PAULLILATINO/PAPER_2/SDM_R_PROJECT/SDM_biomod2/Phytophthora/models/20240430_1311_16/Phytophthora_PA3_RUN6_MAXENT_outputs projectionlayers=D:/DOTTORATO/PROGETTI/PAULLILATINO/PAPER_2/SDM_R_PROJECT/SDM_biomod2/Phytophthora/models/20240430_1311_16/Phytophthora_PA3_RUN6_MAXENT_outputs/Predictions/Pred_swd.csv samplesfile=D:/DOTTORATO/PROGETTI/PAULLILATINO/PAPER_2/SDM_R_PROJECT/SDM_biomod2/Phytophthora/models/20240430_1311_16/Phytophthora_PA3_RUN6_MAXENT_outputs/Sp_swd.csv environmentallayers=./INPUT/RASTER/maxent_background_data nowarnings notooltips noaskoverwrite threshold noaddsamplestobackground autorun novisible
Species: Phytophthora_PA3_RUN6
Layers: BIO16 aspect fla nitrogen rivers roads sand
Layertypes: Continuous Continuous Continuous Continuous Continuous Continuous Continuous
outputformat: logistic
outputdirectory: D:/DOTTORATO/PROGETTI/PAULLILATINO/PAPER_2/SDM_R_PROJECT/SDM_biomod2/Phytophthora/models/20240430_1311_16/Phytophthora_PA3_RUN6_MAXENT_outputs
projectionlayers: D:/DOTTORATO/PROGETTI/PAULLILATINO/PAPER_2/SDM_R_PROJECT/SDM_biomod2/Phytophthora/models/20240430_1311_16/Phytophthora_PA3_RUN6_MAXENT_outputs/Predictions/Pred_swd.csv
samplesfile: D:/DOTTORATO/PROGETTI/PAULLILATINO/PAPER_2/SDM_R_PROJECT/SDM_biomod2/Phytophthora/models/20240430_1311_16/Phytophthora_PA3_RUN6_MAXENT_outputs/Sp_swd.csv
environmentallayers: ./INPUT/RASTER/maxent_background_data
warnings: false
tooltips: false
askoverwrite: false
threshold: true
addsamplestobackground: false
autorun: true
visible: false

getSamples: max memory 477626368, total allocated 128974848, free 105083624, used 23891224, increment 684168
Phytophthora_PA3_RUN6: 
Regularization values: linear/quadratic/product: 0.170, categorical: 0.250, threshold: 1.420, hinge: 0.500
58 samples
Density: max memory 477626368, total allocated 128974848, free 104960096, used 24014752, increment 123528
linearPredictor: max memory 477626368, total allocated 128974848, free 104212672, used 24762176, increment 747424
FeaturedSpace: max memory 477626368, total allocated 128974848, free 104212672, used 24762176, increment 0
Sequential: max memory 477626368, total allocated 128974848, free 104212672, used 24762176, increment 0
Initial loss: 9.210340371976184
Time since start: 11.0
500: time = 10,577000 loss = 8,701445
Resulting gain: 0.5088949009247621
Projecting...
Writing file D:\DOTTORATO\PROGETTI\PAULLILATINO\PAPER_2\SDM_R_PROJECT\SDM_biomod2\Phytophthora\models\20240430_1311_16\Phytophthora_PA3_RUN6_MAXENT_outputs\Phytophthora_PA3_RUN6.asc
Time since start: 12.046
Writing D:\DOTTORATO\PROGETTI\PAULLILATINO\PAPER_2\SDM_R_PROJECT\SDM_biomod2\Phytophthora\models\20240430_1311_16\Phytophthora_PA3_RUN6_MAXENT_outputs\plots\Phytophthora_PA3_RUN6.png
Projecting...
Reading file Pred_swd.csv
readGrid: max memory 477626368, total allocated 125304832, free 76760872, used 48543960, increment 23781784
Writing file D:\DOTTORATO\PROGETTI\PAULLILATINO\PAPER_2\SDM_R_PROJECT\SDM_biomod2\Phytophthora\models\20240430_1311_16\Phytophthora_PA3_RUN6_MAXENT_outputs\Phytophthora_PA3_RUN6_Pred_swd.csv
Writing file D:\DOTTORATO\PROGETTI\PAULLILATINO\PAPER_2\SDM_R_PROJECT\SDM_biomod2\Phytophthora\models\20240430_1311_16\Phytophthora_PA3_RUN6_MAXENT_outputs\Phytophthora_PA3_RUN6_Pred_swd_clamping.csv
Ending
