Wed Jul 03 12:19:54 CEST 2024
MaxEnt version 3.4.4
Reading file Back_swd.csv
readGrid: max memory 477626368, total allocated 128974848, free 106043992, used 22930856, increment 22930856
Reading samples from Sp_swd.csv
Read samples: max memory 477626368, total allocated 128974848, free 115961608, used 13013240, increment -9917616
Making features
makeFeatures: max memory 477626368, total allocated 128974848, free 115038512, used 13936336, increment 923096
Command line used:  environmentallayers=D:/DOTTORATO/PROGETTI/PAULLILATINO/PAPER_2/SDM_R_PROJECT/SDM_biomod2_50m/Phytophthora/models/20240703_1154_02/Phytophthora_PA13_RUN4_MAXENT_outputs/Back_swd.csv samplesfile=D:/DOTTORATO/PROGETTI/PAULLILATINO/PAPER_2/SDM_R_PROJECT/SDM_biomod2_50m/Phytophthora/models/20240703_1154_02/Phytophthora_PA13_RUN4_MAXENT_outputs/Sp_swd.csv projectionlayers=D:/DOTTORATO/PROGETTI/PAULLILATINO/PAPER_2/SDM_R_PROJECT/SDM_biomod2_50m/Phytophthora/models/20240703_1154_02/Phytophthora_PA13_RUN4_MAXENT_outputs/Predictions/Pred_swd.csv outputdirectory=D:/DOTTORATO/PROGETTI/PAULLILATINO/PAPER_2/SDM_R_PROJECT/SDM_biomod2_50m/Phytophthora/models/20240703_1154_02/Phytophthora_PA13_RUN4_MAXENT_outputs outputformat=logistic redoifexists visible=TRUE linear=TRUE quadratic=TRUE product=TRUE threshold=TRUE hinge=TRUE lq2lqptthreshold=80 l2lqthreshold=10 hingethreshold=15 beta_threshold=0 beta_categorical=-1 beta_lqp=-1 beta_hinge=-1 betamultiplier=1 defaultprevalence=0.5 autorun nowarnings notooltips noaddsamplestobackground
Command line to repeat: java density.MaxEnt nowarnings noprefixes outputformat=logistic outputdirectory=D:/DOTTORATO/PROGETTI/PAULLILATINO/PAPER_2/SDM_R_PROJECT/SDM_biomod2_50m/Phytophthora/models/20240703_1154_02/Phytophthora_PA13_RUN4_MAXENT_outputs projectionlayers=D:/DOTTORATO/PROGETTI/PAULLILATINO/PAPER_2/SDM_R_PROJECT/SDM_biomod2_50m/Phytophthora/models/20240703_1154_02/Phytophthora_PA13_RUN4_MAXENT_outputs/Predictions/Pred_swd.csv samplesfile=D:/DOTTORATO/PROGETTI/PAULLILATINO/PAPER_2/SDM_R_PROJECT/SDM_biomod2_50m/Phytophthora/models/20240703_1154_02/Phytophthora_PA13_RUN4_MAXENT_outputs/Sp_swd.csv environmentallayers=D:/DOTTORATO/PROGETTI/PAULLILATINO/PAPER_2/SDM_R_PROJECT/SDM_biomod2_50m/Phytophthora/models/20240703_1154_02/Phytophthora_PA13_RUN4_MAXENT_outputs/Back_swd.csv nowarnings notooltips noaskoverwrite threshold noaddsamplestobackground autorun beta_threshold=0.0
Species: Phytophthora_PA13_RUN4
Layers: BIO03 BIO06 fla green rivers roads soc wo
Layertypes: Continuous Continuous Continuous Continuous Continuous Continuous Continuous Continuous
outputformat: logistic
outputdirectory: D:/DOTTORATO/PROGETTI/PAULLILATINO/PAPER_2/SDM_R_PROJECT/SDM_biomod2_50m/Phytophthora/models/20240703_1154_02/Phytophthora_PA13_RUN4_MAXENT_outputs
projectionlayers: D:/DOTTORATO/PROGETTI/PAULLILATINO/PAPER_2/SDM_R_PROJECT/SDM_biomod2_50m/Phytophthora/models/20240703_1154_02/Phytophthora_PA13_RUN4_MAXENT_outputs/Predictions/Pred_swd.csv
samplesfile: D:/DOTTORATO/PROGETTI/PAULLILATINO/PAPER_2/SDM_R_PROJECT/SDM_biomod2_50m/Phytophthora/models/20240703_1154_02/Phytophthora_PA13_RUN4_MAXENT_outputs/Sp_swd.csv
environmentallayers: D:/DOTTORATO/PROGETTI/PAULLILATINO/PAPER_2/SDM_R_PROJECT/SDM_biomod2_50m/Phytophthora/models/20240703_1154_02/Phytophthora_PA13_RUN4_MAXENT_outputs/Back_swd.csv
warnings: false
tooltips: false
askoverwrite: false
threshold: true
addsamplestobackground: false
autorun: true
beta_threshold: 0.0

getSamples: max memory 477626368, total allocated 128974848, free 114575592, used 14399256, increment 462920
Phytophthora_PA13_RUN4: 
Regularization values: linear/quadratic/product: 0.346, categorical: 0.250, threshold: 0.000, hinge: 0.500
25 samples
Density: max memory 477626368, total allocated 128974848, free 112249608, used 16725240, increment 2325984
linearPredictor: max memory 477626368, total allocated 128974848, free 112249608, used 16725240, increment 0
FeaturedSpace: max memory 477626368, total allocated 128974848, free 112249608, used 16725240, increment 0
Sequential: max memory 477626368, total allocated 128974848, free 112249608, used 16725240, increment 0
Initial loss: 6.684611727667927
Time since start: 2.216
300: time = 1,819000 loss = 5,930093
Resulting gain: 0.7545191422000013
Time since start: 3.812
Projecting...
Writing file D:\DOTTORATO\PROGETTI\PAULLILATINO\PAPER_2\SDM_R_PROJECT\SDM_biomod2_50m\Phytophthora\models\20240703_1154_02\Phytophthora_PA13_RUN4_MAXENT_outputs\Phytophthora_PA13_RUN4.csv
Projecting...
Reading file Pred_swd.csv
readGrid: max memory 477626368, total allocated 235929600, free 179065592, used 56864008, increment 40138768
Writing file D:\DOTTORATO\PROGETTI\PAULLILATINO\PAPER_2\SDM_R_PROJECT\SDM_biomod2_50m\Phytophthora\models\20240703_1154_02\Phytophthora_PA13_RUN4_MAXENT_outputs\Phytophthora_PA13_RUN4_Pred_swd.csv
Writing file D:\DOTTORATO\PROGETTI\PAULLILATINO\PAPER_2\SDM_R_PROJECT\SDM_biomod2_50m\Phytophthora\models\20240703_1154_02\Phytophthora_PA13_RUN4_MAXENT_outputs\Phytophthora_PA13_RUN4_Pred_swd_clamping.csv
Ending
